<?xml version="1.0" encoding="UTF-8"?>
<coverage generated="1769520067293" clover="3.2.0">
  <project timestamp="1769520067293" name="All files">
    <metrics statements="814" coveredstatements="475" conditionals="492" coveredconditionals="340" methods="239" coveredmethods="154" elements="1545" coveredelements="969" complexity="0" loc="814" ncloc="814" packages="6" files="25" classes="25"/>
    <package name="components">
      <metrics statements="130" coveredstatements="128" conditionals="200" coveredconditionals="186" methods="51" coveredmethods="50"/>
      <file name="Calendar.tsx" path="/home/runner/work/workout-native/workout-native/components/Calendar.tsx">
        <metrics statements="24" coveredstatements="24" conditionals="34" coveredconditionals="32" methods="4" coveredmethods="4"/>
        <line num="39" count="23" type="stmt"/>
        <line num="40" count="23" type="stmt"/>
        <line num="43" count="23" type="stmt"/>
        <line num="46" count="23" type="stmt"/>
        <line num="47" count="23" type="stmt"/>
        <line num="48" count="23" type="cond" truecount="2" falsecount="0"/>
        <line num="51" count="23" type="stmt"/>
        <line num="54" count="23" type="stmt"/>
        <line num="57" count="23" type="cond" truecount="2" falsecount="0"/>
        <line num="58" count="23" type="cond" truecount="2" falsecount="0"/>
        <line num="59" count="23" type="stmt"/>
        <line num="61" count="23" type="stmt"/>
        <line num="62" count="51" type="stmt"/>
        <line num="63" count="51" type="stmt"/>
        <line num="71" count="23" type="stmt"/>
        <line num="72" count="707" type="stmt"/>
        <line num="79" count="23" type="stmt"/>
        <line num="84" count="161" type="stmt"/>
        <line num="95" count="758" type="stmt"/>
        <line num="96" count="758" type="stmt"/>
        <line num="97" count="758" type="cond" truecount="2" falsecount="0"/>
        <line num="99" count="758" type="stmt"/>
        <line num="103" count="2" type="cond" truecount="4" falsecount="0"/>
        <line num="104" count="1" type="stmt"/>
      </file>
      <file name="ExerciseCardWithActions.tsx" path="/home/runner/work/workout-native/workout-native/components/ExerciseCardWithActions.tsx">
        <metrics statements="2" coveredstatements="1" conditionals="21" coveredconditionals="16" methods="2" coveredmethods="1"/>
        <line num="41" count="29" type="stmt"/>
        <line num="77" count="0" type="stmt"/>
      </file>
      <file name="ExerciseListItem.tsx" path="/home/runner/work/workout-native/workout-native/components/ExerciseListItem.tsx">
        <metrics statements="1" coveredstatements="1" conditionals="2" coveredconditionals="2" methods="1" coveredmethods="1"/>
        <line num="15" count="10" type="stmt"/>
      </file>
      <file name="ExercisePickerItem.tsx" path="/home/runner/work/workout-native/workout-native/components/ExercisePickerItem.tsx">
        <metrics statements="2" coveredstatements="2" conditionals="14" coveredconditionals="14" methods="2" coveredmethods="2"/>
        <line num="29" count="54" type="stmt"/>
        <line num="67" count="110" type="stmt"/>
      </file>
      <file name="MuscleGroupSection.tsx" path="/home/runner/work/workout-native/workout-native/components/MuscleGroupSection.tsx">
        <metrics statements="5" coveredstatements="5" conditionals="2" coveredconditionals="2" methods="4" coveredmethods="4"/>
        <line num="45" count="11" type="stmt"/>
        <line num="47" count="11" type="stmt"/>
        <line num="63" count="19" type="stmt"/>
        <line num="66" count="1" type="stmt"/>
        <line num="67" count="1" type="stmt"/>
      </file>
      <file name="ProgressChart.tsx" path="/home/runner/work/workout-native/workout-native/components/ProgressChart.tsx">
        <metrics statements="38" coveredstatements="38" conditionals="8" coveredconditionals="8" methods="10" coveredmethods="10"/>
        <line num="21" count="10" type="cond" truecount="2" falsecount="0"/>
        <line num="22" count="1" type="stmt"/>
        <line num="36" count="9" type="stmt"/>
        <line num="37" count="9" type="stmt"/>
        <line num="38" count="9" type="stmt"/>
        <line num="40" count="9" type="stmt"/>
        <line num="41" count="9" type="stmt"/>
        <line num="44" count="20" type="stmt"/>
        <line num="45" count="9" type="stmt"/>
        <line num="46" count="9" type="stmt"/>
        <line num="47" count="9" type="cond" truecount="2" falsecount="0"/>
        <line num="50" count="9" type="stmt"/>
        <line num="51" count="9" type="stmt"/>
        <line num="52" count="9" type="stmt"/>
        <line num="55" count="9" type="stmt"/>
        <line num="56" count="11" type="stmt"/>
        <line num="60" count="9" type="stmt"/>
        <line num="61" count="20" type="stmt"/>
        <line num="63" count="20" type="stmt"/>
        <line num="64" count="20" type="stmt"/>
        <line num="68" count="9" type="stmt"/>
        <line num="69" count="20" type="stmt"/>
        <line num="70" count="20" type="stmt"/>
        <line num="75" count="9" type="cond" truecount="2" falsecount="0"/>
        <line num="81" count="5" type="stmt"/>
        <line num="83" count="9" type="stmt"/>
        <line num="140" count="45" type="stmt"/>
        <line num="150" count="20" type="cond" truecount="2" falsecount="0"/>
        <line num="151" count="11" type="stmt"/>
        <line num="154" count="11" type="stmt"/>
        <line num="155" count="11" type="stmt"/>
        <line num="156" count="11" type="stmt"/>
        <line num="157" count="11" type="stmt"/>
        <line num="160" count="11" type="stmt"/>
        <line num="161" count="11" type="stmt"/>
        <line num="164" count="11" type="stmt"/>
        <line num="180" count="20" type="stmt"/>
        <line num="205" count="20" type="stmt"/>
      </file>
      <file name="SessionCard.tsx" path="/home/runner/work/workout-native/workout-native/components/SessionCard.tsx">
        <metrics statements="6" coveredstatements="6" conditionals="6" coveredconditionals="6" methods="3" coveredmethods="3"/>
        <line num="18" count="10" type="stmt"/>
        <line num="20" count="10" type="stmt"/>
        <line num="21" count="10" type="cond" truecount="2" falsecount="0"/>
        <line num="23" count="10" type="stmt"/>
        <line num="26" count="3" type="stmt"/>
        <line num="60" count="4" type="stmt"/>
      </file>
      <file name="SetTracker.tsx" path="/home/runner/work/workout-native/workout-native/components/SetTracker.tsx">
        <metrics statements="50" coveredstatements="49" conditionals="111" coveredconditionals="104" methods="24" coveredmethods="24"/>
        <line num="46" count="105" type="stmt"/>
        <line num="50" count="105" type="stmt"/>
        <line num="51" count="29" type="cond" truecount="2" falsecount="2"/>
        <line num="53" count="87" type="stmt"/>
        <line num="64" count="105" type="stmt"/>
        <line num="65" count="67" type="cond" truecount="2" falsecount="0"/>
        <line num="70" count="1" type="stmt"/>
        <line num="71" count="66" type="cond" truecount="2" falsecount="0"/>
        <line num="76" count="32" type="stmt"/>
        <line num="77" count="96" type="stmt"/>
        <line num="89" count="105" type="stmt"/>
        <line num="90" count="88" type="stmt"/>
        <line num="91" count="88" type="stmt"/>
        <line num="95" count="110" type="stmt"/>
        <line num="100" count="105" type="stmt"/>
        <line num="105" count="12" type="stmt"/>
        <line num="106" count="36" type="cond" truecount="2" falsecount="0"/>
        <line num="113" count="105" type="stmt"/>
        <line num="114" count="5" type="stmt"/>
        <line num="115" count="5" type="stmt"/>
        <line num="116" count="5" type="cond" truecount="3" falsecount="1"/>
        <line num="117" count="0" type="stmt"/>
        <line num="120" count="5" type="stmt"/>
        <line num="121" count="15" type="cond" truecount="2" falsecount="0"/>
        <line num="123" count="5" type="stmt"/>
        <line num="124" count="10" type="cond" truecount="4" falsecount="0"/>
        <line num="126" count="5" type="stmt"/>
        <line num="132" count="5" type="stmt"/>
        <line num="140" count="105" type="stmt"/>
        <line num="141" count="4" type="stmt"/>
        <line num="142" count="4" type="stmt"/>
        <line num="143" count="12" type="cond" truecount="2" falsecount="0"/>
        <line num="144" count="4" type="cond" truecount="2" falsecount="0"/>
        <line num="145" count="4" type="stmt"/>
        <line num="146" count="4" type="stmt"/>
        <line num="148" count="8" type="stmt"/>
        <line num="156" count="105" type="stmt"/>
        <line num="157" count="1" type="stmt"/>
        <line num="169" count="105" type="stmt"/>
        <line num="197" count="316" type="stmt"/>
        <line num="198" count="316" type="stmt"/>
        <line num="199" count="316" type="cond" truecount="2" falsecount="0"/>
        <line num="201" count="316" type="stmt"/>
        <line num="219" count="2" type="stmt"/>
        <line num="237" count="2" type="stmt"/>
        <line num="261" count="7" type="cond" truecount="1" falsecount="1"/>
        <line num="262" count="7" type="stmt"/>
        <line num="284" count="5" type="cond" truecount="1" falsecount="1"/>
        <line num="285" count="5" type="stmt"/>
        <line num="311" count="5" type="stmt"/>
      </file>
      <file name="WorkoutPlanCard.tsx" path="/home/runner/work/workout-native/workout-native/components/WorkoutPlanCard.tsx">
        <metrics statements="2" coveredstatements="2" conditionals="2" coveredconditionals="2" methods="1" coveredmethods="1"/>
        <line num="17" count="6" type="cond" truecount="2" falsecount="0"/>
        <line num="19" count="6" type="stmt"/>
      </file>
    </package>
    <package name="components.ui">
      <metrics statements="9" coveredstatements="9" conditionals="38" coveredconditionals="29" methods="4" coveredmethods="4"/>
      <file name="Button.tsx" path="/home/runner/work/workout-native/workout-native/components/ui/Button.tsx">
        <metrics statements="6" coveredstatements="6" conditionals="4" coveredconditionals="4" methods="1" coveredmethods="1"/>
        <line num="24" count="4" type="stmt"/>
        <line num="26" count="4" type="stmt"/>
        <line num="32" count="4" type="stmt"/>
        <line num="38" count="4" type="stmt"/>
        <line num="44" count="4" type="stmt"/>
        <line num="50" count="4" type="stmt"/>
      </file>
      <file name="EquipmentCard.tsx" path="/home/runner/work/workout-native/workout-native/components/ui/EquipmentCard.tsx">
        <metrics statements="1" coveredstatements="1" conditionals="11" coveredconditionals="6" methods="1" coveredmethods="1"/>
        <line num="44" count="30" type="stmt"/>
      </file>
      <file name="FilterPill.tsx" path="/home/runner/work/workout-native/workout-native/components/ui/FilterPill.tsx">
        <metrics statements="1" coveredstatements="1" conditionals="4" coveredconditionals="2" methods="1" coveredmethods="1"/>
        <line num="17" count="70" type="stmt"/>
      </file>
      <file name="SelectionCard.tsx" path="/home/runner/work/workout-native/workout-native/components/ui/SelectionCard.tsx">
        <metrics statements="1" coveredstatements="1" conditionals="19" coveredconditionals="17" methods="1" coveredmethods="1"/>
        <line num="47" count="33" type="stmt"/>
      </file>
    </package>
    <package name="lib">
      <metrics statements="13" coveredstatements="13" conditionals="2" coveredconditionals="2" methods="5" coveredmethods="5"/>
      <file name="wizard-context.tsx" path="/home/runner/work/workout-native/workout-native/lib/wizard-context.tsx">
        <metrics statements="13" coveredstatements="13" conditionals="2" coveredconditionals="2" methods="5" coveredmethods="5"/>
        <line num="37" count="8" type="stmt"/>
        <line num="40" count="8" type="stmt"/>
        <line num="58" count="55" type="stmt"/>
        <line num="63" count="55" type="stmt"/>
        <line num="64" count="12" type="stmt"/>
        <line num="73" count="55" type="stmt"/>
        <line num="74" count="1" type="stmt"/>
        <line num="77" count="55" type="stmt"/>
        <line num="83" count="55" type="stmt"/>
        <line num="93" count="58" type="stmt"/>
        <line num="94" count="57" type="cond" truecount="2" falsecount="0"/>
        <line num="95" count="2" type="stmt"/>
        <line num="97" count="55" type="stmt"/>
      </file>
    </package>
    <package name="lib.storage">
      <metrics statements="333" coveredstatements="85" conditionals="108" coveredconditionals="27" methods="88" coveredmethods="23"/>
      <file name="preferences.ts" path="/home/runner/work/workout-native/workout-native/lib/storage/preferences.ts">
        <metrics statements="37" coveredstatements="23" conditionals="8" coveredconditionals="7" methods="6" coveredmethods="6"/>
        <line num="9" count="1" type="stmt"/>
        <line num="15" count="1" type="stmt"/>
        <line num="29" count="10" type="stmt"/>
        <line num="30" count="10" type="stmt"/>
        <line num="31" count="10" type="cond" truecount="2" falsecount="0"/>
        <line num="32" count="3" type="stmt"/>
        <line num="34" count="7" type="stmt"/>
        <line num="36" count="0" type="stmt"/>
        <line num="37" count="0" type="stmt"/>
        <line num="46" count="10" type="stmt"/>
        <line num="47" count="10" type="stmt"/>
        <line num="52" count="0" type="stmt"/>
        <line num="53" count="0" type="stmt"/>
        <line num="66" count="13" type="stmt"/>
        <line num="67" count="13" type="stmt"/>
        <line num="68" count="13" type="cond" truecount="2" falsecount="0"/>
        <line num="69" count="4" type="stmt"/>
        <line num="72" count="9" type="cond" truecount="3" falsecount="1"/>
        <line num="73" count="9" type="stmt"/>
        <line num="75" count="0" type="stmt"/>
        <line num="76" count="0" type="stmt"/>
        <line num="78" count="0" type="stmt"/>
        <line num="79" count="0" type="stmt"/>
        <line num="88" count="11" type="stmt"/>
        <line num="89" count="11" type="stmt"/>
        <line num="91" count="0" type="stmt"/>
        <line num="92" count="0" type="stmt"/>
        <line num="105" count="3" type="stmt"/>
        <line num="106" count="3" type="stmt"/>
        <line num="111" count="3" type="stmt"/>
        <line num="116" count="0" type="stmt"/>
        <line num="117" count="0" type="stmt"/>
        <line num="126" count="2" type="stmt"/>
        <line num="127" count="2" type="stmt"/>
        <line num="131" count="2" type="stmt"/>
        <line num="133" count="0" type="stmt"/>
        <line num="134" count="0" type="stmt"/>
      </file>
      <file name="seed-data.ts" path="/home/runner/work/workout-native/workout-native/lib/storage/seed-data.ts">
        <metrics statements="126" coveredstatements="21" conditionals="46" coveredconditionals="10" methods="7" coveredmethods="3"/>
        <line num="10" count="1" type="stmt"/>
        <line num="1097" count="7" type="stmt"/>
        <line num="1098" count="7" type="stmt"/>
        <line num="1099" count="7" type="cond" truecount="1" falsecount="1"/>
        <line num="1101" count="7" type="stmt"/>
        <line num="1103" count="7" type="stmt"/>
        <line num="1105" count="861" type="cond" truecount="3" falsecount="1"/>
        <line num="1106" count="861" type="stmt"/>
        <line num="1110" count="0" type="stmt"/>
        <line num="1112" count="0" type="cond" truecount="0" falsecount="4"/>
        <line num="1114" count="0" type="stmt"/>
        <line num="1118" count="0" type="stmt"/>
        <line num="1121" count="0" type="stmt"/>
        <line num="1125" count="0" type="stmt"/>
        <line num="1129" count="7" type="cond" truecount="1" falsecount="1"/>
        <line num="1130" count="0" type="stmt"/>
        <line num="1133" count="0" type="stmt"/>
        <line num="1143" count="7" type="stmt"/>
        <line num="1145" count="7" type="cond" truecount="1" falsecount="1"/>
        <line num="1146" count="123" type="stmt"/>
        <line num="1149" count="7" type="stmt"/>
        <line num="1150" count="7" type="stmt"/>
        <line num="1151" count="861" type="cond" truecount="2" falsecount="0"/>
        <line num="1152" count="738" type="stmt"/>
        <line num="1153" count="738" type="stmt"/>
        <line num="1157" count="7" type="cond" truecount="2" falsecount="0"/>
        <line num="1158" count="6" type="stmt"/>
        <line num="1160" count="1" type="stmt"/>
        <line num="1164" count="7" type="stmt"/>
        <line num="1166" count="0" type="stmt"/>
        <line num="1167" count="0" type="stmt"/>
        <line num="1176" count="0" type="stmt"/>
        <line num="1183" count="0" type="stmt"/>
        <line num="1186" count="0" type="stmt"/>
        <line num="1187" count="0" type="cond" truecount="0" falsecount="2"/>
        <line num="1188" count="0" type="stmt"/>
        <line num="1189" count="0" type="stmt"/>
        <line num="1193" count="0" type="stmt"/>
        <line num="1204" count="0" type="stmt"/>
        <line num="1205" count="0" type="stmt"/>
        <line num="1206" count="0" type="stmt"/>
        <line num="1209" count="0" type="stmt"/>
        <line num="1218" count="0" type="cond" truecount="0" falsecount="2"/>
        <line num="1219" count="0" type="stmt"/>
        <line num="1229" count="0" type="cond" truecount="0" falsecount="2"/>
        <line num="1230" count="0" type="stmt"/>
        <line num="1241" count="0" type="stmt"/>
        <line num="1250" count="0" type="cond" truecount="0" falsecount="2"/>
        <line num="1251" count="0" type="stmt"/>
        <line num="1262" count="0" type="stmt"/>
        <line num="1270" count="0" type="stmt"/>
        <line num="1271" count="0" type="stmt"/>
        <line num="1273" count="0" type="cond" truecount="0" falsecount="2"/>
        <line num="1274" count="0" type="stmt"/>
        <line num="1284" count="0" type="cond" truecount="0" falsecount="2"/>
        <line num="1285" count="0" type="stmt"/>
        <line num="1295" count="0" type="stmt"/>
        <line num="1297" count="0" type="stmt"/>
        <line num="1298" count="0" type="stmt"/>
        <line num="1310" count="0" type="stmt"/>
        <line num="1318" count="0" type="stmt"/>
        <line num="1321" count="0" type="stmt"/>
        <line num="1322" count="0" type="cond" truecount="0" falsecount="2"/>
        <line num="1323" count="0" type="stmt"/>
        <line num="1324" count="0" type="stmt"/>
        <line num="1327" count="0" type="stmt"/>
        <line num="1328" count="0" type="stmt"/>
        <line num="1329" count="0" type="cond" truecount="0" falsecount="2"/>
        <line num="1330" count="0" type="stmt"/>
        <line num="1331" count="0" type="stmt"/>
        <line num="1334" count="0" type="stmt"/>
        <line num="1335" count="0" type="cond" truecount="0" falsecount="2"/>
        <line num="1336" count="0" type="stmt"/>
        <line num="1337" count="0" type="stmt"/>
        <line num="1341" count="0" type="stmt"/>
        <line num="1342" count="0" type="stmt"/>
        <line num="1346" count="0" type="stmt"/>
        <line num="1350" count="0" type="stmt"/>
        <line num="1354" count="0" type="stmt"/>
        <line num="1357" count="0" type="stmt"/>
        <line num="1359" count="0" type="stmt"/>
        <line num="1360" count="0" type="stmt"/>
        <line num="1361" count="0" type="stmt"/>
        <line num="1362" count="0" type="stmt"/>
        <line num="1363" count="0" type="stmt"/>
        <line num="1365" count="0" type="stmt"/>
        <line num="1366" count="0" type="stmt"/>
        <line num="1368" count="0" type="stmt"/>
        <line num="1377" count="0" type="cond" truecount="0" falsecount="2"/>
        <line num="1378" count="0" type="stmt"/>
        <line num="1379" count="0" type="stmt"/>
        <line num="1381" count="0" type="stmt"/>
        <line num="1382" count="0" type="stmt"/>
        <line num="1395" count="0" type="cond" truecount="0" falsecount="2"/>
        <line num="1396" count="0" type="stmt"/>
        <line num="1397" count="0" type="stmt"/>
        <line num="1399" count="0" type="stmt"/>
        <line num="1400" count="0" type="stmt"/>
        <line num="1414" count="0" type="stmt"/>
        <line num="1415" count="0" type="stmt"/>
        <line num="1416" count="0" type="stmt"/>
        <line num="1417" count="0" type="stmt"/>
        <line num="1419" count="0" type="cond" truecount="0" falsecount="2"/>
        <line num="1420" count="0" type="stmt"/>
        <line num="1421" count="0" type="stmt"/>
        <line num="1423" count="0" type="stmt"/>
        <line num="1432" count="0" type="cond" truecount="0" falsecount="2"/>
        <line num="1433" count="0" type="stmt"/>
        <line num="1435" count="0" type="stmt"/>
        <line num="1436" count="0" type="stmt"/>
        <line num="1450" count="0" type="stmt"/>
        <line num="1451" count="0" type="stmt"/>
        <line num="1452" count="0" type="stmt"/>
        <line num="1453" count="0" type="stmt"/>
        <line num="1455" count="0" type="cond" truecount="0" falsecount="2"/>
        <line num="1456" count="0" type="stmt"/>
        <line num="1457" count="0" type="stmt"/>
        <line num="1459" count="0" type="stmt"/>
        <line num="1468" count="0" type="stmt"/>
        <line num="1469" count="0" type="stmt"/>
        <line num="1470" count="0" type="stmt"/>
        <line num="1472" count="0" type="stmt"/>
        <line num="1473" count="0" type="stmt"/>
        <line num="1487" count="0" type="stmt"/>
        <line num="1489" count="0" type="stmt"/>
        <line num="1490" count="0" type="stmt"/>
      </file>
      <file name="storage.ts" path="/home/runner/work/workout-native/workout-native/lib/storage/storage.ts">
        <metrics statements="170" coveredstatements="41" conditionals="54" coveredconditionals="10" methods="75" coveredmethods="14"/>
        <line num="28" count="4" type="stmt"/>
        <line num="58" count="4" type="stmt"/>
        <line num="84" count="0" type="stmt"/>
        <line num="92" count="22" type="cond" truecount="2" falsecount="0"/>
        <line num="93" count="21" type="stmt"/>
        <line num="94" count="21" type="stmt"/>
        <line num="97" count="1" type="stmt"/>
        <line num="99" count="1" type="stmt"/>
        <line num="109" count="1" type="stmt"/>
        <line num="119" count="1" type="cond" truecount="1" falsecount="1"/>
        <line num="120" count="1" type="cond" truecount="1" falsecount="1"/>
        <line num="121" count="1" type="cond" truecount="1" falsecount="1"/>
        <line num="122" count="1" type="cond" truecount="1" falsecount="1"/>
        <line num="123" count="1" type="cond" truecount="1" falsecount="1"/>
        <line num="124" count="1" type="cond" truecount="1" falsecount="1"/>
        <line num="125" count="1" type="cond" truecount="1" falsecount="1"/>
        <line num="136" count="1" type="stmt"/>
        <line num="137" count="1" type="stmt"/>
        <line num="139" count="0" type="stmt"/>
        <line num="140" count="0" type="stmt"/>
        <line num="148" count="760" type="stmt"/>
        <line num="149" count="760" type="stmt"/>
        <line num="159" count="0" type="stmt"/>
        <line num="160" count="0" type="stmt"/>
        <line num="168" count="22" type="stmt"/>
        <line num="185" count="22" type="stmt"/>
        <line num="186" count="22" type="stmt"/>
        <line num="191" count="759" type="cond" truecount="1" falsecount="1"/>
        <line num="192" count="0" type="stmt"/>
        <line num="198" count="738" type="stmt"/>
        <line num="199" count="738" type="stmt"/>
        <line num="207" count="19" type="stmt"/>
        <line num="208" count="9009" type="stmt"/>
        <line num="212" count="0" type="stmt"/>
        <line num="213" count="0" type="cond" truecount="0" falsecount="2"/>
        <line num="217" count="1" type="stmt"/>
        <line num="218" count="1" type="stmt"/>
        <line num="219" count="123" type="stmt"/>
        <line num="220" count="63" type="stmt"/>
        <line num="224" count="1" type="stmt"/>
        <line num="225" count="1" type="stmt"/>
        <line num="226" count="123" type="stmt"/>
        <line num="227" count="360" type="stmt"/>
        <line num="231" count="738" type="stmt"/>
        <line num="232" count="738" type="stmt"/>
        <line num="233" count="738" type="stmt"/>
        <line num="234" count="738" type="stmt"/>
        <line num="236" count="738" type="stmt"/>
        <line num="237" count="738" type="stmt"/>
        <line num="241" count="0" type="stmt"/>
        <line num="242" count="0" type="stmt"/>
        <line num="243" count="0" type="cond" truecount="0" falsecount="2"/>
        <line num="244" count="0" type="stmt"/>
        <line num="246" count="0" type="stmt"/>
        <line num="255" count="0" type="stmt"/>
        <line num="256" count="0" type="stmt"/>
        <line num="257" count="0" type="stmt"/>
        <line num="262" count="0" type="stmt"/>
        <line num="263" count="0" type="stmt"/>
        <line num="264" count="0" type="stmt"/>
        <line num="265" count="0" type="stmt"/>
        <line num="266" count="0" type="cond" truecount="0" falsecount="2"/>
        <line num="270" count="0" type="stmt"/>
        <line num="271" count="0" type="cond" truecount="0" falsecount="2"/>
        <line num="275" count="0" type="stmt"/>
        <line num="276" count="0" type="stmt"/>
        <line num="277" count="0" type="stmt"/>
        <line num="278" count="0" type="stmt"/>
        <line num="279" count="0" type="stmt"/>
        <line num="280" count="0" type="stmt"/>
        <line num="284" count="0" type="stmt"/>
        <line num="285" count="0" type="stmt"/>
        <line num="286" count="0" type="cond" truecount="0" falsecount="2"/>
        <line num="287" count="0" type="stmt"/>
        <line num="288" count="0" type="stmt"/>
        <line num="293" count="0" type="stmt"/>
        <line num="294" count="0" type="stmt"/>
        <line num="295" count="0" type="stmt"/>
        <line num="303" count="0" type="stmt"/>
        <line num="304" count="0" type="stmt"/>
        <line num="305" count="0" type="stmt"/>
        <line num="306" count="0" type="stmt"/>
        <line num="310" count="0" type="stmt"/>
        <line num="311" count="0" type="cond" truecount="0" falsecount="2"/>
        <line num="315" count="0" type="stmt"/>
        <line num="316" count="0" type="stmt"/>
        <line num="317" count="0" type="stmt"/>
        <line num="318" count="0" type="stmt"/>
        <line num="319" count="0" type="stmt"/>
        <line num="320" count="0" type="stmt"/>
        <line num="328" count="0" type="stmt"/>
        <line num="329" count="0" type="stmt"/>
        <line num="330" count="0" type="stmt"/>
        <line num="331" count="0" type="stmt"/>
        <line num="335" count="0" type="stmt"/>
        <line num="336" count="0" type="stmt"/>
        <line num="337" count="0" type="stmt"/>
        <line num="338" count="0" type="stmt"/>
        <line num="339" count="0" type="stmt"/>
        <line num="340" count="0" type="stmt"/>
        <line num="348" count="0" type="stmt"/>
        <line num="349" count="0" type="stmt"/>
        <line num="350" count="0" type="stmt"/>
        <line num="351" count="0" type="stmt"/>
        <line num="355" count="0" type="stmt"/>
        <line num="356" count="0" type="cond" truecount="0" falsecount="2"/>
        <line num="363" count="0" type="stmt"/>
        <line num="364" count="0" type="stmt"/>
        <line num="365" count="0" type="cond" truecount="0" falsecount="2"/>
        <line num="366" count="0" type="stmt"/>
        <line num="370" count="0" type="stmt"/>
        <line num="371" count="0" type="stmt"/>
        <line num="372" count="0" type="stmt"/>
        <line num="373" count="0" type="stmt"/>
        <line num="374" count="0" type="stmt"/>
        <line num="375" count="0" type="stmt"/>
        <line num="383" count="0" type="stmt"/>
        <line num="384" count="0" type="stmt"/>
        <line num="385" count="0" type="cond" truecount="0" falsecount="2"/>
        <line num="386" count="0" type="stmt"/>
        <line num="387" count="0" type="cond" truecount="0" falsecount="2"/>
        <line num="388" count="0" type="stmt"/>
        <line num="397" count="0" type="stmt"/>
        <line num="398" count="0" type="stmt"/>
        <line num="399" count="0" type="cond" truecount="0" falsecount="2"/>
        <line num="400" count="0" type="stmt"/>
        <line num="401" count="0" type="cond" truecount="0" falsecount="2"/>
        <line num="408" count="0" type="stmt"/>
        <line num="409" count="0" type="stmt"/>
        <line num="417" count="0" type="stmt"/>
        <line num="418" count="0" type="stmt"/>
        <line num="419" count="0" type="cond" truecount="0" falsecount="2"/>
        <line num="420" count="0" type="stmt"/>
        <line num="421" count="0" type="cond" truecount="0" falsecount="2"/>
        <line num="429" count="0" type="stmt"/>
        <line num="430" count="0" type="stmt"/>
        <line num="431" count="0" type="stmt"/>
        <line num="432" count="0" type="stmt"/>
        <line num="436" count="0" type="stmt"/>
        <line num="437" count="0" type="stmt"/>
        <line num="438" count="0" type="stmt"/>
        <line num="439" count="0" type="stmt"/>
        <line num="443" count="0" type="stmt"/>
        <line num="444" count="0" type="stmt"/>
        <line num="445" count="0" type="cond" truecount="0" falsecount="2"/>
        <line num="446" count="0" type="stmt"/>
        <line num="447" count="0" type="cond" truecount="0" falsecount="2"/>
        <line num="451" count="0" type="stmt"/>
        <line num="452" count="0" type="stmt"/>
        <line num="453" count="0" type="stmt"/>
        <line num="454" count="0" type="stmt"/>
        <line num="455" count="0" type="stmt"/>
        <line num="456" count="0" type="stmt"/>
        <line num="463" count="0" type="stmt"/>
        <line num="464" count="0" type="stmt"/>
        <line num="465" count="0" type="stmt"/>
        <line num="477" count="0" type="stmt"/>
        <line num="479" count="0" type="stmt"/>
        <line num="480" count="0" type="cond" truecount="0" falsecount="2"/>
        <line num="482" count="0" type="stmt"/>
        <line num="483" count="0" type="stmt"/>
        <line num="484" count="0" type="stmt"/>
        <line num="485" count="0" type="stmt"/>
        <line num="491" count="0" type="stmt"/>
        <line num="505" count="0" type="stmt"/>
        <line num="507" count="0" type="stmt"/>
        <line num="508" count="0" type="cond" truecount="0" falsecount="2"/>
        <line num="510" count="0" type="stmt"/>
        <line num="511" count="0" type="stmt"/>
        <line num="513" count="0" type="stmt"/>
      </file>
      <file name="types.ts" path="/home/runner/work/workout-native/workout-native/lib/storage/types.ts">
        <metrics statements="0" coveredstatements="0" conditionals="0" coveredconditionals="0" methods="0" coveredmethods="0"/>
      </file>
    </package>
    <package name="lib.utils">
      <metrics statements="22" coveredstatements="9" conditionals="16" coveredconditionals="0" methods="8" coveredmethods="5"/>
      <file name="alert.ts" path="/home/runner/work/workout-native/workout-native/lib/utils/alert.ts">
        <metrics statements="13" coveredstatements="0" conditionals="16" coveredconditionals="0" methods="3" coveredmethods="0"/>
        <line num="24" count="0" type="cond" truecount="0" falsecount="2"/>
        <line num="26" count="0" type="cond" truecount="0" falsecount="4"/>
        <line num="28" count="0" type="cond" truecount="0" falsecount="2"/>
        <line num="29" count="0" type="cond" truecount="0" falsecount="2"/>
        <line num="31" count="0" type="cond" truecount="0" falsecount="2"/>
        <line num="32" count="0" type="stmt"/>
        <line num="35" count="0" type="cond" truecount="0" falsecount="2"/>
        <line num="36" count="0" type="cond" truecount="0" falsecount="2"/>
        <line num="38" count="0" type="stmt"/>
        <line num="39" count="0" type="stmt"/>
        <line num="42" count="0" type="stmt"/>
        <line num="43" count="0" type="stmt"/>
        <line num="48" count="0" type="stmt"/>
      </file>
      <file name="cn.ts" path="/home/runner/work/workout-native/workout-native/lib/utils/cn.ts">
        <metrics statements="1" coveredstatements="1" conditionals="0" coveredconditionals="0" methods="1" coveredmethods="1"/>
        <line num="9" count="4459" type="stmt"/>
      </file>
      <file name="date.ts" path="/home/runner/work/workout-native/workout-native/lib/utils/date.ts">
        <metrics statements="8" coveredstatements="8" conditionals="0" coveredconditionals="0" methods="4" coveredmethods="4"/>
        <line num="12" count="51" type="stmt"/>
        <line num="22" count="27" type="stmt"/>
        <line num="31" count="814" type="stmt"/>
        <line num="32" count="814" type="stmt"/>
        <line num="33" count="814" type="stmt"/>
        <line num="34" count="814" type="stmt"/>
        <line num="43" count="29" type="stmt"/>
        <line num="44" count="29" type="stmt"/>
      </file>
    </package>
    <package name="lib.workout-generator">
      <metrics statements="307" coveredstatements="231" conditionals="128" coveredconditionals="96" methods="83" coveredmethods="67"/>
      <file name="engine.ts" path="/home/runner/work/workout-native/workout-native/lib/workout-generator/engine.ts">
        <metrics statements="232" coveredstatements="158" conditionals="87" coveredconditionals="57" methods="58" coveredmethods="42"/>
        <line num="33" count="29" type="cond" truecount="3" falsecount="0"/>
        <line num="35" count="20" type="stmt"/>
        <line num="37" count="6" type="stmt"/>
        <line num="39" count="3" type="stmt"/>
        <line num="50" count="11" type="stmt"/>
        <line num="53" count="11" type="stmt"/>
        <line num="56" count="11" type="stmt"/>
        <line num="59" count="11" type="stmt"/>
        <line num="62" count="11" type="stmt"/>
        <line num="65" count="11" type="stmt"/>
        <line num="67" count="33" type="stmt"/>
        <line num="68" count="33" type="stmt"/>
        <line num="75" count="33" type="stmt"/>
        <line num="78" count="33" type="stmt"/>
        <line num="79" count="156" type="stmt"/>
        <line num="88" count="33" type="stmt"/>
        <line num="97" count="11" type="stmt"/>
        <line num="99" count="11" type="stmt"/>
        <line num="117" count="0" type="stmt"/>
        <line num="118" count="0" type="stmt"/>
        <line num="121" count="0" type="stmt"/>
        <line num="122" count="0" type="stmt"/>
        <line num="126" count="0" type="stmt"/>
        <line num="127" count="0" type="cond" truecount="0" falsecount="2"/>
        <line num="128" count="0" type="stmt"/>
        <line num="129" count="0" type="cond" truecount="0" falsecount="2"/>
        <line num="132" count="0" type="cond" truecount="0" falsecount="2"/>
        <line num="133" count="0" type="stmt"/>
        <line num="134" count="0" type="stmt"/>
        <line num="137" count="0" type="stmt"/>
        <line num="140" count="0" type="cond" truecount="0" falsecount="2"/>
        <line num="141" count="0" type="stmt"/>
        <line num="145" count="0" type="stmt"/>
        <line num="159" count="0" type="cond" truecount="0" falsecount="2"/>
        <line num="160" count="0" type="stmt"/>
        <line num="164" count="0" type="stmt"/>
        <line num="165" count="0" type="stmt"/>
        <line num="167" count="0" type="stmt"/>
        <line num="168" count="0" type="stmt"/>
        <line num="171" count="0" type="stmt"/>
        <line num="172" count="0" type="stmt"/>
        <line num="173" count="0" type="stmt"/>
        <line num="174" count="0" type="stmt"/>
        <line num="176" count="0" type="cond" truecount="0" falsecount="2"/>
        <line num="178" count="0" type="stmt"/>
        <line num="181" count="0" type="stmt"/>
        <line num="184" count="0" type="stmt"/>
        <line num="185" count="0" type="stmt"/>
        <line num="186" count="0" type="stmt"/>
        <line num="188" count="0" type="cond" truecount="0" falsecount="2"/>
        <line num="189" count="0" type="stmt"/>
        <line num="193" count="0" type="stmt"/>
        <line num="194" count="0" type="stmt"/>
        <line num="195" count="0" type="stmt"/>
        <line num="196" count="0" type="stmt"/>
        <line num="199" count="0" type="stmt"/>
        <line num="201" count="0" type="cond" truecount="0" falsecount="4"/>
        <line num="202" count="0" type="stmt"/>
        <line num="203" count="0" type="stmt"/>
        <line num="204" count="0" type="stmt"/>
        <line num="205" count="0" type="stmt"/>
        <line num="211" count="0" type="cond" truecount="0" falsecount="2"/>
        <line num="212" count="0" type="stmt"/>
        <line num="213" count="0" type="stmt"/>
        <line num="215" count="0" type="cond" truecount="0" falsecount="2"/>
        <line num="216" count="0" type="stmt"/>
        <line num="217" count="0" type="stmt"/>
        <line num="218" count="0" type="stmt"/>
        <line num="225" count="0" type="cond" truecount="0" falsecount="2"/>
        <line num="226" count="0" type="stmt"/>
        <line num="240" count="15" type="stmt"/>
        <line num="241" count="15" type="stmt"/>
        <line num="243" count="15" type="stmt"/>
        <line num="244" count="44" type="stmt"/>
        <line num="247" count="132" type="stmt"/>
        <line num="248" count="44" type="stmt"/>
        <line num="249" count="44" type="stmt"/>
        <line num="252" count="44" type="cond" truecount="2" falsecount="0"/>
        <line num="253" count="13" type="stmt"/>
        <line num="257" count="31" type="stmt"/>
        <line num="258" count="95" type="stmt"/>
        <line num="259" count="95" type="stmt"/>
        <line num="260" count="25" type="stmt"/>
        <line num="262" count="31" type="stmt"/>
        <line num="263" count="95" type="stmt"/>
        <line num="264" count="95" type="stmt"/>
        <line num="266" count="31" type="cond" truecount="3" falsecount="1"/>
        <line num="268" count="0" type="stmt"/>
        <line num="271" count="31" type="stmt"/>
        <line num="274" count="31" type="stmt"/>
        <line num="275" count="31" type="stmt"/>
        <line num="276" count="31" type="stmt"/>
        <line num="277" count="31" type="stmt"/>
        <line num="278" count="31" type="stmt"/>
        <line num="281" count="31" type="stmt"/>
        <line num="282" count="57" type="stmt"/>
        <line num="285" count="31" type="cond" truecount="2" falsecount="0"/>
        <line num="286" count="29" type="stmt"/>
        <line num="289" count="36" type="stmt"/>
        <line num="291" count="29" type="cond" truecount="1" falsecount="1"/>
        <line num="293" count="29" type="stmt"/>
        <line num="294" count="29" type="stmt"/>
        <line num="295" count="29" type="stmt"/>
        <line num="296" count="29" type="stmt"/>
        <line num="301" count="31" type="cond" truecount="2" falsecount="0"/>
        <line num="302" count="29" type="stmt"/>
        <line num="307" count="31" type="cond" truecount="2" falsecount="0"/>
        <line num="308" count="2" type="stmt"/>
        <line num="323" count="15" type="stmt"/>
        <line num="326" count="15" type="stmt"/>
        <line num="329" count="15" type="stmt"/>
        <line num="332" count="15" type="stmt"/>
        <line num="335" count="15" type="stmt"/>
        <line num="336" count="15" type="stmt"/>
        <line num="337" count="15" type="stmt"/>
        <line num="340" count="15" type="stmt"/>
        <line num="342" count="45" type="stmt"/>
        <line num="344" count="454" type="cond" truecount="2" falsecount="0"/>
        <line num="349" count="45" type="stmt"/>
        <line num="350" count="275" type="cond" truecount="4" falsecount="0"/>
        <line num="351" count="193" type="cond" truecount="4" falsecount="0"/>
        <line num="352" count="151" type="stmt"/>
        <line num="356" count="45" type="stmt"/>
        <line num="357" count="139" type="stmt"/>
        <line num="359" count="45" type="stmt"/>
        <line num="363" count="15" type="stmt"/>
        <line num="364" count="150" type="stmt"/>
        <line num="367" count="15" type="cond" truecount="2" falsecount="0"/>
        <line num="369" count="34" type="stmt"/>
        <line num="370" count="11" type="stmt"/>
        <line num="371" count="31" type="stmt"/>
        <line num="375" count="11" type="stmt"/>
        <line num="377" count="11" type="stmt"/>
        <line num="378" count="34" type="stmt"/>
        <line num="379" count="34" type="stmt"/>
        <line num="380" count="65" type="cond" truecount="2" falsecount="0"/>
        <line num="385" count="11" type="cond" truecount="2" falsecount="0"/>
        <line num="387" count="8" type="stmt"/>
        <line num="388" count="8" type="stmt"/>
        <line num="389" count="8" type="stmt"/>
        <line num="392" count="8" type="stmt"/>
        <line num="394" count="15" type="stmt"/>
        <line num="403" count="15" type="stmt"/>
        <line num="407" count="15" type="stmt"/>
        <line num="408" count="15" type="stmt"/>
        <line num="410" count="15" type="stmt"/>
        <line num="411" count="33" type="stmt"/>
        <line num="414" count="33" type="stmt"/>
        <line num="415" count="104" type="stmt"/>
        <line num="416" count="104" type="stmt"/>
        <line num="417" count="30" type="stmt"/>
        <line num="419" count="33" type="cond" truecount="2" falsecount="0"/>
        <line num="420" count="14" type="stmt"/>
        <line num="424" count="174" type="stmt"/>
        <line num="425" count="19" type="stmt"/>
        <line num="426" count="174" type="stmt"/>
        <line num="429" count="351" type="cond" truecount="4" falsecount="0"/>
        <line num="430" count="234" type="cond" truecount="4" falsecount="0"/>
        <line num="431" count="171" type="stmt"/>
        <line num="434" count="19" type="stmt"/>
        <line num="436" count="19" type="cond" truecount="1" falsecount="1"/>
        <line num="437" count="0" type="stmt"/>
        <line num="440" count="19" type="stmt"/>
        <line num="443" count="19" type="stmt"/>
        <line num="444" count="37" type="stmt"/>
        <line num="445" count="37" type="stmt"/>
        <line num="447" count="37" type="cond" truecount="1" falsecount="1"/>
        <line num="448" count="0" type="stmt"/>
        <line num="452" count="37" type="stmt"/>
        <line num="453" count="37" type="stmt"/>
        <line num="454" count="140" type="stmt"/>
        <line num="455" count="210" type="stmt"/>
        <line num="457" count="316" type="stmt"/>
        <line num="459" count="140" type="cond" truecount="4" falsecount="0"/>
        <line num="460" count="28" type="stmt"/>
        <line num="461" count="28" type="stmt"/>
        <line num="462" count="28" type="stmt"/>
        <line num="463" count="28" type="stmt"/>
        <line num="464" count="28" type="stmt"/>
        <line num="469" count="37" type="cond" truecount="2" falsecount="0"/>
        <line num="470" count="9" type="stmt"/>
        <line num="471" count="27" type="stmt"/>
        <line num="472" count="14" type="cond" truecount="2" falsecount="0"/>
        <line num="473" count="4" type="stmt"/>
        <line num="474" count="4" type="stmt"/>
        <line num="475" count="4" type="stmt"/>
        <line num="476" count="4" type="stmt"/>
        <line num="483" count="19" type="cond" truecount="2" falsecount="0"/>
        <line num="484" count="1" type="stmt"/>
        <line num="489" count="15" type="stmt"/>
        <line num="490" count="45" type="stmt"/>
        <line num="493" count="45" type="stmt"/>
        <line num="494" count="45" type="stmt"/>
        <line num="495" count="179" type="stmt"/>
        <line num="504" count="45" type="stmt"/>
        <line num="513" count="15" type="cond" truecount="2" falsecount="0"/>
        <line num="514" count="1" type="stmt"/>
        <line num="515" count="13" type="stmt"/>
        <line num="517" count="1" type="stmt"/>
        <line num="519" count="1" type="stmt"/>
        <line num="524" count="15" type="stmt"/>
        <line num="526" count="15" type="stmt"/>
        <line num="540" count="0" type="stmt"/>
        <line num="541" count="0" type="stmt"/>
        <line num="544" count="0" type="stmt"/>
        <line num="545" count="0" type="stmt"/>
        <line num="547" count="0" type="cond" truecount="0" falsecount="2"/>
        <line num="548" count="0" type="stmt"/>
        <line num="549" count="0" type="stmt"/>
        <line num="554" count="0" type="stmt"/>
        <line num="564" count="15" type="stmt"/>
        <line num="565" count="15" type="stmt"/>
        <line num="566" count="15" type="stmt"/>
        <line num="568" count="15" type="stmt"/>
        <line num="569" count="253" type="stmt"/>
        <line num="572" count="15" type="stmt"/>
        <line num="573" count="75" type="stmt"/>
        <line num="576" count="15" type="cond" truecount="2" falsecount="0"/>
        <line num="577" count="2" type="stmt"/>
        <line num="578" count="2" type="stmt"/>
        <line num="581" count="13" type="stmt"/>
        <line num="590" count="0" type="stmt"/>
        <line num="601" count="0" type="stmt"/>
        <line num="602" count="0" type="stmt"/>
        <line num="611" count="0" type="stmt"/>
        <line num="612" count="0" type="stmt"/>
        <line num="623" count="0" type="stmt"/>
        <line num="624" count="0" type="stmt"/>
        <line num="625" count="0" type="stmt"/>
        <line num="626" count="0" type="stmt"/>
        <line num="627" count="0" type="stmt"/>
        <line num="630" count="0" type="stmt"/>
      </file>
      <file name="exercise-selector.ts" path="/home/runner/work/workout-native/workout-native/lib/workout-generator/exercise-selector.ts">
        <metrics statements="33" coveredstatements="33" conditionals="21" coveredconditionals="21" methods="14" coveredmethods="14"/>
        <line num="17" count="24" type="stmt"/>
        <line num="19" count="324" type="cond" truecount="3" falsecount="0"/>
        <line num="33" count="162" type="stmt"/>
        <line num="34" count="1013" type="stmt"/>
        <line num="45" count="4" type="stmt"/>
        <line num="46" count="19" type="stmt"/>
        <line num="57" count="50" type="stmt"/>
        <line num="58" count="677" type="stmt"/>
        <line num="71" count="37" type="stmt"/>
        <line num="72" count="37" type="stmt"/>
        <line num="74" count="37" type="stmt"/>
        <line num="75" count="158" type="stmt"/>
        <line num="81" count="158" type="stmt"/>
        <line num="82" count="289" type="cond" truecount="4" falsecount="0"/>
        <line num="83" count="250" type="cond" truecount="4" falsecount="0"/>
        <line num="84" count="225" type="stmt"/>
        <line num="88" count="158" type="stmt"/>
        <line num="89" count="158" type="stmt"/>
        <line num="92" count="158" type="cond" truecount="2" falsecount="0"/>
        <line num="93" count="31" type="stmt"/>
        <line num="97" count="37" type="stmt"/>
        <line num="104" count="127" type="stmt"/>
        <line num="106" count="397" type="cond" truecount="4" falsecount="0"/>
        <line num="107" count="318" type="cond" truecount="4" falsecount="0"/>
        <line num="109" count="289" type="stmt"/>
        <line num="124" count="9" type="stmt"/>
        <line num="127" count="9" type="stmt"/>
        <line num="129" count="9" type="stmt"/>
        <line num="132" count="9" type="stmt"/>
        <line num="133" count="46" type="stmt"/>
        <line num="139" count="46" type="stmt"/>
        <line num="142" count="46" type="stmt"/>
        <line num="145" count="9" type="stmt"/>
      </file>
      <file name="muscle-groups.ts" path="/home/runner/work/workout-native/workout-native/lib/workout-generator/muscle-groups.ts">
        <metrics statements="42" coveredstatements="40" conditionals="20" coveredconditionals="18" methods="11" coveredmethods="11"/>
        <line num="22" count="63" type="cond" truecount="5" falsecount="0"/>
        <line num="25" count="48" type="stmt"/>
        <line num="27" count="10" type="stmt"/>
        <line num="29" count="3" type="stmt"/>
        <line num="31" count="2" type="stmt"/>
        <line num="40" count="57" type="stmt"/>
        <line num="42" count="57" type="cond" truecount="3" falsecount="1"/>
        <line num="44" count="46" type="stmt"/>
        <line num="46" count="9" type="stmt"/>
        <line num="48" count="2" type="stmt"/>
        <line num="50" count="0" type="stmt"/>
        <line num="59" count="24" type="stmt"/>
        <line num="60" count="24" type="stmt"/>
        <line num="62" count="24" type="stmt"/>
        <line num="63" count="326" type="stmt"/>
        <line num="67" count="24" type="stmt"/>
        <line num="68" count="144" type="stmt"/>
        <line num="76" count="46" type="stmt"/>
        <line num="77" count="46" type="stmt"/>
        <line num="85" count="46" type="stmt"/>
        <line num="86" count="131" type="stmt"/>
        <line num="93" count="46" type="stmt"/>
        <line num="101" count="9" type="stmt"/>
        <line num="132" count="2" type="stmt"/>
        <line num="166" count="131" type="cond" truecount="2" falsecount="0"/>
        <line num="167" count="14" type="cond" truecount="2" falsecount="0"/>
        <line num="169" count="117" type="cond" truecount="1" falsecount="1"/>
        <line num="170" count="117" type="stmt"/>
        <line num="172" count="0" type="stmt"/>
        <line num="186" count="5" type="cond" truecount="3" falsecount="0"/>
        <line num="188" count="3" type="stmt"/>
        <line num="189" count="3" type="stmt"/>
        <line num="191" count="1" type="stmt"/>
        <line num="192" count="1" type="stmt"/>
        <line num="194" count="1" type="stmt"/>
        <line num="195" count="1" type="stmt"/>
        <line num="199" count="5" type="stmt"/>
        <line num="200" count="5" type="stmt"/>
        <line num="202" count="5" type="stmt"/>
        <line num="203" count="5" type="stmt"/>
        <line num="205" count="16" type="cond" truecount="2" falsecount="0"/>
        <line num="208" count="5" type="stmt"/>
      </file>
      <file name="types.ts" path="/home/runner/work/workout-native/workout-native/lib/workout-generator/types.ts">
        <metrics statements="0" coveredstatements="0" conditionals="0" coveredconditionals="0" methods="0" coveredmethods="0"/>
      </file>
    </package>
  </project>
</coverage>
