{"/home/runner/work/workout-native/workout-native/components/Calendar.tsx": {"path":"/home/runner/work/workout-native/workout-native/components/Calendar.tsx","statementMap":{"0":{"start":{"line":39,"column":22},"end":{"line":39,"column":49}},"1":{"start":{"line":40,"column":26},"end":{"line":40,"column":57}},"2":{"start":{"line":43,"column":25},"end":{"line":43,"column":69}},"3":{"start":{"line":46,"column":16},"end":{"line":46,"column":26}},"4":{"start":{"line":47,"column":19},"end":{"line":47,"column":39}},"5":{"start":{"line":48,"column":25},"end":{"line":48,"column":83}},"6":{"start":{"line":51,"column":19},"end":{"line":51,"column":54}},"7":{"start":{"line":54,"column":84},"end":{"line":54,"column":86}},"8":{"start":{"line":57,"column":20},"end":{"line":57,"column":48}},"9":{"start":{"line":58,"column":19},"end":{"line":58,"column":48}},"10":{"start":{"line":59,"column":26},"end":{"line":59,"column":61}},"11":{"start":{"line":61,"column":2},"end":{"line":68,"column":3}},"12":{"start":{"line":61,"column":15},"end":{"line":61,"column":34}},"13":{"start":{"line":62,"column":16},"end":{"line":62,"column":35}},"14":{"start":{"line":63,"column":4},"end":{"line":67,"column":7}},"15":{"start":{"line":71,"column":2},"end":{"line":77,"column":3}},"16":{"start":{"line":71,"column":17},"end":{"line":71,"column":18}},"17":{"start":{"line":72,"column":4},"end":{"line":76,"column":7}},"18":{"start":{"line":79,"column":2},"end":{"line":145,"column":4}},"19":{"start":{"line":84,"column":10},"end":{"line":88,"column":17}},"20":{"start":{"line":95,"column":26},"end":{"line":95,"column":57}},"21":{"start":{"line":96,"column":29},"end":{"line":96,"column":56}},"22":{"start":{"line":97,"column":26},"end":{"line":97,"column":64}},"23":{"start":{"line":99,"column":10},"end":{"line":141,"column":12}},"24":{"start":{"line":103,"column":18},"end":{"line":105,"column":19}},"25":{"start":{"line":104,"column":20},"end":{"line":104,"column":49}}},"fnMap":{"0":{"name":"Calendar","decl":{"start":{"line":32,"column":16},"end":{"line":32,"column":24}},"loc":{"start":{"line":38,"column":18},"end":{"line":146,"column":1}},"line":38},"1":{"name":"(anonymous_1)","decl":{"start":{"line":83,"column":22},"end":{"line":83,"column":23}},"loc":{"start":{"line":84,"column":10},"end":{"line":88,"column":17}},"line":84},"2":{"name":"(anonymous_2)","decl":{"start":{"line":94,"column":26},"end":{"line":94,"column":27}},"loc":{"start":{"line":94,"column":50},"end":{"line":142,"column":9}},"line":94},"3":{"name":"(anonymous_3)","decl":{"start":{"line":102,"column":25},"end":{"line":102,"column":26}},"loc":{"start":{"line":102,"column":31},"end":{"line":106,"column":17}},"line":102}},"branchMap":{"0":{"loc":{"start":{"line":48,"column":25},"end":{"line":48,"column":83}},"type":"binary-expr","locations":[{"start":{"line":48,"column":25},"end":{"line":48,"column":53}},{"start":{"line":48,"column":57},"end":{"line":48,"column":83}}],"line":48},"1":{"loc":{"start":{"line":57,"column":20},"end":{"line":57,"column":48}},"type":"cond-expr","locations":[{"start":{"line":57,"column":34},"end":{"line":57,"column":36}},{"start":{"line":57,"column":39},"end":{"line":57,"column":48}}],"line":57},"2":{"loc":{"start":{"line":58,"column":19},"end":{"line":58,"column":48}},"type":"cond-expr","locations":[{"start":{"line":58,"column":33},"end":{"line":58,"column":41}},{"start":{"line":58,"column":44},"end":{"line":58,"column":48}}],"line":58},"3":{"loc":{"start":{"line":97,"column":26},"end":{"line":97,"column":64}},"type":"binary-expr","locations":[{"start":{"line":97,"column":26},"end":{"line":97,"column":40}},{"start":{"line":97,"column":44},"end":{"line":97,"column":64}}],"line":97},"4":{"loc":{"start":{"line":103,"column":18},"end":{"line":105,"column":19}},"type":"if","locations":[{"start":{"line":103,"column":18},"end":{"line":105,"column":19}},{"start":{},"end":{}}],"line":103},"5":{"loc":{"start":{"line":103,"column":22},"end":{"line":103,"column":62}},"type":"binary-expr","locations":[{"start":{"line":103,"column":22},"end":{"line":103,"column":48}},{"start":{"line":103,"column":52},"end":{"line":103,"column":62}}],"line":103},"6":{"loc":{"start":{"line":111,"column":18},"end":{"line":113,"column":34}},"type":"cond-expr","locations":[{"start":{"line":112,"column":22},"end":{"line":112,"column":41}},{"start":{"line":113,"column":22},"end":{"line":113,"column":34}}],"line":111},"7":{"loc":{"start":{"line":115,"column":18},"end":{"line":115,"column":83}},"type":"binary-expr","locations":[{"start":{"line":115,"column":18},"end":{"line":115,"column":25}},{"start":{"line":115,"column":29},"end":{"line":115,"column":39}},{"start":{"line":115,"column":43},"end":{"line":115,"column":83}}],"line":115},"8":{"loc":{"start":{"line":117,"column":18},"end":{"line":117,"column":59}},"type":"binary-expr","locations":[{"start":{"line":117,"column":18},"end":{"line":117,"column":26}},{"start":{"line":117,"column":30},"end":{"line":117,"column":40}},{"start":{"line":117,"column":44},"end":{"line":117,"column":59}}],"line":117},"9":{"loc":{"start":{"line":119,"column":18},"end":{"line":119,"column":106}},"type":"binary-expr","locations":[{"start":{"line":119,"column":18},"end":{"line":119,"column":29}},{"start":{"line":119,"column":33},"end":{"line":119,"column":59}},{"start":{"line":119,"column":63},"end":{"line":119,"column":106}}],"line":119},"10":{"loc":{"start":{"line":128,"column":20},"end":{"line":128,"column":77}},"type":"binary-expr","locations":[{"start":{"line":128,"column":20},"end":{"line":128,"column":27}},{"start":{"line":128,"column":31},"end":{"line":128,"column":41}},{"start":{"line":128,"column":45},"end":{"line":128,"column":77}}],"line":128},"11":{"loc":{"start":{"line":130,"column":20},"end":{"line":130,"column":70}},"type":"binary-expr","locations":[{"start":{"line":130,"column":20},"end":{"line":130,"column":28}},{"start":{"line":130,"column":32},"end":{"line":130,"column":42}},{"start":{"line":130,"column":46},"end":{"line":130,"column":70}}],"line":130},"12":{"loc":{"start":{"line":132,"column":20},"end":{"line":132,"column":89}},"type":"binary-expr","locations":[{"start":{"line":132,"column":20},"end":{"line":132,"column":46}},{"start":{"line":132,"column":50},"end":{"line":132,"column":61}},{"start":{"line":132,"column":65},"end":{"line":132,"column":89}}],"line":132},"13":{"loc":{"start":{"line":134,"column":20},"end":{"line":134,"column":85}},"type":"binary-expr","locations":[{"start":{"line":134,"column":20},"end":{"line":134,"column":47}},{"start":{"line":134,"column":51},"end":{"line":134,"column":85}}],"line":134}},"s":{"0":23,"1":23,"2":23,"3":23,"4":23,"5":23,"6":23,"7":23,"8":23,"9":23,"10":23,"11":23,"12":23,"13":51,"14":51,"15":23,"16":23,"17":707,"18":23,"19":161,"20":758,"21":758,"22":758,"23":758,"24":2,"25":1},"f":{"0":23,"1":161,"2":758,"3":2},"b":{"0":[23,9],"1":[9,14],"2":[9,14],"3":[758,315],"4":[1,1],"5":[2,2],"6":[707,51],"7":[758,9,0],"8":[758,749,23],"9":[758,735,684],"10":[758,9,0],"11":[758,749,23],"12":[758,707,684],"13":[758,51]},"_coverageSchema":"1a1c01bbd47fc00a2c39e90264f33305004495a9","hash":"b4e6a74b647d2cf3e23f47c82206355f39b5aea6"}
,"/home/runner/work/workout-native/workout-native/components/ExerciseCardWithActions.tsx": {"path":"/home/runner/work/workout-native/workout-native/components/ExerciseCardWithActions.tsx","statementMap":{"0":{"start":{"line":41,"column":2},"end":{"line":132,"column":4}},"1":{"start":{"line":77,"column":14},"end":{"line":92,"column":21}}},"fnMap":{"0":{"name":"ExerciseCardWithActions","decl":{"start":{"line":33,"column":16},"end":{"line":33,"column":39}},"loc":{"start":{"line":40,"column":33},"end":{"line":133,"column":1}},"line":40},"1":{"name":"(anonymous_1)","decl":{"start":{"line":76,"column":40},"end":{"line":76,"column":41}},"loc":{"start":{"line":77,"column":14},"end":{"line":92,"column":21}},"line":77}},"branchMap":{"0":{"loc":{"start":{"line":38,"column":2},"end":{"line":38,"column":31}},"type":"default-arg","locations":[{"start":{"line":38,"column":26},"end":{"line":38,"column":31}}],"line":38},"1":{"loc":{"start":{"line":56,"column":14},"end":{"line":56,"column":71}},"type":"cond-expr","locations":[{"start":{"line":56,"column":37},"end":{"line":56,"column":52}},{"start":{"line":56,"column":55},"end":{"line":56,"column":71}}],"line":56},"2":{"loc":{"start":{"line":62,"column":16},"end":{"line":62,"column":71}},"type":"cond-expr","locations":[{"start":{"line":62,"column":39},"end":{"line":62,"column":53}},{"start":{"line":62,"column":56},"end":{"line":62,"column":71}}],"line":62},"3":{"loc":{"start":{"line":65,"column":15},"end":{"line":65,"column":61}},"type":"cond-expr","locations":[{"start":{"line":65,"column":38},"end":{"line":65,"column":48}},{"start":{"line":65,"column":51},"end":{"line":65,"column":61}}],"line":65},"4":{"loc":{"start":{"line":70,"column":11},"end":{"line":70,"column":54}},"type":"binary-expr","locations":[{"start":{"line":70,"column":11},"end":{"line":70,"column":38}},{"start":{"line":70,"column":42},"end":{"line":70,"column":54}}],"line":70},"5":{"loc":{"start":{"line":74,"column":9},"end":{"line":95,"column":9}},"type":"binary-expr","locations":[{"start":{"line":74,"column":9},"end":{"line":74,"column":30}},{"start":{"line":75,"column":10},"end":{"line":94,"column":17}}],"line":74},"6":{"loc":{"start":{"line":81,"column":18},"end":{"line":81,"column":64}},"type":"cond-expr","locations":[{"start":{"line":81,"column":30},"end":{"line":81,"column":45}},{"start":{"line":81,"column":48},"end":{"line":81,"column":64}}],"line":81},"7":{"loc":{"start":{"line":87,"column":20},"end":{"line":87,"column":64}},"type":"cond-expr","locations":[{"start":{"line":87,"column":32},"end":{"line":87,"column":46}},{"start":{"line":87,"column":49},"end":{"line":87,"column":64}}],"line":87},"8":{"loc":{"start":{"line":114,"column":19},"end":{"line":114,"column":51}},"type":"cond-expr","locations":[{"start":{"line":114,"column":31},"end":{"line":114,"column":39}},{"start":{"line":114,"column":42},"end":{"line":114,"column":51}}],"line":114},"9":{"loc":{"start":{"line":121,"column":12},"end":{"line":121,"column":38}},"type":"binary-expr","locations":[{"start":{"line":121,"column":12},"end":{"line":121,"column":22}},{"start":{"line":121,"column":26},"end":{"line":121,"column":38}}],"line":121},"10":{"loc":{"start":{"line":127,"column":19},"end":{"line":127,"column":84}},"type":"cond-expr","locations":[{"start":{"line":127,"column":31},"end":{"line":127,"column":58}},{"start":{"line":127,"column":61},"end":{"line":127,"column":84}}],"line":127}},"s":{"0":29,"1":0},"f":{"0":29,"1":0},"b":{"0":[29],"1":[19,10],"2":[19,10],"3":[19,10],"4":[29,1],"5":[29,0],"6":[0,0],"7":[0,0],"8":[26,3],"9":[29,3],"10":[26,3]},"_coverageSchema":"1a1c01bbd47fc00a2c39e90264f33305004495a9","hash":"315899043ff832666af59726bf941704cfd1940a"}
,"/home/runner/work/workout-native/workout-native/components/ExerciseListItem.tsx": {"path":"/home/runner/work/workout-native/workout-native/components/ExerciseListItem.tsx","statementMap":{"0":{"start":{"line":15,"column":2},"end":{"line":42,"column":4}}},"fnMap":{"0":{"name":"ExerciseListItem","decl":{"start":{"line":14,"column":16},"end":{"line":14,"column":32}},"loc":{"start":{"line":14,"column":70},"end":{"line":43,"column":1}},"line":14}},"branchMap":{"0":{"loc":{"start":{"line":31,"column":11},"end":{"line":31,"column":63}},"type":"binary-expr","locations":[{"start":{"line":31,"column":11},"end":{"line":31,"column":47}},{"start":{"line":31,"column":51},"end":{"line":31,"column":63}}],"line":31}},"s":{"0":10},"f":{"0":10},"b":{"0":[10,1]},"_coverageSchema":"1a1c01bbd47fc00a2c39e90264f33305004495a9","hash":"01bf9c34ffd19bd04c1ff36b5991da4fab989ba3"}
,"/home/runner/work/workout-native/workout-native/components/ExercisePickerItem.tsx": {"path":"/home/runner/work/workout-native/workout-native/components/ExercisePickerItem.tsx","statementMap":{"0":{"start":{"line":29,"column":2},"end":{"line":96,"column":4}},"1":{"start":{"line":67,"column":12},"end":{"line":82,"column":19}}},"fnMap":{"0":{"name":"ExercisePickerItem","decl":{"start":{"line":25,"column":16},"end":{"line":25,"column":34}},"loc":{"start":{"line":28,"column":28},"end":{"line":97,"column":1}},"line":28},"1":{"name":"(anonymous_1)","decl":{"start":{"line":66,"column":38},"end":{"line":66,"column":39}},"loc":{"start":{"line":67,"column":12},"end":{"line":82,"column":19}},"line":67}},"branchMap":{"0":{"loc":{"start":{"line":47,"column":14},"end":{"line":47,"column":71}},"type":"cond-expr","locations":[{"start":{"line":47,"column":37},"end":{"line":47,"column":52}},{"start":{"line":47,"column":55},"end":{"line":47,"column":71}}],"line":47},"1":{"loc":{"start":{"line":53,"column":16},"end":{"line":53,"column":71}},"type":"cond-expr","locations":[{"start":{"line":53,"column":39},"end":{"line":53,"column":53}},{"start":{"line":53,"column":56},"end":{"line":53,"column":71}}],"line":53},"2":{"loc":{"start":{"line":56,"column":15},"end":{"line":56,"column":61}},"type":"cond-expr","locations":[{"start":{"line":56,"column":38},"end":{"line":56,"column":48}},{"start":{"line":56,"column":51},"end":{"line":56,"column":61}}],"line":56},"3":{"loc":{"start":{"line":61,"column":11},"end":{"line":61,"column":54}},"type":"binary-expr","locations":[{"start":{"line":61,"column":11},"end":{"line":61,"column":38}},{"start":{"line":61,"column":42},"end":{"line":61,"column":54}}],"line":61},"4":{"loc":{"start":{"line":71,"column":16},"end":{"line":71,"column":62}},"type":"cond-expr","locations":[{"start":{"line":71,"column":28},"end":{"line":71,"column":43}},{"start":{"line":71,"column":46},"end":{"line":71,"column":62}}],"line":71},"5":{"loc":{"start":{"line":77,"column":18},"end":{"line":77,"column":62}},"type":"cond-expr","locations":[{"start":{"line":77,"column":30},"end":{"line":77,"column":44}},{"start":{"line":77,"column":47},"end":{"line":77,"column":62}}],"line":77},"6":{"loc":{"start":{"line":86,"column":9},"end":{"line":90,"column":9}},"type":"binary-expr","locations":[{"start":{"line":86,"column":9},"end":{"line":86,"column":29}},{"start":{"line":87,"column":10},"end":{"line":89,"column":17}}],"line":86}},"s":{"0":54,"1":110},"f":{"0":54,"1":110},"b":{"0":[33,21],"1":[33,21],"2":[33,21],"3":[54,1],"4":[54,56],"5":[54,56],"6":[54,33]},"_coverageSchema":"1a1c01bbd47fc00a2c39e90264f33305004495a9","hash":"b2667e9645ad913b0ec41ab3c1a96d6281f80bd2"}
,"/home/runner/work/workout-native/workout-native/components/MuscleGroupSection.tsx": {"path":"/home/runner/work/workout-native/workout-native/components/MuscleGroupSection.tsx","statementMap":{"0":{"start":{"line":45,"column":28},"end":{"line":45,"column":48}},"1":{"start":{"line":47,"column":2},"end":{"line":85,"column":4}},"2":{"start":{"line":63,"column":8},"end":{"line":69,"column":10}},"3":{"start":{"line":66,"column":24},"end":{"line":66,"column":43}},"4":{"start":{"line":67,"column":26},"end":{"line":67,"column":47}}},"fnMap":{"0":{"name":"MuscleGroupSection","decl":{"start":{"line":35,"column":16},"end":{"line":35,"column":34}},"loc":{"start":{"line":43,"column":28},"end":{"line":86,"column":1}},"line":43},"1":{"name":"(anonymous_1)","decl":{"start":{"line":62,"column":21},"end":{"line":62,"column":22}},"loc":{"start":{"line":63,"column":8},"end":{"line":69,"column":10}},"line":63},"2":{"name":"(anonymous_2)","decl":{"start":{"line":66,"column":18},"end":{"line":66,"column":19}},"loc":{"start":{"line":66,"column":24},"end":{"line":66,"column":43}},"line":66},"3":{"name":"(anonymous_3)","decl":{"start":{"line":67,"column":20},"end":{"line":67,"column":21}},"loc":{"start":{"line":67,"column":26},"end":{"line":67,"column":47}},"line":67}},"branchMap":{"0":{"loc":{"start":{"line":73,"column":7},"end":{"line":83,"column":7}},"type":"binary-expr","locations":[{"start":{"line":73,"column":7},"end":{"line":73,"column":13}},{"start":{"line":74,"column":8},"end":{"line":82,"column":20}}],"line":73}},"s":{"0":11,"1":11,"2":19,"3":1,"4":1},"f":{"0":11,"1":19,"2":1,"3":1},"b":{"0":[11,10]},"_coverageSchema":"1a1c01bbd47fc00a2c39e90264f33305004495a9","hash":"030bcc6e574de611de0300eac32c3c2c1c9e04f3"}
,"/home/runner/work/workout-native/workout-native/components/ProgressChart.tsx": {"path":"/home/runner/work/workout-native/workout-native/components/ProgressChart.tsx","statementMap":{"0":{"start":{"line":21,"column":2},"end":{"line":33,"column":3}},"1":{"start":{"line":22,"column":4},"end":{"line":32,"column":6}},"2":{"start":{"line":36,"column":21},"end":{"line":36,"column":56}},"3":{"start":{"line":37,"column":22},"end":{"line":37,"column":25}},"4":{"start":{"line":38,"column":18},"end":{"line":38,"column":62}},"5":{"start":{"line":40,"column":20},"end":{"line":40,"column":61}},"6":{"start":{"line":41,"column":21},"end":{"line":41,"column":63}},"7":{"start":{"line":44,"column":18},"end":{"line":44,"column":43}},"8":{"start":{"line":44,"column":34},"end":{"line":44,"column":42}},"9":{"start":{"line":45,"column":20},"end":{"line":45,"column":40}},"10":{"start":{"line":46,"column":20},"end":{"line":46,"column":40}},"11":{"start":{"line":47,"column":22},"end":{"line":47,"column":49}},"12":{"start":{"line":50,"column":19},"end":{"line":50,"column":60}},"13":{"start":{"line":51,"column":19},"end":{"line":51,"column":59}},"14":{"start":{"line":52,"column":21},"end":{"line":52,"column":40}},"15":{"start":{"line":55,"column":21},"end":{"line":57,"column":3}},"16":{"start":{"line":56,"column":14},"end":{"line":56,"column":69}},"17":{"start":{"line":60,"column":17},"end":{"line":65,"column":4}},"18":{"start":{"line":61,"column":14},"end":{"line":61,"column":70}},"19":{"start":{"line":63,"column":6},"end":{"line":63,"column":72}},"20":{"start":{"line":64,"column":4},"end":{"line":64,"column":30}},"21":{"start":{"line":68,"column":21},"end":{"line":71,"column":3}},"22":{"start":{"line":69,"column":17},"end":{"line":69,"column":34}},"23":{"start":{"line":70,"column":4},"end":{"line":70,"column":80}},"24":{"start":{"line":75,"column":4},"end":{"line":81,"column":49}},"25":{"start":{"line":81,"column":30},"end":{"line":81,"column":48}},"26":{"start":{"line":83,"column":2},"end":{"line":215,"column":4}},"27":{"start":{"line":140,"column":14},"end":{"line":144,"column":16}},"28":{"start":{"line":150,"column":12},"end":{"line":150,"column":41}},"29":{"start":{"line":150,"column":29},"end":{"line":150,"column":41}},"30":{"start":{"line":151,"column":30},"end":{"line":151,"column":47}},"31":{"start":{"line":154,"column":23},"end":{"line":154,"column":44}},"32":{"start":{"line":155,"column":23},"end":{"line":155,"column":44}},"33":{"start":{"line":156,"column":27},"end":{"line":156,"column":55}},"34":{"start":{"line":157,"column":26},"end":{"line":157,"column":44}},"35":{"start":{"line":160,"column":28},"end":{"line":160,"column":55}},"36":{"start":{"line":161,"column":28},"end":{"line":161,"column":55}},"37":{"start":{"line":164,"column":12},"end":{"line":175,"column":14}},"38":{"start":{"line":180,"column":12},"end":{"line":187,"column":14}},"39":{"start":{"line":205,"column":12},"end":{"line":210,"column":19}}},"fnMap":{"0":{"name":"ProgressChart","decl":{"start":{"line":19,"column":16},"end":{"line":19,"column":29}},"loc":{"start":{"line":19,"column":71},"end":{"line":216,"column":1}},"line":19},"1":{"name":"(anonymous_1)","decl":{"start":{"line":44,"column":27},"end":{"line":44,"column":28}},"loc":{"start":{"line":44,"column":34},"end":{"line":44,"column":42}},"line":44},"2":{"name":"(anonymous_2)","decl":{"start":{"line":56,"column":4},"end":{"line":56,"column":5}},"loc":{"start":{"line":56,"column":14},"end":{"line":56,"column":69}},"line":56},"3":{"name":"(anonymous_3)","decl":{"start":{"line":60,"column":32},"end":{"line":60,"column":33}},"loc":{"start":{"line":60,"column":50},"end":{"line":65,"column":3}},"line":60},"4":{"name":"(anonymous_4)","decl":{"start":{"line":68,"column":21},"end":{"line":68,"column":22}},"loc":{"start":{"line":68,"column":50},"end":{"line":71,"column":3}},"line":68},"5":{"name":"(anonymous_5)","decl":{"start":{"line":81,"column":23},"end":{"line":81,"column":24}},"loc":{"start":{"line":81,"column":30},"end":{"line":81,"column":48}},"line":81},"6":{"name":"(anonymous_6)","decl":{"start":{"line":139,"column":41},"end":{"line":139,"column":42}},"loc":{"start":{"line":140,"column":14},"end":{"line":144,"column":16}},"line":140},"7":{"name":"(anonymous_7)","decl":{"start":{"line":149,"column":22},"end":{"line":149,"column":23}},"loc":{"start":{"line":149,"column":40},"end":{"line":176,"column":11}},"line":149},"8":{"name":"(anonymous_8)","decl":{"start":{"line":179,"column":22},"end":{"line":179,"column":23}},"loc":{"start":{"line":180,"column":12},"end":{"line":187,"column":14}},"line":180},"9":{"name":"(anonymous_9)","decl":{"start":{"line":204,"column":26},"end":{"line":204,"column":27}},"loc":{"start":{"line":205,"column":12},"end":{"line":210,"column":19}},"line":205}},"branchMap":{"0":{"loc":{"start":{"line":21,"column":2},"end":{"line":33,"column":3}},"type":"if","locations":[{"start":{"line":21,"column":2},"end":{"line":33,"column":3}},{"start":{},"end":{}}],"line":21},"1":{"loc":{"start":{"line":47,"column":22},"end":{"line":47,"column":49}},"type":"binary-expr","locations":[{"start":{"line":47,"column":22},"end":{"line":47,"column":43}},{"start":{"line":47,"column":47},"end":{"line":47,"column":49}}],"line":47},"2":{"loc":{"start":{"line":75,"column":4},"end":{"line":81,"column":49}},"type":"cond-expr","locations":[{"start":{"line":76,"column":8},"end":{"line":80,"column":9}},{"start":{"line":81,"column":8},"end":{"line":81,"column":49}}],"line":75},"3":{"loc":{"start":{"line":150,"column":12},"end":{"line":150,"column":41}},"type":"if","locations":[{"start":{"line":150,"column":12},"end":{"line":150,"column":41}},{"start":{},"end":{}}],"line":150}},"s":{"0":10,"1":1,"2":9,"3":9,"4":9,"5":9,"6":9,"7":9,"8":20,"9":9,"10":9,"11":9,"12":9,"13":9,"14":9,"15":9,"16":11,"17":9,"18":20,"19":20,"20":20,"21":9,"22":20,"23":20,"24":9,"25":5,"26":9,"27":45,"28":20,"29":9,"30":11,"31":11,"32":11,"33":11,"34":11,"35":11,"36":11,"37":11,"38":20,"39":20},"f":{"0":10,"1":20,"2":11,"3":20,"4":20,"5":5,"6":45,"7":20,"8":20,"9":20},"b":{"0":[1,9],"1":[9,3],"2":[5,4],"3":[9,11]},"_coverageSchema":"1a1c01bbd47fc00a2c39e90264f33305004495a9","hash":"b4bfb085c14b1665bce49e5e6408167042e4eea5"}
,"/home/runner/work/workout-native/workout-native/components/SessionCard.tsx": {"path":"/home/runner/work/workout-native/workout-native/components/SessionCard.tsx","statementMap":{"0":{"start":{"line":18,"column":38},"end":{"line":18,"column":53}},"1":{"start":{"line":20,"column":24},"end":{"line":20,"column":48}},"2":{"start":{"line":21,"column":23},"end":{"line":21,"column":69}},"3":{"start":{"line":23,"column":2},"end":{"line":66,"column":4}},"4":{"start":{"line":26,"column":23},"end":{"line":26,"column":49}},"5":{"start":{"line":60,"column":14},"end":{"line":60,"column":64}}},"fnMap":{"0":{"name":"SessionCard","decl":{"start":{"line":17,"column":16},"end":{"line":17,"column":27}},"loc":{"start":{"line":17,"column":59},"end":{"line":67,"column":1}},"line":17},"1":{"name":"(anonymous_1)","decl":{"start":{"line":26,"column":17},"end":{"line":26,"column":18}},"loc":{"start":{"line":26,"column":23},"end":{"line":26,"column":49}},"line":26},"2":{"name":"(anonymous_2)","decl":{"start":{"line":59,"column":35},"end":{"line":59,"column":36}},"loc":{"start":{"line":60,"column":14},"end":{"line":60,"column":64}},"line":60}},"branchMap":{"0":{"loc":{"start":{"line":21,"column":23},"end":{"line":21,"column":69}},"type":"cond-expr","locations":[{"start":{"line":21,"column":45},"end":{"line":21,"column":55}},{"start":{"line":21,"column":58},"end":{"line":21,"column":69}}],"line":21},"1":{"loc":{"start":{"line":45,"column":18},"end":{"line":45,"column":60}},"type":"cond-expr","locations":[{"start":{"line":45,"column":31},"end":{"line":45,"column":44}},{"start":{"line":45,"column":47},"end":{"line":45,"column":60}}],"line":45},"2":{"loc":{"start":{"line":57,"column":9},"end":{"line":63,"column":9}},"type":"binary-expr","locations":[{"start":{"line":57,"column":9},"end":{"line":57,"column":19}},{"start":{"line":58,"column":10},"end":{"line":62,"column":17}}],"line":57}},"s":{"0":10,"1":10,"2":10,"3":10,"4":3,"5":4},"f":{"0":10,"1":3,"2":4},"b":{"0":[1,9],"1":[2,8],"2":[10,2]},"_coverageSchema":"1a1c01bbd47fc00a2c39e90264f33305004495a9","hash":"4f45e74f4d77f569ca722a79cbb45f00737c1908"}
,"/home/runner/work/workout-native/workout-native/components/SetTracker.tsx": {"path":"/home/runner/work/workout-native/workout-native/components/SetTracker.tsx","statementMap":{"0":{"start":{"line":46,"column":27},"end":{"line":46,"column":73}},"1":{"start":{"line":50,"column":26},"end":{"line":60,"column":3}},"2":{"start":{"line":51,"column":4},"end":{"line":59,"column":11}},"3":{"start":{"line":53,"column":54},"end":{"line":59,"column":9}},"4":{"start":{"line":64,"column":2},"end":{"line":86,"column":62}},"5":{"start":{"line":65,"column":4},"end":{"line":85,"column":5}},"6":{"start":{"line":70,"column":6},"end":{"line":70,"column":27}},"7":{"start":{"line":71,"column":11},"end":{"line":85,"column":5}},"8":{"start":{"line":76,"column":6},"end":{"line":84,"column":8}},"9":{"start":{"line":77,"column":54},"end":{"line":83,"column":9}},"10":{"start":{"line":89,"column":2},"end":{"line":92,"column":27}},"11":{"start":{"line":90,"column":4},"end":{"line":90,"column":36}},"12":{"start":{"line":91,"column":4},"end":{"line":91,"column":23}},"13":{"start":{"line":95,"column":25},"end":{"line":95,"column":62}},"14":{"start":{"line":95,"column":47},"end":{"line":95,"column":61}},"15":{"start":{"line":100,"column":20},"end":{"line":108,"column":3}},"16":{"start":{"line":105,"column":4},"end":{"line":107,"column":6}},"17":{"start":{"line":106,"column":6},"end":{"line":106,"column":76}},"18":{"start":{"line":106,"column":28},"end":{"line":106,"column":74}},"19":{"start":{"line":113,"column":22},"end":{"line":135,"column":3}},"20":{"start":{"line":114,"column":4},"end":{"line":134,"column":7}},"21":{"start":{"line":115,"column":25},"end":{"line":115,"column":36}},"22":{"start":{"line":116,"column":6},"end":{"line":118,"column":7}},"23":{"start":{"line":117,"column":8},"end":{"line":117,"column":20}},"24":{"start":{"line":120,"column":6},"end":{"line":133,"column":9}},"25":{"start":{"line":121,"column":8},"end":{"line":131,"column":9}},"26":{"start":{"line":123,"column":10},"end":{"line":123,"column":47}},"27":{"start":{"line":124,"column":15},"end":{"line":131,"column":9}},"28":{"start":{"line":126,"column":10},"end":{"line":130,"column":12}},"29":{"start":{"line":132,"column":8},"end":{"line":132,"column":19}},"30":{"start":{"line":140,"column":23},"end":{"line":151,"column":3}},"31":{"start":{"line":141,"column":4},"end":{"line":150,"column":6}},"32":{"start":{"line":142,"column":6},"end":{"line":149,"column":8}},"33":{"start":{"line":143,"column":8},"end":{"line":147,"column":9}},"34":{"start":{"line":144,"column":32},"end":{"line":144,"column":47}},"35":{"start":{"line":145,"column":28},"end":{"line":145,"column":62}},"36":{"start":{"line":146,"column":10},"end":{"line":146,"column":47}},"37":{"start":{"line":148,"column":8},"end":{"line":148,"column":19}},"38":{"start":{"line":156,"column":17},"end":{"line":167,"column":3}},"39":{"start":{"line":157,"column":4},"end":{"line":166,"column":7}},"40":{"start":{"line":157,"column":22},"end":{"line":166,"column":5}},"41":{"start":{"line":169,"column":2},"end":{"line":342,"column":4}},"42":{"start":{"line":197,"column":25},"end":{"line":197,"column":49}},"43":{"start":{"line":198,"column":28},"end":{"line":198,"column":43}},"44":{"start":{"line":199,"column":25},"end":{"line":199,"column":72}},"45":{"start":{"line":201,"column":8},"end":{"line":329,"column":10}},"46":{"start":{"line":219,"column":31},"end":{"line":219,"column":54}},"47":{"start":{"line":237,"column":31},"end":{"line":237,"column":53}},"48":{"start":{"line":261,"column":30},"end":{"line":261,"column":60}},"49":{"start":{"line":262,"column":18},"end":{"line":262,"column":50}},"50":{"start":{"line":284,"column":30},"end":{"line":284,"column":62}},"51":{"start":{"line":285,"column":18},"end":{"line":285,"column":48}},"52":{"start":{"line":311,"column":33},"end":{"line":311,"column":51}}},"fnMap":{"0":{"name":"SetTracker","decl":{"start":{"line":36,"column":16},"end":{"line":36,"column":26}},"loc":{"start":{"line":44,"column":20},"end":{"line":343,"column":1}},"line":44},"1":{"name":"(anonymous_1)","decl":{"start":{"line":50,"column":46},"end":{"line":50,"column":47}},"loc":{"start":{"line":51,"column":4},"end":{"line":59,"column":11}},"line":51},"2":{"name":"(anonymous_2)","decl":{"start":{"line":53,"column":43},"end":{"line":53,"column":44}},"loc":{"start":{"line":53,"column":54},"end":{"line":59,"column":9}},"line":53},"3":{"name":"(anonymous_3)","decl":{"start":{"line":64,"column":12},"end":{"line":64,"column":13}},"loc":{"start":{"line":64,"column":18},"end":{"line":86,"column":3}},"line":64},"4":{"name":"(anonymous_4)","decl":{"start":{"line":77,"column":43},"end":{"line":77,"column":44}},"loc":{"start":{"line":77,"column":54},"end":{"line":83,"column":9}},"line":77},"5":{"name":"(anonymous_5)","decl":{"start":{"line":89,"column":12},"end":{"line":89,"column":13}},"loc":{"start":{"line":89,"column":18},"end":{"line":92,"column":3}},"line":89},"6":{"name":"(anonymous_6)","decl":{"start":{"line":95,"column":40},"end":{"line":95,"column":41}},"loc":{"start":{"line":95,"column":47},"end":{"line":95,"column":61}},"line":95},"7":{"name":"(anonymous_7)","decl":{"start":{"line":100,"column":20},"end":{"line":100,"column":21}},"loc":{"start":{"line":104,"column":7},"end":{"line":108,"column":3}},"line":104},"8":{"name":"(anonymous_8)","decl":{"start":{"line":105,"column":12},"end":{"line":105,"column":13}},"loc":{"start":{"line":106,"column":6},"end":{"line":106,"column":76}},"line":106},"9":{"name":"(anonymous_9)","decl":{"start":{"line":106,"column":15},"end":{"line":106,"column":16}},"loc":{"start":{"line":106,"column":28},"end":{"line":106,"column":74}},"line":106},"10":{"name":"(anonymous_10)","decl":{"start":{"line":113,"column":22},"end":{"line":113,"column":23}},"loc":{"start":{"line":113,"column":41},"end":{"line":135,"column":3}},"line":113},"11":{"name":"(anonymous_11)","decl":{"start":{"line":114,"column":12},"end":{"line":114,"column":13}},"loc":{"start":{"line":114,"column":22},"end":{"line":134,"column":5}},"line":114},"12":{"name":"(anonymous_12)","decl":{"start":{"line":120,"column":22},"end":{"line":120,"column":23}},"loc":{"start":{"line":120,"column":34},"end":{"line":133,"column":7}},"line":120},"13":{"name":"(anonymous_13)","decl":{"start":{"line":140,"column":23},"end":{"line":140,"column":24}},"loc":{"start":{"line":140,"column":57},"end":{"line":151,"column":3}},"line":140},"14":{"name":"(anonymous_14)","decl":{"start":{"line":141,"column":12},"end":{"line":141,"column":13}},"loc":{"start":{"line":142,"column":6},"end":{"line":149,"column":8}},"line":142},"15":{"name":"(anonymous_15)","decl":{"start":{"line":142,"column":15},"end":{"line":142,"column":16}},"loc":{"start":{"line":142,"column":27},"end":{"line":149,"column":7}},"line":142},"16":{"name":"(anonymous_16)","decl":{"start":{"line":156,"column":17},"end":{"line":156,"column":18}},"loc":{"start":{"line":156,"column":23},"end":{"line":167,"column":3}},"line":156},"17":{"name":"(anonymous_17)","decl":{"start":{"line":157,"column":12},"end":{"line":157,"column":13}},"loc":{"start":{"line":157,"column":22},"end":{"line":166,"column":5}},"line":157},"18":{"name":"(anonymous_18)","decl":{"start":{"line":196,"column":16},"end":{"line":196,"column":17}},"loc":{"start":{"line":196,"column":32},"end":{"line":330,"column":7}},"line":196},"19":{"name":"(anonymous_19)","decl":{"start":{"line":219,"column":25},"end":{"line":219,"column":26}},"loc":{"start":{"line":219,"column":31},"end":{"line":219,"column":54}},"line":219},"20":{"name":"(anonymous_20)","decl":{"start":{"line":237,"column":25},"end":{"line":237,"column":26}},"loc":{"start":{"line":237,"column":31},"end":{"line":237,"column":53}},"line":237},"21":{"name":"(anonymous_21)","decl":{"start":{"line":260,"column":30},"end":{"line":260,"column":31}},"loc":{"start":{"line":260,"column":40},"end":{"line":263,"column":17}},"line":260},"22":{"name":"(anonymous_22)","decl":{"start":{"line":283,"column":30},"end":{"line":283,"column":31}},"loc":{"start":{"line":283,"column":40},"end":{"line":286,"column":17}},"line":283},"23":{"name":"(anonymous_23)","decl":{"start":{"line":311,"column":27},"end":{"line":311,"column":28}},"loc":{"start":{"line":311,"column":33},"end":{"line":311,"column":51}},"line":311}},"branchMap":{"0":{"loc":{"start":{"line":51,"column":4},"end":{"line":59,"column":11}},"type":"cond-expr","locations":[{"start":{"line":52,"column":8},"end":{"line":52,"column":19}},{"start":{"line":53,"column":8},"end":{"line":59,"column":11}}],"line":51},"1":{"loc":{"start":{"line":51,"column":4},"end":{"line":51,"column":41}},"type":"binary-expr","locations":[{"start":{"line":51,"column":4},"end":{"line":51,"column":15}},{"start":{"line":51,"column":19},"end":{"line":51,"column":41}}],"line":51},"2":{"loc":{"start":{"line":55,"column":18},"end":{"line":55,"column":59}},"type":"cond-expr","locations":[{"start":{"line":55,"column":29},"end":{"line":55,"column":51}},{"start":{"line":55,"column":55},"end":{"line":55,"column":59}}],"line":55},"3":{"loc":{"start":{"line":55,"column":29},"end":{"line":55,"column":51}},"type":"binary-expr","locations":[{"start":{"line":55,"column":29},"end":{"line":55,"column":43}},{"start":{"line":55,"column":47},"end":{"line":55,"column":51}}],"line":55},"4":{"loc":{"start":{"line":56,"column":16},"end":{"line":56,"column":55}},"type":"cond-expr","locations":[{"start":{"line":56,"column":27},"end":{"line":56,"column":47}},{"start":{"line":56,"column":51},"end":{"line":56,"column":55}}],"line":56},"5":{"loc":{"start":{"line":56,"column":27},"end":{"line":56,"column":47}},"type":"binary-expr","locations":[{"start":{"line":56,"column":27},"end":{"line":56,"column":39}},{"start":{"line":56,"column":43},"end":{"line":56,"column":47}}],"line":56},"6":{"loc":{"start":{"line":65,"column":4},"end":{"line":85,"column":5}},"type":"if","locations":[{"start":{"line":65,"column":4},"end":{"line":85,"column":5}},{"start":{"line":71,"column":11},"end":{"line":85,"column":5}}],"line":65},"7":{"loc":{"start":{"line":66,"column":6},"end":{"line":68,"column":46}},"type":"binary-expr","locations":[{"start":{"line":66,"column":6},"end":{"line":66,"column":17}},{"start":{"line":67,"column":6},"end":{"line":67,"column":28}},{"start":{"line":68,"column":6},"end":{"line":68,"column":46}}],"line":66},"8":{"loc":{"start":{"line":71,"column":11},"end":{"line":85,"column":5}},"type":"if","locations":[{"start":{"line":71,"column":11},"end":{"line":85,"column":5}},{"start":{},"end":{}}],"line":71},"9":{"loc":{"start":{"line":72,"column":6},"end":{"line":73,"column":76}},"type":"binary-expr","locations":[{"start":{"line":72,"column":6},"end":{"line":72,"column":18}},{"start":{"line":73,"column":7},"end":{"line":73,"column":31}},{"start":{"line":73,"column":35},"end":{"line":73,"column":75}}],"line":72},"10":{"loc":{"start":{"line":79,"column":18},"end":{"line":79,"column":59}},"type":"cond-expr","locations":[{"start":{"line":79,"column":29},"end":{"line":79,"column":51}},{"start":{"line":79,"column":55},"end":{"line":79,"column":59}}],"line":79},"11":{"loc":{"start":{"line":79,"column":29},"end":{"line":79,"column":51}},"type":"binary-expr","locations":[{"start":{"line":79,"column":29},"end":{"line":79,"column":43}},{"start":{"line":79,"column":47},"end":{"line":79,"column":51}}],"line":79},"12":{"loc":{"start":{"line":80,"column":16},"end":{"line":80,"column":55}},"type":"cond-expr","locations":[{"start":{"line":80,"column":27},"end":{"line":80,"column":47}},{"start":{"line":80,"column":51},"end":{"line":80,"column":55}}],"line":80},"13":{"loc":{"start":{"line":80,"column":27},"end":{"line":80,"column":47}},"type":"binary-expr","locations":[{"start":{"line":80,"column":27},"end":{"line":80,"column":39}},{"start":{"line":80,"column":43},"end":{"line":80,"column":47}}],"line":80},"14":{"loc":{"start":{"line":106,"column":28},"end":{"line":106,"column":74}},"type":"cond-expr","locations":[{"start":{"line":106,"column":42},"end":{"line":106,"column":68}},{"start":{"line":106,"column":71},"end":{"line":106,"column":74}}],"line":106},"15":{"loc":{"start":{"line":116,"column":6},"end":{"line":118,"column":7}},"type":"if","locations":[{"start":{"line":116,"column":6},"end":{"line":118,"column":7}},{"start":{},"end":{}}],"line":116},"16":{"loc":{"start":{"line":116,"column":10},"end":{"line":116,"column":64}},"type":"binary-expr","locations":[{"start":{"line":116,"column":10},"end":{"line":116,"column":36}},{"start":{"line":116,"column":40},"end":{"line":116,"column":64}}],"line":116},"17":{"loc":{"start":{"line":121,"column":8},"end":{"line":131,"column":9}},"type":"if","locations":[{"start":{"line":121,"column":8},"end":{"line":131,"column":9}},{"start":{"line":124,"column":15},"end":{"line":131,"column":9}}],"line":121},"18":{"loc":{"start":{"line":124,"column":15},"end":{"line":131,"column":9}},"type":"if","locations":[{"start":{"line":124,"column":15},"end":{"line":131,"column":9}},{"start":{},"end":{}}],"line":124},"19":{"loc":{"start":{"line":124,"column":19},"end":{"line":124,"column":54}},"type":"binary-expr","locations":[{"start":{"line":124,"column":19},"end":{"line":124,"column":34}},{"start":{"line":124,"column":38},"end":{"line":124,"column":54}}],"line":124},"20":{"loc":{"start":{"line":128,"column":20},"end":{"line":128,"column":51}},"type":"binary-expr","locations":[{"start":{"line":128,"column":20},"end":{"line":128,"column":30}},{"start":{"line":128,"column":34},"end":{"line":128,"column":51}}],"line":128},"21":{"loc":{"start":{"line":129,"column":18},"end":{"line":129,"column":45}},"type":"binary-expr","locations":[{"start":{"line":129,"column":18},"end":{"line":129,"column":26}},{"start":{"line":129,"column":30},"end":{"line":129,"column":45}}],"line":129},"22":{"loc":{"start":{"line":143,"column":8},"end":{"line":147,"column":9}},"type":"if","locations":[{"start":{"line":143,"column":8},"end":{"line":147,"column":9}},{"start":{},"end":{}}],"line":143},"23":{"loc":{"start":{"line":144,"column":32},"end":{"line":144,"column":47}},"type":"binary-expr","locations":[{"start":{"line":144,"column":32},"end":{"line":144,"column":42}},{"start":{"line":144,"column":46},"end":{"line":144,"column":47}}],"line":144},"24":{"loc":{"start":{"line":199,"column":25},"end":{"line":199,"column":72}},"type":"binary-expr","locations":[{"start":{"line":199,"column":25},"end":{"line":199,"column":47}},{"start":{"line":199,"column":51},"end":{"line":199,"column":72}}],"line":199},"25":{"loc":{"start":{"line":206,"column":14},"end":{"line":206,"column":60}},"type":"binary-expr","locations":[{"start":{"line":206,"column":14},"end":{"line":206,"column":25}},{"start":{"line":206,"column":29},"end":{"line":206,"column":60}}],"line":206},"26":{"loc":{"start":{"line":207,"column":14},"end":{"line":207,"column":78}},"type":"binary-expr","locations":[{"start":{"line":207,"column":14},"end":{"line":207,"column":22}},{"start":{"line":207,"column":26},"end":{"line":207,"column":78}}],"line":207},"27":{"loc":{"start":{"line":208,"column":14},"end":{"line":208,"column":46}},"type":"binary-expr","locations":[{"start":{"line":208,"column":14},"end":{"line":208,"column":22}},{"start":{"line":208,"column":26},"end":{"line":208,"column":46}}],"line":208},"28":{"loc":{"start":{"line":209,"column":14},"end":{"line":209,"column":76}},"type":"binary-expr","locations":[{"start":{"line":209,"column":14},"end":{"line":209,"column":23}},{"start":{"line":209,"column":27},"end":{"line":209,"column":39}},{"start":{"line":209,"column":43},"end":{"line":209,"column":52}},{"start":{"line":209,"column":56},"end":{"line":209,"column":76}}],"line":209},"29":{"loc":{"start":{"line":224,"column":18},"end":{"line":224,"column":45}},"type":"binary-expr","locations":[{"start":{"line":224,"column":18},"end":{"line":224,"column":29}},{"start":{"line":224,"column":33},"end":{"line":224,"column":45}}],"line":224},"30":{"loc":{"start":{"line":225,"column":18},"end":{"line":227,"column":86}},"type":"cond-expr","locations":[{"start":{"line":226,"column":22},"end":{"line":226,"column":87}},{"start":{"line":227,"column":22},"end":{"line":227,"column":86}}],"line":225},"31":{"loc":{"start":{"line":233,"column":25},"end":{"line":233,"column":89}},"type":"cond-expr","locations":[{"start":{"line":233,"column":36},"end":{"line":233,"column":63}},{"start":{"line":233,"column":66},"end":{"line":233,"column":89}}],"line":233},"32":{"loc":{"start":{"line":242,"column":18},"end":{"line":242,"column":45}},"type":"binary-expr","locations":[{"start":{"line":242,"column":18},"end":{"line":242,"column":29}},{"start":{"line":242,"column":33},"end":{"line":242,"column":45}}],"line":242},"33":{"loc":{"start":{"line":243,"column":18},"end":{"line":245,"column":86}},"type":"cond-expr","locations":[{"start":{"line":244,"column":22},"end":{"line":244,"column":87}},{"start":{"line":245,"column":22},"end":{"line":245,"column":86}}],"line":243},"34":{"loc":{"start":{"line":251,"column":25},"end":{"line":251,"column":89}},"type":"cond-expr","locations":[{"start":{"line":251,"column":36},"end":{"line":251,"column":63}},{"start":{"line":251,"column":66},"end":{"line":251,"column":89}}],"line":251},"35":{"loc":{"start":{"line":259,"column":23},"end":{"line":259,"column":51}},"type":"binary-expr","locations":[{"start":{"line":259,"column":23},"end":{"line":259,"column":45}},{"start":{"line":259,"column":49},"end":{"line":259,"column":51}}],"line":259},"36":{"loc":{"start":{"line":261,"column":30},"end":{"line":261,"column":60}},"type":"cond-expr","locations":[{"start":{"line":261,"column":37},"end":{"line":261,"column":53}},{"start":{"line":261,"column":56},"end":{"line":261,"column":60}}],"line":261},"37":{"loc":{"start":{"line":265,"column":38},"end":{"line":265,"column":74}},"type":"cond-expr","locations":[{"start":{"line":265,"column":49},"end":{"line":265,"column":60}},{"start":{"line":265,"column":63},"end":{"line":265,"column":74}}],"line":265},"38":{"loc":{"start":{"line":271,"column":18},"end":{"line":271,"column":75}},"type":"binary-expr","locations":[{"start":{"line":271,"column":18},"end":{"line":271,"column":29}},{"start":{"line":271,"column":33},"end":{"line":271,"column":75}}],"line":271},"39":{"loc":{"start":{"line":272,"column":18},"end":{"line":273,"column":88}},"type":"binary-expr","locations":[{"start":{"line":272,"column":18},"end":{"line":272,"column":26}},{"start":{"line":273,"column":20},"end":{"line":273,"column":88}}],"line":272},"40":{"loc":{"start":{"line":274,"column":18},"end":{"line":274,"column":74}},"type":"binary-expr","locations":[{"start":{"line":274,"column":18},"end":{"line":274,"column":26}},{"start":{"line":274,"column":30},"end":{"line":274,"column":74}}],"line":274},"41":{"loc":{"start":{"line":282,"column":23},"end":{"line":282,"column":49}},"type":"binary-expr","locations":[{"start":{"line":282,"column":23},"end":{"line":282,"column":43}},{"start":{"line":282,"column":47},"end":{"line":282,"column":49}}],"line":282},"42":{"loc":{"start":{"line":284,"column":30},"end":{"line":284,"column":62}},"type":"cond-expr","locations":[{"start":{"line":284,"column":37},"end":{"line":284,"column":55}},{"start":{"line":284,"column":58},"end":{"line":284,"column":62}}],"line":284},"43":{"loc":{"start":{"line":288,"column":38},"end":{"line":288,"column":74}},"type":"cond-expr","locations":[{"start":{"line":288,"column":49},"end":{"line":288,"column":60}},{"start":{"line":288,"column":63},"end":{"line":288,"column":74}}],"line":288},"44":{"loc":{"start":{"line":294,"column":18},"end":{"line":294,"column":75}},"type":"binary-expr","locations":[{"start":{"line":294,"column":18},"end":{"line":294,"column":29}},{"start":{"line":294,"column":33},"end":{"line":294,"column":75}}],"line":294},"45":{"loc":{"start":{"line":295,"column":18},"end":{"line":296,"column":88}},"type":"binary-expr","locations":[{"start":{"line":295,"column":18},"end":{"line":295,"column":26}},{"start":{"line":296,"column":20},"end":{"line":296,"column":88}}],"line":295},"46":{"loc":{"start":{"line":297,"column":18},"end":{"line":297,"column":74}},"type":"binary-expr","locations":[{"start":{"line":297,"column":18},"end":{"line":297,"column":26}},{"start":{"line":297,"column":30},"end":{"line":297,"column":74}}],"line":297},"47":{"loc":{"start":{"line":307,"column":15},"end":{"line":326,"column":15}},"type":"cond-expr","locations":[{"start":{"line":308,"column":16},"end":{"line":308,"column":101}},{"start":{"line":310,"column":16},"end":{"line":325,"column":28}}],"line":307},"48":{"loc":{"start":{"line":312,"column":28},"end":{"line":312,"column":68}},"type":"binary-expr","locations":[{"start":{"line":312,"column":28},"end":{"line":312,"column":47}},{"start":{"line":312,"column":51},"end":{"line":312,"column":68}}],"line":312},"49":{"loc":{"start":{"line":316,"column":20},"end":{"line":316,"column":70}},"type":"cond-expr","locations":[{"start":{"line":316,"column":31},"end":{"line":316,"column":52}},{"start":{"line":316,"column":55},"end":{"line":316,"column":70}}],"line":316},"50":{"loc":{"start":{"line":317,"column":20},"end":{"line":319,"column":37}},"type":"cond-expr","locations":[{"start":{"line":318,"column":24},"end":{"line":318,"column":36}},{"start":{"line":319,"column":24},"end":{"line":319,"column":37}}],"line":317},"51":{"loc":{"start":{"line":317,"column":20},"end":{"line":317,"column":60}},"type":"binary-expr","locations":[{"start":{"line":317,"column":20},"end":{"line":317,"column":39}},{"start":{"line":317,"column":43},"end":{"line":317,"column":60}}],"line":317},"52":{"loc":{"start":{"line":322,"column":19},"end":{"line":324,"column":19}},"type":"binary-expr","locations":[{"start":{"line":322,"column":19},"end":{"line":322,"column":38}},{"start":{"line":322,"column":42},"end":{"line":322,"column":59}},{"start":{"line":323,"column":20},"end":{"line":323,"column":98}}],"line":322}},"s":{"0":105,"1":105,"2":29,"3":87,"4":105,"5":67,"6":1,"7":66,"8":32,"9":96,"10":105,"11":88,"12":88,"13":105,"14":110,"15":105,"16":12,"17":12,"18":36,"19":105,"20":5,"21":5,"22":5,"23":0,"24":5,"25":15,"26":5,"27":10,"28":5,"29":5,"30":105,"31":4,"32":4,"33":12,"34":4,"35":4,"36":4,"37":8,"38":105,"39":1,"40":1,"41":105,"42":316,"43":316,"44":316,"45":316,"46":2,"47":2,"48":7,"49":7,"50":5,"51":5,"52":5},"f":{"0":105,"1":29,"2":87,"3":67,"4":96,"5":88,"6":110,"7":12,"8":12,"9":36,"10":5,"11":5,"12":15,"13":4,"14":4,"15":12,"16":1,"17":1,"18":316,"19":2,"20":2,"21":7,"22":5,"23":5},"b":{"0":[0,29],"1":[29,0],"2":[29,58],"3":[29,12],"4":[29,58],"5":[29,12],"6":[1,66],"7":[67,35,35],"8":[32,34],"9":[66,34,0],"10":[32,64],"11":[32,12],"12":[32,64],"13":[32,12],"14":[12,24],"15":[0,5],"16":[5,5],"17":[5,10],"18":[5,5],"19":[10,5],"20":[5,5],"21":[5,5],"22":[4,8],"23":[4,1],"24":[316,206],"25":[316,5],"26":[316,105],"27":[316,206],"28":[316,211,206,0],"29":[316,5],"30":[105,211],"31":[105,211],"32":[316,5],"33":[105,211],"34":[105,211],"35":[316,232],"36":[7,0],"37":[105,211],"38":[316,5],"39":[316,105],"40":[316,206],"41":[316,240],"42":[5,0],"43":[105,211],"44":[316,5],"45":[316,105],"46":[316,206],"47":[5,311],"48":[311,79],"49":[105,206],"50":[241,70],"51":[311,79],"52":[311,79,70]},"_coverageSchema":"1a1c01bbd47fc00a2c39e90264f33305004495a9","hash":"5f948571d539d9c6243f8e4d2ceeecfa5f7df338"}
,"/home/runner/work/workout-native/workout-native/components/WorkoutPlanCard.tsx": {"path":"/home/runner/work/workout-native/workout-native/components/WorkoutPlanCard.tsx","statementMap":{"0":{"start":{"line":17,"column":19},"end":{"line":17,"column":65}},"1":{"start":{"line":19,"column":2},"end":{"line":74,"column":4}}},"fnMap":{"0":{"name":"WorkoutPlanCard","decl":{"start":{"line":16,"column":16},"end":{"line":16,"column":31}},"loc":{"start":{"line":16,"column":67},"end":{"line":75,"column":1}},"line":16}},"branchMap":{"0":{"loc":{"start":{"line":17,"column":19},"end":{"line":17,"column":65}},"type":"cond-expr","locations":[{"start":{"line":17,"column":49},"end":{"line":17,"column":55}},{"start":{"line":17,"column":58},"end":{"line":17,"column":65}}],"line":17}},"s":{"0":6,"1":6},"f":{"0":6},"b":{"0":[1,5]},"_coverageSchema":"1a1c01bbd47fc00a2c39e90264f33305004495a9","hash":"9c702dd096e0fed39035f60b92b363cdef90de30"}
,"/home/runner/work/workout-native/workout-native/components/ui/Button.tsx": {"path":"/home/runner/work/workout-native/workout-native/components/ui/Button.tsx","statementMap":{"0":{"start":{"line":24,"column":21},"end":{"line":24,"column":61}},"1":{"start":{"line":26,"column":24},"end":{"line":30,"column":3}},"2":{"start":{"line":32,"column":21},"end":{"line":36,"column":3}},"3":{"start":{"line":38,"column":28},"end":{"line":42,"column":3}},"4":{"start":{"line":44,"column":25},"end":{"line":48,"column":3}},"5":{"start":{"line":50,"column":2},"end":{"line":69,"column":4}}},"fnMap":{"0":{"name":"Button","decl":{"start":{"line":16,"column":16},"end":{"line":16,"column":22}},"loc":{"start":{"line":23,"column":16},"end":{"line":70,"column":1}},"line":23}},"branchMap":{"0":{"loc":{"start":{"line":18,"column":2},"end":{"line":18,"column":21}},"type":"default-arg","locations":[{"start":{"line":18,"column":12},"end":{"line":18,"column":21}}],"line":18},"1":{"loc":{"start":{"line":19,"column":2},"end":{"line":19,"column":13}},"type":"default-arg","locations":[{"start":{"line":19,"column":9},"end":{"line":19,"column":13}}],"line":19},"2":{"loc":{"start":{"line":56,"column":8},"end":{"line":56,"column":32}},"type":"binary-expr","locations":[{"start":{"line":56,"column":8},"end":{"line":56,"column":16}},{"start":{"line":56,"column":20},"end":{"line":56,"column":32}}],"line":56}},"s":{"0":4,"1":4,"2":4,"3":4,"4":4,"5":4},"f":{"0":4},"b":{"0":[4],"1":[4],"2":[4,1]},"_coverageSchema":"1a1c01bbd47fc00a2c39e90264f33305004495a9","hash":"09a366ac362363644dddfd1c4a6586dd1aec5280"}
,"/home/runner/work/workout-native/workout-native/components/ui/EquipmentCard.tsx": {"path":"/home/runner/work/workout-native/workout-native/components/ui/EquipmentCard.tsx","statementMap":{"0":{"start":{"line":44,"column":2},"end":{"line":106,"column":4}}},"fnMap":{"0":{"name":"EquipmentCard","decl":{"start":{"line":34,"column":16},"end":{"line":34,"column":29}},"loc":{"start":{"line":43,"column":23},"end":{"line":107,"column":1}},"line":43}},"branchMap":{"0":{"loc":{"start":{"line":41,"column":2},"end":{"line":41,"column":18}},"type":"default-arg","locations":[{"start":{"line":41,"column":13},"end":{"line":41,"column":18}}],"line":41},"1":{"loc":{"start":{"line":60,"column":8},"end":{"line":67,"column":13}},"type":"cond-expr","locations":[{"start":{"line":61,"column":12},"end":{"line":64,"column":13}},{"start":{"line":65,"column":12},"end":{"line":67,"column":13}}],"line":60},"2":{"loc":{"start":{"line":69,"column":8},"end":{"line":69,"column":32}},"type":"binary-expr","locations":[{"start":{"line":69,"column":8},"end":{"line":69,"column":16}},{"start":{"line":69,"column":20},"end":{"line":69,"column":32}}],"line":69},"3":{"loc":{"start":{"line":74,"column":7},"end":{"line":78,"column":7}},"type":"binary-expr","locations":[{"start":{"line":74,"column":7},"end":{"line":74,"column":15}},{"start":{"line":75,"column":8},"end":{"line":77,"column":15}}],"line":74},"4":{"loc":{"start":{"line":84,"column":10},"end":{"line":86,"column":26}},"type":"cond-expr","locations":[{"start":{"line":85,"column":14},"end":{"line":85,"column":29}},{"start":{"line":86,"column":14},"end":{"line":86,"column":26}}],"line":84},"5":{"loc":{"start":{"line":92,"column":17},"end":{"line":92,"column":84}},"type":"cond-expr","locations":[{"start":{"line":92,"column":28},"end":{"line":92,"column":56}},{"start":{"line":92,"column":59},"end":{"line":92,"column":84}}],"line":92}},"s":{"0":30},"f":{"0":30},"b":{"0":[30],"1":[0,30],"2":[30,0],"3":[30,0],"4":[0,30],"5":[0,30]},"_coverageSchema":"1a1c01bbd47fc00a2c39e90264f33305004495a9","hash":"bf733c846d6717841c5e9f70c3e85c79bec2a657"}
,"/home/runner/work/workout-native/workout-native/components/ui/FilterPill.tsx": {"path":"/home/runner/work/workout-native/workout-native/components/ui/FilterPill.tsx","statementMap":{"0":{"start":{"line":17,"column":2},"end":{"line":36,"column":4}}},"fnMap":{"0":{"name":"FilterPill","decl":{"start":{"line":16,"column":16},"end":{"line":16,"column":26}},"loc":{"start":{"line":16,"column":75},"end":{"line":37,"column":1}},"line":16}},"branchMap":{"0":{"loc":{"start":{"line":22,"column":8},"end":{"line":24,"column":52}},"type":"cond-expr","locations":[{"start":{"line":23,"column":12},"end":{"line":23,"column":24}},{"start":{"line":24,"column":12},"end":{"line":24,"column":52}}],"line":22},"1":{"loc":{"start":{"line":30,"column":10},"end":{"line":30,"column":61}},"type":"cond-expr","locations":[{"start":{"line":30,"column":21},"end":{"line":30,"column":43}},{"start":{"line":30,"column":46},"end":{"line":30,"column":61}}],"line":30}},"s":{"0":70},"f":{"0":70},"b":{"0":[0,70],"1":[0,70]},"_coverageSchema":"1a1c01bbd47fc00a2c39e90264f33305004495a9","hash":"86d1fd8532fee0205deb63a4b0e053569f2a9399"}
,"/home/runner/work/workout-native/workout-native/components/ui/SelectionCard.tsx": {"path":"/home/runner/work/workout-native/workout-native/components/ui/SelectionCard.tsx","statementMap":{"0":{"start":{"line":47,"column":2},"end":{"line":134,"column":4}}},"fnMap":{"0":{"name":"SelectionCard","decl":{"start":{"line":36,"column":16},"end":{"line":36,"column":29}},"loc":{"start":{"line":46,"column":23},"end":{"line":135,"column":1}},"line":46}},"branchMap":{"0":{"loc":{"start":{"line":44,"column":2},"end":{"line":44,"column":18}},"type":"default-arg","locations":[{"start":{"line":44,"column":13},"end":{"line":44,"column":18}}],"line":44},"1":{"loc":{"start":{"line":63,"column":8},"end":{"line":66,"column":9}},"type":"binary-expr","locations":[{"start":{"line":63,"column":8},"end":{"line":63,"column":16}},{"start":{"line":63,"column":20},"end":{"line":66,"column":9}}],"line":63},"2":{"loc":{"start":{"line":69,"column":17},"end":{"line":69,"column":35}},"type":"cond-expr","locations":[{"start":{"line":69,"column":28},"end":{"line":69,"column":31}},{"start":{"line":69,"column":34},"end":{"line":69,"column":35}}],"line":69},"3":{"loc":{"start":{"line":70,"column":12},"end":{"line":76,"column":9}},"type":"binary-expr","locations":[{"start":{"line":70,"column":12},"end":{"line":70,"column":20}},{"start":{"line":70,"column":24},"end":{"line":76,"column":9}}],"line":70},"4":{"loc":{"start":{"line":81,"column":7},"end":{"line":85,"column":7}},"type":"binary-expr","locations":[{"start":{"line":81,"column":7},"end":{"line":81,"column":15}},{"start":{"line":82,"column":8},"end":{"line":84,"column":15}}],"line":81},"5":{"loc":{"start":{"line":88,"column":7},"end":{"line":102,"column":7}},"type":"binary-expr","locations":[{"start":{"line":88,"column":7},"end":{"line":88,"column":11}},{"start":{"line":89,"column":8},"end":{"line":101,"column":15}}],"line":88},"6":{"loc":{"start":{"line":93,"column":12},"end":{"line":93,"column":39}},"type":"binary-expr","locations":[{"start":{"line":93,"column":12},"end":{"line":93,"column":20}},{"start":{"line":93,"column":24},"end":{"line":93,"column":39}}],"line":93},"7":{"loc":{"start":{"line":99,"column":19},"end":{"line":99,"column":84}},"type":"cond-expr","locations":[{"start":{"line":99,"column":30},"end":{"line":99,"column":58}},{"start":{"line":99,"column":61},"end":{"line":99,"column":84}}],"line":99},"8":{"loc":{"start":{"line":111,"column":12},"end":{"line":111,"column":38}},"type":"binary-expr","locations":[{"start":{"line":111,"column":12},"end":{"line":111,"column":20}},{"start":{"line":111,"column":24},"end":{"line":111,"column":38}}],"line":111},"9":{"loc":{"start":{"line":122,"column":12},"end":{"line":122,"column":38}},"type":"binary-expr","locations":[{"start":{"line":122,"column":12},"end":{"line":122,"column":20}},{"start":{"line":122,"column":24},"end":{"line":122,"column":38}}],"line":122}},"s":{"0":33},"f":{"0":33},"b":{"0":[32],"1":[33,3],"2":[1,32],"3":[33,3],"4":[33,3],"5":[33,21],"6":[21,0],"7":[0,21],"8":[33,3],"9":[33,3]},"_coverageSchema":"1a1c01bbd47fc00a2c39e90264f33305004495a9","hash":"84fc18714f7e134ba3f4ed1bc3cc9cbed1977b1c"}
,"/home/runner/work/workout-native/workout-native/lib/wizard-context.tsx": {"path":"/home/runner/work/workout-native/workout-native/lib/wizard-context.tsx","statementMap":{"0":{"start":{"line":37,"column":22},"end":{"line":37,"column":78}},"1":{"start":{"line":40,"column":34},"end":{"line":46,"column":1}},"2":{"start":{"line":58,"column":28},"end":{"line":58,"column":63}},"3":{"start":{"line":63,"column":22},"end":{"line":68,"column":3}},"4":{"start":{"line":64,"column":4},"end":{"line":67,"column":8}},"5":{"start":{"line":64,"column":24},"end":{"line":67,"column":5}},"6":{"start":{"line":73,"column":21},"end":{"line":75,"column":3}},"7":{"start":{"line":74,"column":4},"end":{"line":74,"column":27}},"8":{"start":{"line":77,"column":36},"end":{"line":81,"column":3}},"9":{"start":{"line":83,"column":2},"end":{"line":85,"column":4}},"10":{"start":{"line":93,"column":18},"end":{"line":93,"column":43}},"11":{"start":{"line":94,"column":2},"end":{"line":96,"column":3}},"12":{"start":{"line":95,"column":4},"end":{"line":95,"column":70}},"13":{"start":{"line":97,"column":2},"end":{"line":97,"column":17}}},"fnMap":{"0":{"name":"WizardProvider","decl":{"start":{"line":57,"column":16},"end":{"line":57,"column":30}},"loc":{"start":{"line":57,"column":66},"end":{"line":86,"column":1}},"line":57},"1":{"name":"(anonymous_1)","decl":{"start":{"line":63,"column":22},"end":{"line":63,"column":23}},"loc":{"start":{"line":63,"column":57},"end":{"line":68,"column":3}},"line":63},"2":{"name":"(anonymous_2)","decl":{"start":{"line":64,"column":13},"end":{"line":64,"column":14}},"loc":{"start":{"line":64,"column":24},"end":{"line":67,"column":5}},"line":64},"3":{"name":"(anonymous_3)","decl":{"start":{"line":73,"column":21},"end":{"line":73,"column":22}},"loc":{"start":{"line":73,"column":27},"end":{"line":75,"column":3}},"line":73},"4":{"name":"useWizard","decl":{"start":{"line":92,"column":16},"end":{"line":92,"column":25}},"loc":{"start":{"line":92,"column":48},"end":{"line":98,"column":1}},"line":92}},"branchMap":{"0":{"loc":{"start":{"line":94,"column":2},"end":{"line":96,"column":3}},"type":"if","locations":[{"start":{"line":94,"column":2},"end":{"line":96,"column":3}},{"start":{},"end":{}}],"line":94}},"s":{"0":8,"1":8,"2":55,"3":55,"4":12,"5":12,"6":55,"7":1,"8":55,"9":55,"10":58,"11":57,"12":2,"13":55},"f":{"0":55,"1":12,"2":12,"3":1,"4":58},"b":{"0":[2,55]},"_coverageSchema":"1a1c01bbd47fc00a2c39e90264f33305004495a9","hash":"9a0ab2c00ff69de2075201cd031897cdc5a97f8b"}
,"/home/runner/work/workout-native/workout-native/lib/storage/preferences.ts": {"path":"/home/runner/work/workout-native/workout-native/lib/storage/preferences.ts","statementMap":{"0":{"start":{"line":9,"column":13},"end":{"line":12,"column":10}},"1":{"start":{"line":15,"column":30},"end":{"line":18,"column":1}},"2":{"start":{"line":29,"column":2},"end":{"line":38,"column":3}},"3":{"start":{"line":30,"column":18},"end":{"line":30,"column":71}},"4":{"start":{"line":31,"column":4},"end":{"line":33,"column":5}},"5":{"start":{"line":32,"column":6},"end":{"line":32,"column":43}},"6":{"start":{"line":34,"column":4},"end":{"line":34,"column":28}},"7":{"start":{"line":36,"column":4},"end":{"line":36,"column":64}},"8":{"start":{"line":37,"column":4},"end":{"line":37,"column":16}},"9":{"start":{"line":46,"column":2},"end":{"line":54,"column":3}},"10":{"start":{"line":47,"column":4},"end":{"line":50,"column":6}},"11":{"start":{"line":52,"column":4},"end":{"line":52,"column":64}},"12":{"start":{"line":53,"column":4},"end":{"line":53,"column":16}},"13":{"start":{"line":66,"column":2},"end":{"line":80,"column":3}},"14":{"start":{"line":67,"column":18},"end":{"line":67,"column":66}},"15":{"start":{"line":68,"column":4},"end":{"line":70,"column":5}},"16":{"start":{"line":69,"column":6},"end":{"line":69,"column":38}},"17":{"start":{"line":72,"column":4},"end":{"line":74,"column":5}},"18":{"start":{"line":73,"column":6},"end":{"line":73,"column":19}},"19":{"start":{"line":75,"column":4},"end":{"line":75,"column":79}},"20":{"start":{"line":76,"column":4},"end":{"line":76,"column":36}},"21":{"start":{"line":78,"column":4},"end":{"line":78,"column":59}},"22":{"start":{"line":79,"column":4},"end":{"line":79,"column":16}},"23":{"start":{"line":88,"column":2},"end":{"line":93,"column":3}},"24":{"start":{"line":89,"column":4},"end":{"line":89,"column":59}},"25":{"start":{"line":91,"column":4},"end":{"line":91,"column":59}},"26":{"start":{"line":92,"column":4},"end":{"line":92,"column":16}},"27":{"start":{"line":105,"column":2},"end":{"line":118,"column":3}},"28":{"start":{"line":106,"column":52},"end":{"line":109,"column":6}},"29":{"start":{"line":111,"column":4},"end":{"line":114,"column":6}},"30":{"start":{"line":116,"column":4},"end":{"line":116,"column":59}},"31":{"start":{"line":117,"column":4},"end":{"line":117,"column":16}},"32":{"start":{"line":126,"column":2},"end":{"line":135,"column":3}},"33":{"start":{"line":127,"column":4},"end":{"line":130,"column":7}},"34":{"start":{"line":131,"column":4},"end":{"line":131,"column":43}},"35":{"start":{"line":133,"column":4},"end":{"line":133,"column":57}},"36":{"start":{"line":134,"column":4},"end":{"line":134,"column":16}}},"fnMap":{"0":{"name":"getOnboardingCompleted","decl":{"start":{"line":28,"column":22},"end":{"line":28,"column":44}},"loc":{"start":{"line":28,"column":65},"end":{"line":39,"column":1}},"line":28},"1":{"name":"setOnboardingCompleted","decl":{"start":{"line":45,"column":22},"end":{"line":45,"column":44}},"loc":{"start":{"line":45,"column":80},"end":{"line":55,"column":1}},"line":45},"2":{"name":"getUnitPreference","decl":{"start":{"line":65,"column":22},"end":{"line":65,"column":39}},"loc":{"start":{"line":65,"column":65},"end":{"line":81,"column":1}},"line":65},"3":{"name":"setUnitPreference","decl":{"start":{"line":87,"column":22},"end":{"line":87,"column":39}},"loc":{"start":{"line":87,"column":75},"end":{"line":94,"column":1}},"line":87},"4":{"name":"getAllPreferences","decl":{"start":{"line":104,"column":22},"end":{"line":104,"column":39}},"loc":{"start":{"line":104,"column":64},"end":{"line":119,"column":1}},"line":104},"5":{"name":"clearAllPreferences","decl":{"start":{"line":125,"column":22},"end":{"line":125,"column":41}},"loc":{"start":{"line":125,"column":59},"end":{"line":136,"column":1}},"line":125}},"branchMap":{"0":{"loc":{"start":{"line":31,"column":4},"end":{"line":33,"column":5}},"type":"if","locations":[{"start":{"line":31,"column":4},"end":{"line":33,"column":5}},{"start":{},"end":{}}],"line":31},"1":{"loc":{"start":{"line":68,"column":4},"end":{"line":70,"column":5}},"type":"if","locations":[{"start":{"line":68,"column":4},"end":{"line":70,"column":5}},{"start":{},"end":{}}],"line":68},"2":{"loc":{"start":{"line":72,"column":4},"end":{"line":74,"column":5}},"type":"if","locations":[{"start":{"line":72,"column":4},"end":{"line":74,"column":5}},{"start":{},"end":{}}],"line":72},"3":{"loc":{"start":{"line":72,"column":8},"end":{"line":72,"column":41}},"type":"binary-expr","locations":[{"start":{"line":72,"column":8},"end":{"line":72,"column":23}},{"start":{"line":72,"column":27},"end":{"line":72,"column":41}}],"line":72}},"s":{"0":1,"1":1,"2":10,"3":10,"4":10,"5":3,"6":7,"7":0,"8":0,"9":10,"10":10,"11":0,"12":0,"13":13,"14":13,"15":13,"16":4,"17":9,"18":9,"19":0,"20":0,"21":0,"22":0,"23":11,"24":11,"25":0,"26":0,"27":3,"28":3,"29":3,"30":0,"31":0,"32":2,"33":2,"34":2,"35":0,"36":0},"f":{"0":10,"1":10,"2":13,"3":11,"4":3,"5":2},"b":{"0":[3,7],"1":[4,9],"2":[9,0],"3":[9,6]},"_coverageSchema":"1a1c01bbd47fc00a2c39e90264f33305004495a9","hash":"e291f6b35ce16f8fe89cc66022a921aab283e067"}
,"/home/runner/work/workout-native/workout-native/lib/storage/seed-data.ts": {"path":"/home/runner/work/workout-native/workout-native/lib/storage/seed-data.ts","statementMap":{"0":{"start":{"line":10,"column":43},"end":{"line":1090,"column":1}},"1":{"start":{"line":1097,"column":2},"end":{"line":1135,"column":3}},"2":{"start":{"line":1098,"column":31},"end":{"line":1098,"column":51}},"3":{"start":{"line":1099,"column":30},"end":{"line":1099,"column":53}},"4":{"start":{"line":1101,"column":23},"end":{"line":1101,"column":24}},"5":{"start":{"line":1103,"column":4},"end":{"line":1127,"column":5}},"6":{"start":{"line":1105,"column":6},"end":{"line":1107,"column":7}},"7":{"start":{"line":1106,"column":8},"end":{"line":1106,"column":17}},"8":{"start":{"line":1110,"column":21},"end":{"line":1110,"column":72}},"9":{"start":{"line":1110,"column":44},"end":{"line":1110,"column":71}},"10":{"start":{"line":1112,"column":6},"end":{"line":1126,"column":7}},"11":{"start":{"line":1114,"column":8},"end":{"line":1117,"column":11}},"12":{"start":{"line":1118,"column":8},"end":{"line":1118,"column":23}},"13":{"start":{"line":1121,"column":8},"end":{"line":1124,"column":11}},"14":{"start":{"line":1125,"column":8},"end":{"line":1125,"column":23}},"15":{"start":{"line":1129,"column":4},"end":{"line":1131,"column":5}},"16":{"start":{"line":1130,"column":6},"end":{"line":1130,"column":85}},"17":{"start":{"line":1133,"column":4},"end":{"line":1133,"column":57}},"18":{"start":{"line":1143,"column":2},"end":{"line":1168,"column":3}},"19":{"start":{"line":1145,"column":30},"end":{"line":1145,"column":53}},"20":{"start":{"line":1146,"column":26},"end":{"line":1146,"column":73}},"21":{"start":{"line":1146,"column":64},"end":{"line":1146,"column":71}},"22":{"start":{"line":1149,"column":24},"end":{"line":1149,"column":25}},"23":{"start":{"line":1150,"column":4},"end":{"line":1155,"column":5}},"24":{"start":{"line":1151,"column":6},"end":{"line":1154,"column":7}},"25":{"start":{"line":1152,"column":8},"end":{"line":1152,"column":33}},"26":{"start":{"line":1153,"column":8},"end":{"line":1153,"column":24}},"27":{"start":{"line":1157,"column":4},"end":{"line":1161,"column":5}},"28":{"start":{"line":1158,"column":6},"end":{"line":1158,"column":69}},"29":{"start":{"line":1160,"column":6},"end":{"line":1160,"column":61}},"30":{"start":{"line":1164,"column":4},"end":{"line":1164,"column":34}},"31":{"start":{"line":1166,"column":4},"end":{"line":1166,"column":54}},"32":{"start":{"line":1167,"column":4},"end":{"line":1167,"column":16}},"33":{"start":{"line":1176,"column":2},"end":{"line":1299,"column":3}},"34":{"start":{"line":1183,"column":8},"end":{"line":1183,"column":28}},"35":{"start":{"line":1186,"column":26},"end":{"line":1186,"column":46}},"36":{"start":{"line":1187,"column":4},"end":{"line":1190,"column":5}},"37":{"start":{"line":1188,"column":6},"end":{"line":1188,"column":69}},"38":{"start":{"line":1189,"column":6},"end":{"line":1189,"column":13}},"39":{"start":{"line":1193,"column":19},"end":{"line":1201,"column":6}},"40":{"start":{"line":1204,"column":27},"end":{"line":1204,"column":61}},"41":{"start":{"line":1205,"column":26},"end":{"line":1205,"column":59}},"42":{"start":{"line":1206,"column":25},"end":{"line":1206,"column":58}},"43":{"start":{"line":1209,"column":23},"end":{"line":1215,"column":6}},"44":{"start":{"line":1218,"column":4},"end":{"line":1227,"column":5}},"45":{"start":{"line":1219,"column":6},"end":{"line":1226,"column":9}},"46":{"start":{"line":1229,"column":4},"end":{"line":1238,"column":5}},"47":{"start":{"line":1230,"column":6},"end":{"line":1237,"column":9}},"48":{"start":{"line":1241,"column":23},"end":{"line":1247,"column":6}},"49":{"start":{"line":1250,"column":4},"end":{"line":1259,"column":5}},"50":{"start":{"line":1251,"column":6},"end":{"line":1258,"column":9}},"51":{"start":{"line":1262,"column":23},"end":{"line":1268,"column":6}},"52":{"start":{"line":1270,"column":30},"end":{"line":1270,"column":68}},"53":{"start":{"line":1271,"column":25},"end":{"line":1271,"column":58}},"54":{"start":{"line":1273,"column":4},"end":{"line":1282,"column":5}},"55":{"start":{"line":1274,"column":6},"end":{"line":1281,"column":9}},"56":{"start":{"line":1284,"column":4},"end":{"line":1293,"column":5}},"57":{"start":{"line":1285,"column":6},"end":{"line":1292,"column":9}},"58":{"start":{"line":1295,"column":4},"end":{"line":1295,"column":60}},"59":{"start":{"line":1297,"column":4},"end":{"line":1297,"column":62}},"60":{"start":{"line":1298,"column":4},"end":{"line":1298,"column":16}},"61":{"start":{"line":1310,"column":2},"end":{"line":1491,"column":3}},"62":{"start":{"line":1318,"column":8},"end":{"line":1318,"column":28}},"63":{"start":{"line":1321,"column":18},"end":{"line":1321,"column":38}},"64":{"start":{"line":1322,"column":4},"end":{"line":1325,"column":5}},"65":{"start":{"line":1323,"column":6},"end":{"line":1323,"column":72}},"66":{"start":{"line":1324,"column":6},"end":{"line":1324,"column":13}},"67":{"start":{"line":1327,"column":23},"end":{"line":1327,"column":31}},"68":{"start":{"line":1328,"column":29},"end":{"line":1328,"column":72}},"69":{"start":{"line":1329,"column":4},"end":{"line":1332,"column":5}},"70":{"start":{"line":1330,"column":6},"end":{"line":1330,"column":72}},"71":{"start":{"line":1331,"column":6},"end":{"line":1331,"column":13}},"72":{"start":{"line":1334,"column":21},"end":{"line":1334,"column":63}},"73":{"start":{"line":1335,"column":4},"end":{"line":1338,"column":5}},"74":{"start":{"line":1336,"column":6},"end":{"line":1336,"column":76}},"75":{"start":{"line":1337,"column":6},"end":{"line":1337,"column":13}},"76":{"start":{"line":1341,"column":18},"end":{"line":1341,"column":28}},"77":{"start":{"line":1342,"column":28},"end":{"line":1342,"column":29}},"78":{"start":{"line":1346,"column":30},"end":{"line":1346,"column":75}},"79":{"start":{"line":1350,"column":32},"end":{"line":1350,"column":72}},"80":{"start":{"line":1354,"column":30},"end":{"line":1354,"column":66}},"81":{"start":{"line":1357,"column":4},"end":{"line":1485,"column":5}},"82":{"start":{"line":1357,"column":20},"end":{"line":1357,"column":21}},"83":{"start":{"line":1359,"column":6},"end":{"line":1411,"column":7}},"84":{"start":{"line":1359,"column":31},"end":{"line":1359,"column":32}},"85":{"start":{"line":1360,"column":24},"end":{"line":1360,"column":76}},"86":{"start":{"line":1361,"column":28},"end":{"line":1361,"column":43}},"87":{"start":{"line":1362,"column":8},"end":{"line":1362,"column":61}},"88":{"start":{"line":1363,"column":8},"end":{"line":1363,"column":42}},"89":{"start":{"line":1365,"column":25},"end":{"line":1365,"column":36}},"90":{"start":{"line":1366,"column":27},"end":{"line":1366,"column":71}},"91":{"start":{"line":1368,"column":35},"end":{"line":1374,"column":10}},"92":{"start":{"line":1377,"column":8},"end":{"line":1392,"column":9}},"93":{"start":{"line":1378,"column":28},"end":{"line":1378,"column":54}},"94":{"start":{"line":1379,"column":25},"end":{"line":1379,"column":105}},"95":{"start":{"line":1381,"column":10},"end":{"line":1391,"column":11}},"96":{"start":{"line":1381,"column":25},"end":{"line":1381,"column":26}},"97":{"start":{"line":1382,"column":12},"end":{"line":1390,"column":15}},"98":{"start":{"line":1395,"column":8},"end":{"line":1410,"column":9}},"99":{"start":{"line":1396,"column":28},"end":{"line":1396,"column":54}},"100":{"start":{"line":1397,"column":25},"end":{"line":1397,"column":105}},"101":{"start":{"line":1399,"column":10},"end":{"line":1409,"column":11}},"102":{"start":{"line":1399,"column":25},"end":{"line":1399,"column":26}},"103":{"start":{"line":1400,"column":12},"end":{"line":1408,"column":15}},"104":{"start":{"line":1414,"column":30},"end":{"line":1414,"column":62}},"105":{"start":{"line":1415,"column":27},"end":{"line":1415,"column":42}},"106":{"start":{"line":1416,"column":6},"end":{"line":1416,"column":69}},"107":{"start":{"line":1417,"column":6},"end":{"line":1417,"column":41}},"108":{"start":{"line":1419,"column":6},"end":{"line":1447,"column":7}},"109":{"start":{"line":1420,"column":25},"end":{"line":1420,"column":36}},"110":{"start":{"line":1421,"column":27},"end":{"line":1421,"column":71}},"111":{"start":{"line":1423,"column":36},"end":{"line":1429,"column":10}},"112":{"start":{"line":1432,"column":8},"end":{"line":1446,"column":9}},"113":{"start":{"line":1433,"column":25},"end":{"line":1433,"column":92}},"114":{"start":{"line":1435,"column":10},"end":{"line":1445,"column":11}},"115":{"start":{"line":1435,"column":25},"end":{"line":1435,"column":26}},"116":{"start":{"line":1436,"column":12},"end":{"line":1444,"column":15}},"117":{"start":{"line":1450,"column":30},"end":{"line":1450,"column":62}},"118":{"start":{"line":1451,"column":27},"end":{"line":1451,"column":42}},"119":{"start":{"line":1452,"column":6},"end":{"line":1452,"column":69}},"120":{"start":{"line":1453,"column":6},"end":{"line":1453,"column":41}},"121":{"start":{"line":1455,"column":6},"end":{"line":1484,"column":7}},"122":{"start":{"line":1456,"column":25},"end":{"line":1456,"column":36}},"123":{"start":{"line":1457,"column":27},"end":{"line":1457,"column":71}},"124":{"start":{"line":1459,"column":36},"end":{"line":1465,"column":10}},"125":{"start":{"line":1468,"column":8},"end":{"line":1483,"column":11}},"126":{"start":{"line":1469,"column":29},"end":{"line":1469,"column":42}},"127":{"start":{"line":1470,"column":25},"end":{"line":1470,"column":46}},"128":{"start":{"line":1472,"column":10},"end":{"line":1482,"column":11}},"129":{"start":{"line":1472,"column":25},"end":{"line":1472,"column":26}},"130":{"start":{"line":1473,"column":12},"end":{"line":1481,"column":15}},"131":{"start":{"line":1487,"column":4},"end":{"line":1487,"column":81}},"132":{"start":{"line":1489,"column":4},"end":{"line":1489,"column":65}},"133":{"start":{"line":1490,"column":4},"end":{"line":1490,"column":16}}},"fnMap":{"0":{"name":"migrateExerciseMuscleGroups","decl":{"start":{"line":1096,"column":16},"end":{"line":1096,"column":43}},"loc":{"start":{"line":1096,"column":52},"end":{"line":1136,"column":1}},"line":1096},"1":{"name":"(anonymous_1)","decl":{"start":{"line":1110,"column":36},"end":{"line":1110,"column":37}},"loc":{"start":{"line":1110,"column":44},"end":{"line":1110,"column":71}},"line":1110},"2":{"name":"seedExercises","decl":{"start":{"line":1142,"column":16},"end":{"line":1142,"column":29}},"loc":{"start":{"line":1142,"column":38},"end":{"line":1169,"column":1}},"line":1142},"3":{"name":"(anonymous_3)","decl":{"start":{"line":1146,"column":56},"end":{"line":1146,"column":57}},"loc":{"start":{"line":1146,"column":64},"end":{"line":1146,"column":71}},"line":1146},"4":{"name":"seedTestWorkoutPlan","decl":{"start":{"line":1175,"column":16},"end":{"line":1175,"column":35}},"loc":{"start":{"line":1175,"column":44},"end":{"line":1300,"column":1}},"line":1175},"5":{"name":"seedMockWorkoutHistory","decl":{"start":{"line":1309,"column":16},"end":{"line":1309,"column":38}},"loc":{"start":{"line":1309,"column":47},"end":{"line":1492,"column":1}},"line":1309},"6":{"name":"(anonymous_6)","decl":{"start":{"line":1468,"column":27},"end":{"line":1468,"column":28}},"loc":{"start":{"line":1468,"column":67},"end":{"line":1483,"column":9}},"line":1468}},"branchMap":{"0":{"loc":{"start":{"line":1099,"column":30},"end":{"line":1099,"column":53}},"type":"binary-expr","locations":[{"start":{"line":1099,"column":30},"end":{"line":1099,"column":47}},{"start":{"line":1099,"column":51},"end":{"line":1099,"column":53}}],"line":1099},"1":{"loc":{"start":{"line":1105,"column":6},"end":{"line":1107,"column":7}},"type":"if","locations":[{"start":{"line":1105,"column":6},"end":{"line":1107,"column":7}},{"start":{},"end":{}}],"line":1105},"2":{"loc":{"start":{"line":1105,"column":10},"end":{"line":1105,"column":73}},"type":"binary-expr","locations":[{"start":{"line":1105,"column":10},"end":{"line":1105,"column":34}},{"start":{"line":1105,"column":38},"end":{"line":1105,"column":73}}],"line":1105},"3":{"loc":{"start":{"line":1112,"column":6},"end":{"line":1126,"column":7}},"type":"if","locations":[{"start":{"line":1112,"column":6},"end":{"line":1126,"column":7}},{"start":{"line":1119,"column":13},"end":{"line":1126,"column":7}}],"line":1112},"4":{"loc":{"start":{"line":1112,"column":10},"end":{"line":1112,"column":40}},"type":"binary-expr","locations":[{"start":{"line":1112,"column":10},"end":{"line":1112,"column":16}},{"start":{"line":1112,"column":20},"end":{"line":1112,"column":40}}],"line":1112},"5":{"loc":{"start":{"line":1129,"column":4},"end":{"line":1131,"column":5}},"type":"if","locations":[{"start":{"line":1129,"column":4},"end":{"line":1131,"column":5}},{"start":{},"end":{}}],"line":1129},"6":{"loc":{"start":{"line":1145,"column":30},"end":{"line":1145,"column":53}},"type":"binary-expr","locations":[{"start":{"line":1145,"column":30},"end":{"line":1145,"column":47}},{"start":{"line":1145,"column":51},"end":{"line":1145,"column":53}}],"line":1145},"7":{"loc":{"start":{"line":1151,"column":6},"end":{"line":1154,"column":7}},"type":"if","locations":[{"start":{"line":1151,"column":6},"end":{"line":1154,"column":7}},{"start":{},"end":{}}],"line":1151},"8":{"loc":{"start":{"line":1157,"column":4},"end":{"line":1161,"column":5}},"type":"if","locations":[{"start":{"line":1157,"column":4},"end":{"line":1161,"column":5}},{"start":{"line":1159,"column":11},"end":{"line":1161,"column":5}}],"line":1157},"9":{"loc":{"start":{"line":1187,"column":4},"end":{"line":1190,"column":5}},"type":"if","locations":[{"start":{"line":1187,"column":4},"end":{"line":1190,"column":5}},{"start":{},"end":{}}],"line":1187},"10":{"loc":{"start":{"line":1218,"column":4},"end":{"line":1227,"column":5}},"type":"if","locations":[{"start":{"line":1218,"column":4},"end":{"line":1227,"column":5}},{"start":{},"end":{}}],"line":1218},"11":{"loc":{"start":{"line":1229,"column":4},"end":{"line":1238,"column":5}},"type":"if","locations":[{"start":{"line":1229,"column":4},"end":{"line":1238,"column":5}},{"start":{},"end":{}}],"line":1229},"12":{"loc":{"start":{"line":1250,"column":4},"end":{"line":1259,"column":5}},"type":"if","locations":[{"start":{"line":1250,"column":4},"end":{"line":1259,"column":5}},{"start":{},"end":{}}],"line":1250},"13":{"loc":{"start":{"line":1273,"column":4},"end":{"line":1282,"column":5}},"type":"if","locations":[{"start":{"line":1273,"column":4},"end":{"line":1282,"column":5}},{"start":{},"end":{}}],"line":1273},"14":{"loc":{"start":{"line":1284,"column":4},"end":{"line":1293,"column":5}},"type":"if","locations":[{"start":{"line":1284,"column":4},"end":{"line":1293,"column":5}},{"start":{},"end":{}}],"line":1284},"15":{"loc":{"start":{"line":1322,"column":4},"end":{"line":1325,"column":5}},"type":"if","locations":[{"start":{"line":1322,"column":4},"end":{"line":1325,"column":5}},{"start":{},"end":{}}],"line":1322},"16":{"loc":{"start":{"line":1329,"column":4},"end":{"line":1332,"column":5}},"type":"if","locations":[{"start":{"line":1329,"column":4},"end":{"line":1332,"column":5}},{"start":{},"end":{}}],"line":1329},"17":{"loc":{"start":{"line":1335,"column":4},"end":{"line":1338,"column":5}},"type":"if","locations":[{"start":{"line":1335,"column":4},"end":{"line":1338,"column":5}},{"start":{},"end":{}}],"line":1335},"18":{"loc":{"start":{"line":1377,"column":8},"end":{"line":1392,"column":9}},"type":"if","locations":[{"start":{"line":1377,"column":8},"end":{"line":1392,"column":9}},{"start":{},"end":{}}],"line":1377},"19":{"loc":{"start":{"line":1395,"column":8},"end":{"line":1410,"column":9}},"type":"if","locations":[{"start":{"line":1395,"column":8},"end":{"line":1410,"column":9}},{"start":{},"end":{}}],"line":1395},"20":{"loc":{"start":{"line":1419,"column":6},"end":{"line":1447,"column":7}},"type":"if","locations":[{"start":{"line":1419,"column":6},"end":
[...]
e":576,"column":2},"end":{"line":579,"column":3}},{"start":{},"end":{}}],"line":576}},"s":{"0":29,"1":20,"2":6,"3":3,"4":11,"5":11,"6":11,"7":11,"8":11,"9":11,"10":33,"11":33,"12":33,"13":33,"14":156,"15":33,"16":11,"17":11,"18":0,"19":0,"20":0,"21":0,"22":0,"23":0,"24":0,"25":0,"26":0,"27":0,"28":0,"29":0,"30":0,"31":0,"32":0,"33":0,"34":0,"35":0,"36":0,"37":0,"38":0,"39":0,"40":0,"41":0,"42":0,"43":0,"44":0,"45":0,"46":0,"47":0,"48":0,"49":0,"50":0,"51":0,"52":0,"53":0,"54":0,"55":0,"56":0,"57":0,"58":0,"59":0,"60":0,"61":0,"62":0,"63":0,"64":0,"65":0,"66":0,"67":0,"68":0,"69":0,"70":0,"71":0,"72":15,"73":15,"74":15,"75":44,"76":44,"77":132,"78":44,"79":44,"80":44,"81":13,"82":31,"83":95,"84":95,"85":25,"86":31,"87":95,"88":95,"89":31,"90":0,"91":31,"92":31,"93":31,"94":31,"95":31,"96":31,"97":31,"98":41,"99":57,"100":31,"101":29,"102":29,"103":36,"104":29,"105":29,"106":29,"107":29,"108":29,"109":31,"110":29,"111":31,"112":2,"113":15,"114":15,"115":15,"116":15,"117":15,"118":15,"119":15,"120":15,"121":45,"122":454,"123":45,"124":275,"125":82,"126":193,"127":42,"128":151,"129":45,"130":45,"131":139,"132":45,"133":15,"134":150,"135":15,"136":11,"137":34,"138":11,"139":31,"140":11,"141":11,"142":34,"143":34,"144":65,"145":11,"146":8,"147":8,"148":8,"149":8,"150":15,"151":15,"152":15,"153":15,"154":15,"155":33,"156":33,"157":104,"158":104,"159":30,"160":33,"161":14,"162":19,"163":174,"164":19,"165":174,"166":351,"167":117,"168":234,"169":63,"170":171,"171":19,"172":19,"173":0,"174":19,"175":19,"176":37,"177":37,"178":37,"179":0,"180":37,"181":37,"182":140,"183":210,"184":140,"185":316,"186":140,"187":28,"188":28,"189":28,"190":28,"191":28,"192":37,"193":9,"194":14,"195":27,"196":14,"197":4,"198":4,"199":4,"200":4,"201":19,"202":1,"203":15,"204":45,"205":45,"206":45,"207":179,"208":45,"209":15,"210":1,"211":13,"212":1,"213":1,"214":15,"215":15,"216":0,"217":0,"218":0,"219":0,"220":0,"221":0,"222":0,"223":0,"224":15,"225":15,"226":15,"227":15,"228":150,"229":253,"230":15,"231":75,"232":15,"233":2,"234":2,"235":13,"236":0,"237":0,"238":0,"239":0,"240":0,"241":0,"242":0,"243":0,"244":0,"245":0,"246":0},"f":{"0":29,"1":11,"2":33,"3":156,"4":0,"5":0,"6":0,"7":0,"8":0,"9":0,"10":0,"11":0,"12":0,"13":15,"14":132,"15":95,"16":95,"17":25,"18":95,"19":95,"20":41,"21":57,"22":36,"23":15,"24":45,"25":454,"26":275,"27":139,"28":150,"29":34,"30":31,"31":34,"32":65,"33":15,"34":104,"35":104,"36":30,"37":174,"38":174,"39":351,"40":210,"41":316,"42":27,"43":45,"44":179,"45":13,"46":1,"47":0,"48":0,"49":0,"50":15,"51":150,"52":253,"53":75,"54":0,"55":0,"56":0,"57":0},"b":{"0":[20,6,3],"1":[0,0],"2":[0,0],"3":[0,0],"4":[0,0],"5":[0,0],"6":[0,0],"7":[0,0],"8":[0,0],"9":[0,0],"10":[0,0],"11":[0,0],"12":[0,0],"13":[13,31],"14":[0,31],"15":[31,31],"16":[29,2],"17":[29,0],"18":[29,2],"19":[2,29],"20":[454,372],"21":[82,193],"22":[275,150],"23":[42,151],"24":[193,125],"25":[11,4],"26":[34,25],"27":[8,3],"28":[14,19],"29":[117,234],"30":[351,198],"31":[63,171],"32":[234,153],"33":[0,19],"34":[0,37],"35":[28,112],"36":[140,82],"37":[9,28],"38":[4,10],"39":[1,18],"40":[1,14],"41":[0,0],"42":[2,13]},"_coverageSchema":"1a1c01bbd47fc00a2c39e90264f33305004495a9","hash":"f0eac83e06a28239b7ae89949848256b32088fab"}
,"/home/runner/work/workout-native/workout-native/lib/workout-generator/exercise-selector.ts": {"path":"/home/runner/work/workout-native/workout-native/lib/workout-generator/exercise-selector.ts","statementMap":{"0":{"start":{"line":17,"column":2},"end":{"line":22,"column":4}},"1":{"start":{"line":19,"column":6},"end":{"line":21,"column":62}},"2":{"start":{"line":33,"column":2},"end":{"line":35,"column":4}},"3":{"start":{"line":34,"column":4},"end":{"line":34,"column":48}},"4":{"start":{"line":45,"column":2},"end":{"line":47,"column":4}},"5":{"start":{"line":46,"column":4},"end":{"line":46,"column":66}},"6":{"start":{"line":46,"column":40},"end":{"line":46,"column":65}},"7":{"start":{"line":57,"column":2},"end":{"line":59,"column":4}},"8":{"start":{"line":58,"column":4},"end":{"line":58,"column":45}},"9":{"start":{"line":71,"column":31},"end":{"line":71,"column":33}},"10":{"start":{"line":72,"column":29},"end":{"line":72,"column":74}},"11":{"start":{"line":74,"column":2},"end":{"line":95,"column":3}},"12":{"start":{"line":75,"column":28},"end":{"line":78,"column":5}},"13":{"start":{"line":81,"column":19},"end":{"line":85,"column":6}},"14":{"start":{"line":82,"column":6},"end":{"line":82,"column":53}},"15":{"start":{"line":82,"column":43},"end":{"line":82,"column":53}},"16":{"start":{"line":83,"column":6},"end":{"line":83,"column":52}},"17":{"start":{"line":83,"column":43},"end":{"line":83,"column":52}},"18":{"start":{"line":84,"column":6},"end":{"line":84,"column":15}},"19":{"start":{"line":88,"column":18},"end":{"line":88,"column":53}},"20":{"start":{"line":89,"column":4},"end":{"line":89,"column":28}},"21":{"start":{"line":92,"column":4},"end":{"line":94,"column":5}},"22":{"start":{"line":93,"column":6},"end":{"line":93,"column":12}},"23":{"start":{"line":97,"column":2},"end":{"line":97,"column":41}},"24":{"start":{"line":104,"column":2},"end":{"line":110,"column":5}},"25":{"start":{"line":106,"column":4},"end":{"line":106,"column":51}},"26":{"start":{"line":106,"column":41},"end":{"line":106,"column":51}},"27":{"start":{"line":107,"column":4},"end":{"line":107,"column":50}},"28":{"start":{"line":107,"column":41},"end":{"line":107,"column":50}},"29":{"start":{"line":109,"column":4},"end":{"line":109,"column":13}},"30":{"start":{"line":124,"column":30},"end":{"line":124,"column":87}},"31":{"start":{"line":127,"column":31},"end":{"line":127,"column":69}},"32":{"start":{"line":129,"column":31},"end":{"line":129,"column":33}},"33":{"start":{"line":132,"column":2},"end":{"line":143,"column":3}},"34":{"start":{"line":133,"column":28},"end":{"line":136,"column":5}},"35":{"start":{"line":139,"column":19},"end":{"line":139,"column":50}},"36":{"start":{"line":142,"column":4},"end":{"line":142,"column":41}},"37":{"start":{"line":145,"column":2},"end":{"line":145,"column":18}}},"fnMap":{"0":{"name":"filterExercisesByEquipment","decl":{"start":{"line":13,"column":16},"end":{"line":13,"column":42}},"loc":{"start":{"line":16,"column":14},"end":{"line":23,"column":1}},"line":16},"1":{"name":"(anonymous_1)","decl":{"start":{"line":18,"column":4},"end":{"line":18,"column":5}},"loc":{"start":{"line":19,"column":6},"end":{"line":21,"column":62}},"line":19},"2":{"name":"filterExercisesByMuscleGroup","decl":{"start":{"line":29,"column":16},"end":{"line":29,"column":44}},"loc":{"start":{"line":32,"column":14},"end":{"line":36,"column":1}},"line":32},"3":{"name":"(anonymous_3)","decl":{"start":{"line":33,"column":26},"end":{"line":33,"column":27}},"loc":{"start":{"line":34,"column":4},"end":{"line":34,"column":48}},"line":34},"4":{"name":"filterExercisesByMuscleGroups","decl":{"start":{"line":41,"column":16},"end":{"line":41,"column":45}},"loc":{"start":{"line":44,"column":14},"end":{"line":48,"column":1}},"line":44},"5":{"name":"(anonymous_5)","decl":{"start":{"line":45,"column":26},"end":{"line":45,"column":27}},"loc":{"start":{"line":46,"column":4},"end":{"line":46,"column":66}},"line":46},"6":{"name":"(anonymous_6)","decl":{"start":{"line":46,"column":32},"end":{"line":46,"column":33}},"loc":{"start":{"line":46,"column":40},"end":{"line":46,"column":65}},"line":46},"7":{"name":"filterExercisesByPrimaryMuscle","decl":{"start":{"line":53,"column":16},"end":{"line":53,"column":46}},"loc":{"start":{"line":56,"column":14},"end":{"line":60,"column":1}},"line":56},"8":{"name":"(anonymous_8)","decl":{"start":{"line":57,"column":26},"end":{"line":57,"column":27}},"loc":{"start":{"line":58,"column":4},"end":{"line":58,"column":45}},"line":58},"9":{"name":"selectExercisesForMuscles","decl":{"start":{"line":66,"column":16},"end":{"line":66,"column":41}},"loc":{"start":{"line":70,"column":14},"end":{"line":98,"column":1}},"line":70},"10":{"name":"(anonymous_10)","decl":{"start":{"line":81,"column":40},"end":{"line":81,"column":41}},"loc":{"start":{"line":81,"column":50},"end":{"line":85,"column":5}},"line":81},"11":{"name":"orderExercises","decl":{"start":{"line":103,"column":16},"end":{"line":103,"column":30}},"loc":{"start":{"line":103,"column":66},"end":{"line":111,"column":1}},"line":103},"12":{"name":"(anonymous_12)","decl":{"start":{"line":104,"column":29},"end":{"line":104,"column":30}},"loc":{"start":{"line":104,"column":39},"end":{"line":110,"column":3}},"line":104},"13":{"name":"selectInitialExercises","decl":{"start":{"line":118,"column":16},"end":{"line":118,"column":38}},"loc":{"start":{"line":122,"column":14},"end":{"line":146,"column":1}},"line":122}},"branchMap":{"0":{"loc":{"start":{"line":19,"column":6},"end":{"line":21,"column":62}},"type":"binary-expr","locations":[{"start":{"line":19,"column":6},"end":{"line":19,"column":50}},{"start":{"line":20,"column":6},"end":{"line":20,"column":42}},{"start":{"line":21,"column":6},"end":{"line":21,"column":62}}],"line":19},"1":{"loc":{"start":{"line":82,"column":6},"end":{"line":82,"column":53}},"type":"if","locations":[{"start":{"line":82,"column":6},"end":{"line":82,"column":53}},{"start":{},"end":{}}],"line":82},"2":{"loc":{"start":{"line":82,"column":10},"end":{"line":82,"column":41}},"type":"binary-expr","locations":[{"start":{"line":82,"column":10},"end":{"line":82,"column":23}},{"start":{"line":82,"column":27},"end":{"line":82,"column":41}}],"line":82},"3":{"loc":{"start":{"line":83,"column":6},"end":{"line":83,"column":52}},"type":"if","locations":[{"start":{"line":83,"column":6},"end":{"line":83,"column":52}},{"start":{},"end":{}}],"line":83},"4":{"loc":{"start":{"line":83,"column":10},"end":{"line":83,"column":41}},"type":"binary-expr","locations":[{"start":{"line":83,"column":10},"end":{"line":83,"column":24}},{"start":{"line":83,"column":28},"end":{"line":83,"column":41}}],"line":83},"5":{"loc":{"start":{"line":92,"column":4},"end":{"line":94,"column":5}},"type":"if","locations":[{"start":{"line":92,"column":4},"end":{"line":94,"column":5}},{"start":{},"end":{}}],"line":92},"6":{"loc":{"start":{"line":106,"column":4},"end":{"line":106,"column":51}},"type":"if","locations":[{"start":{"line":106,"column":4},"end":{"line":106,"column":51}},{"start":{},"end":{}}],"line":106},"7":{"loc":{"start":{"line":106,"column":8},"end":{"line":106,"column":39}},"type":"binary-expr","locations":[{"start":{"line":106,"column":8},"end":{"line":106,"column":21}},{"start":{"line":106,"column":25},"end":{"line":106,"column":39}}],"line":106},"8":{"loc":{"start":{"line":107,"column":4},"end":{"line":107,"column":50}},"type":"if","locations":[{"start":{"line":107,"column":4},"end":{"line":107,"column":50}},{"start":{},"end":{}}],"line":107},"9":{"loc":{"start":{"line":107,"column":8},"end":{"line":107,"column":39}},"type":"binary-expr","locations":[{"start":{"line":107,"column":8},"end":{"line":107,"column":22}},{"start":{"line":107,"column":26},"end":{"line":107,"column":39}}],"line":107}},"s":{"0":24,"1":324,"2":162,"3":1013,"4":4,"5":16,"6":19,"7":50,"8":677,"9":37,"10":37,"11":37,"12":158,"13":158,"14":289,"15":39,"16":250,"17":25,"18":225,"19":158,"20":158,"21":158,"22":31,"23":37,"24":127,"25":397,"26":79,"27":318,"28":29,"29":289,"30":9,"31":9,"32":9,"33":9,"34":46,"35":46,"36":46,"37":9},"f":{"0":24,"1":324,"2":162,"3":1013,"4":4,"5":16,"6":19,"7":50,"8":677,"9":37,"10":289,"11":127,"12":397,"13":9},"b":{"0":[324,229,229],"1":[39,250],"2":[289,264],"3":[25,225],"4":[250,25],"5":[31,127],"6":[79,318],"7":[397,323],"8":[29,289],"9":[318,74]},"_coverageSchema":"1a1c01bbd47fc00a2c39e90264f33305004495a9","hash":"71f291f589e2df80cb52613c99a6a7bde426c47e"}
,"/home/runner/work/workout-native/workout-native/lib/workout-generator/muscle-groups.ts": {"path":"/home/runner/work/workout-native/workout-native/lib/workout-generator/muscle-groups.ts","statementMap":{"0":{"start":{"line":22,"column":2},"end":{"line":32,"column":3}},"1":{"start":{"line":25,"column":6},"end":{"line":25,"column":25}},"2":{"start":{"line":27,"column":6},"end":{"line":27,"column":27}},"3":{"start":{"line":29,"column":6},"end":{"line":29,"column":30}},"4":{"start":{"line":31,"column":6},"end":{"line":31,"column":25}},"5":{"start":{"line":40,"column":20},"end":{"line":40,"column":43}},"6":{"start":{"line":42,"column":2},"end":{"line":51,"column":3}},"7":{"start":{"line":44,"column":6},"end":{"line":44,"column":44}},"8":{"start":{"line":46,"column":6},"end":{"line":46,"column":37}},"9":{"start":{"line":48,"column":6},"end":{"line":48,"column":39}},"10":{"start":{"line":50,"column":6},"end":{"line":50,"column":44}},"11":{"start":{"line":59,"column":19},"end":{"line":59,"column":52}},"12":{"start":{"line":60,"column":21},"end":{"line":60,"column":43}},"13":{"start":{"line":62,"column":2},"end":{"line":64,"column":5}},"14":{"start":{"line":63,"column":4},"end":{"line":63,"column":64}},"15":{"start":{"line":63,"column":40},"end":{"line":63,"column":62}},"16":{"start":{"line":67,"column":40},"end":{"line":67,"column":94}},"17":{"start":{"line":68,"column":2},"end":{"line":68,"column":57}},"18":{"start":{"line":68,"column":38},"end":{"line":68,"column":55}},"19":{"start":{"line":76,"column":38},"end":{"line":76,"column":40}},"20":{"start":{"line":77,"column":36},"end":{"line":83,"column":3}},"21":{"start":{"line":85,"column":2},"end":{"line":91,"column":3}},"22":{"start":{"line":85,"column":15},"end":{"line":85,"column":16}},"23":{"start":{"line":86,"column":4},"end":{"line":90,"column":7}},"24":{"start":{"line":93,"column":2},"end":{"line":93,"column":18}},"25":{"start":{"line":101,"column":2},"end":{"line":122,"column":4}},"26":{"start":{"line":132,"column":2},"end":{"line":158,"column":4}},"27":{"start":{"line":166,"column":2},"end":{"line":168,"column":3}},"28":{"start":{"line":167,"column":4},"end":{"line":167,"column":38}},"29":{"start":{"line":169,"column":2},"end":{"line":171,"column":3}},"30":{"start":{"line":170,"column":4},"end":{"line":170,"column":35}},"31":{"start":{"line":172,"column":2},"end":{"line":172,"column":26}},"32":{"start":{"line":186,"column":2},"end":{"line":196,"column":3}},"33":{"start":{"line":188,"column":6},"end":{"line":188,"column":24}},"34":{"start":{"line":189,"column":6},"end":{"line":189,"column":12}},"35":{"start":{"line":191,"column":6},"end":{"line":191,"column":24}},"36":{"start":{"line":192,"column":6},"end":{"line":192,"column":12}},"37":{"start":{"line":194,"column":6},"end":{"line":194,"column":24}},"38":{"start":{"line":195,"column":6},"end":{"line":195,"column":12}},"39":{"start":{"line":199,"column":21},"end":{"line":199,"column":63}},"40":{"start":{"line":200,"column":20},"end":{"line":200,"column":50}},"41":{"start":{"line":202,"column":35},"end":{"line":202,"column":37}},"42":{"start":{"line":203,"column":2},"end":{"line":206,"column":3}},"43":{"start":{"line":203,"column":15},"end":{"line":203,"column":16}},"44":{"start":{"line":205,"column":4},"end":{"line":205,"column":62}},"45":{"start":{"line":208,"column":2},"end":{"line":208,"column":24}}},"fnMap":{"0":{"name":"getSplitType","decl":{"start":{"line":21,"column":16},"end":{"line":21,"column":28}},"loc":{"start":{"line":21,"column":59},"end":{"line":33,"column":1}},"line":21},"1":{"name":"distributeMuscleGroups","decl":{"start":{"line":39,"column":16},"end":{"line":39,"column":38}},"loc":{"start":{"line":39,"column":77},"end":{"line":52,"column":1}},"line":39},"2":{"name":"getMuscleGroupsForFrequency","decl":{"start":{"line":58,"column":16},"end":{"line":58,"column":43}},"loc":{"start":{"line":58,"column":78},"end":{"line":69,"column":1}},"line":58},"3":{"name":"(anonymous_3)","decl":{"start":{"line":62,"column":19},"end":{"line":62,"column":20}},"loc":{"start":{"line":62,"column":32},"end":{"line":64,"column":3}},"line":62},"4":{"name":"(anonymous_4)","decl":{"start":{"line":63,"column":28},"end":{"line":63,"column":29}},"loc":{"start":{"line":63,"column":40},"end":{"line":63,"column":62}},"line":63},"5":{"name":"(anonymous_5)","decl":{"start":{"line":68,"column":31},"end":{"line":68,"column":32}},"loc":{"start":{"line":68,"column":38},"end":{"line":68,"column":55}},"line":68},"6":{"name":"createFullBodySplit","decl":{"start":{"line":75,"column":9},"end":{"line":75,"column":28}},"loc":{"start":{"line":75,"column":67},"end":{"line":94,"column":1}},"line":75},"7":{"name":"createUpperLowerSplit","decl":{"start":{"line":100,"column":9},"end":{"line":100,"column":30}},"loc":{"start":{"line":100,"column":52},"end":{"line":123,"column":1}},"line":100},"8":{"name":"createPushPullLegsSplit","decl":{"start":{"line":131,"column":9},"end":{"line":131,"column":32}},"loc":{"start":{"line":131,"column":54},"end":{"line":159,"column":1}},"line":131},"9":{"name":"getDayOfWeek","decl":{"start":{"line":165,"column":9},"end":{"line":165,"column":21}},"loc":{"start":{"line":165,"column":71},"end":{"line":173,"column":1}},"line":165},"10":{"name":"calculateSessionVolume","decl":{"start":{"line":179,"column":16},"end":{"line":179,"column":38}},"loc":{"start":{"line":182,"column":12},"end":{"line":209,"column":1}},"line":182}},"branchMap":{"0":{"loc":{"start":{"line":22,"column":2},"end":{"line":32,"column":3}},"type":"switch","locations":[{"start":{"line":23,"column":4},"end":{"line":23,"column":11}},{"start":{"line":24,"column":4},"end":{"line":25,"column":25}},{"start":{"line":26,"column":4},"end":{"line":27,"column":27}},{"start":{"line":28,"column":4},"end":{"line":29,"column":30}},{"start":{"line":30,"column":4},"end":{"line":31,"column":25}}],"line":22},"1":{"loc":{"start":{"line":42,"column":2},"end":{"line":51,"column":3}},"type":"switch","locations":[{"start":{"line":43,"column":4},"end":{"line":44,"column":44}},{"start":{"line":45,"column":4},"end":{"line":46,"column":37}},{"start":{"line":47,"column":4},"end":{"line":48,"column":39}},{"start":{"line":49,"column":4},"end":{"line":50,"column":44}}],"line":42},"2":{"loc":{"start":{"line":166,"column":2},"end":{"line":168,"column":3}},"type":"if","locations":[{"start":{"line":166,"column":2},"end":{"line":168,"column":3}},{"start":{},"end":{}}],"line":166},"3":{"loc":{"start":{"line":167,"column":11},"end":{"line":167,"column":37}},"type":"cond-expr","locations":[{"start":{"line":167,"column":32},"end":{"line":167,"column":33}},{"start":{"line":167,"column":36},"end":{"line":167,"column":37}}],"line":167},"4":{"loc":{"start":{"line":169,"column":2},"end":{"line":171,"column":3}},"type":"if","locations":[{"start":{"line":169,"column":2},"end":{"line":171,"column":3}},{"start":{},"end":{}}],"line":169},"5":{"loc":{"start":{"line":186,"column":2},"end":{"line":196,"column":3}},"type":"switch","locations":[{"start":{"line":187,"column":4},"end":{"line":189,"column":12}},{"start":{"line":190,"column":4},"end":{"line":192,"column":12}},{"start":{"line":193,"column":4},"end":{"line":195,"column":12}}],"line":186},"6":{"loc":{"start":{"line":205,"column":38},"end":{"line":205,"column":59}},"type":"cond-expr","locations":[{"start":{"line":205,"column":54},"end":{"line":205,"column":55}},{"start":{"line":205,"column":58},"end":{"line":205,"column":59}}],"line":205}},"s":{"0":63,"1":48,"2":10,"3":3,"4":2,"5":57,"6":57,"7":46,"8":9,"9":2,"10":0,"11":24,"12":24,"13":24,"14":73,"15":326,"16":24,"17":24,"18":144,"19":46,"20":46,"21":46,"22":46,"23":131,"24":46,"25":9,"26":2,"27":131,"28":14,"29":117,"30":117,"31":0,"32":5,"33":3,"34":3,"35":1,"36":1,"37":1,"38":1,"39":5,"40":5,"41":5,"42":5,"43":5,"44":16,"45":5},"f":{"0":63,"1":57,"2":24,"3":73,"4":326,"5":144,"6":46,"7":9,"8":2,"9":131,"10":5},"b":{"0":[8,48,10,3,2],"1":[46,9,2,0],"2":[14,117],"3":[7,7],"4":[117,0],"5":[3,1,1],"6":[4,12]},"_coverageSchema":"1a1c01bbd47fc00a2c39e90264f33305004495a9","hash":"008c206f489d4dcc064eb8ab8b710e6cf910bac7"}
,"/home/runner/work/workout-native/workout-native/lib/workout-generator/types.ts": {"path":"/home/runner/work/workout-native/workout-native/lib/workout-generator/types.ts","statementMap":{},"fnMap":{},"branchMap":{},"s":{},"f":{},"b":{}}
}
