TN:
SF:components/Calendar.tsx
FN:32,Calendar
FN:83,(anonymous_1)
FN:94,(anonymous_2)
FN:102,(anonymous_3)
FNF:4
FNH:4
FNDA:23,Calendar
FNDA:161,(anonymous_1)
FNDA:758,(anonymous_2)
FNDA:2,(anonymous_3)
DA:39,23
DA:40,23
DA:43,23
DA:46,23
DA:47,23
DA:48,23
DA:51,23
DA:54,23
DA:57,23
DA:58,23
DA:59,23
DA:61,23
DA:62,51
DA:63,51
DA:71,23
DA:72,707
DA:79,23
DA:84,161
DA:95,758
DA:96,758
DA:97,758
DA:99,758
DA:103,2
DA:104,1
LF:24
LH:24
BRDA:48,0,0,23
BRDA:48,0,1,9
BRDA:57,1,0,9
BRDA:57,1,1,14
BRDA:58,2,0,9
BRDA:58,2,1,14
BRDA:97,3,0,758
BRDA:97,3,1,315
BRDA:103,4,0,1
BRDA:103,4,1,1
BRDA:103,5,0,2
BRDA:103,5,1,2
BRDA:111,6,0,707
BRDA:111,6,1,51
BRDA:115,7,0,758
BRDA:115,7,1,9
BRDA:115,7,2,0
BRDA:117,8,0,758
BRDA:117,8,1,749
BRDA:117,8,2,23
BRDA:119,9,0,758
BRDA:119,9,1,735
BRDA:119,9,2,684
BRDA:128,10,0,758
BRDA:128,10,1,9
BRDA:128,10,2,0
BRDA:130,11,0,758
BRDA:130,11,1,749
BRDA:130,11,2,23
BRDA:132,12,0,758
BRDA:132,12,1,707
BRDA:132,12,2,684
BRDA:134,13,0,758
BRDA:134,13,1,51
BRF:34
BRH:32
end_of_record
TN:
SF:components/ExerciseCardWithActions.tsx
FN:33,ExerciseCardWithActions
FN:76,(anonymous_1)
FNF:2
FNH:1
FNDA:29,ExerciseCardWithActions
FNDA:0,(anonymous_1)
DA:41,29
DA:77,0
LF:2
LH:1
BRDA:38,0,0,29
BRDA:56,1,0,19
BRDA:56,1,1,10
BRDA:62,2,0,19
BRDA:62,2,1,10
BRDA:65,3,0,19
BRDA:65,3,1,10
BRDA:70,4,0,29
BRDA:70,4,1,1
BRDA:74,5,0,29
BRDA:74,5,1,0
BRDA:81,6,0,0
BRDA:81,6,1,0
BRDA:87,7,0,0
BRDA:87,7,1,0
BRDA:114,8,0,26
BRDA:114,8,1,3
BRDA:121,9,0,29
BRDA:121,9,1,3
BRDA:127,10,0,26
BRDA:127,10,1,3
BRF:21
BRH:16
end_of_record
TN:
SF:components/ExerciseListItem.tsx
FN:14,ExerciseListItem
FNF:1
FNH:1
FNDA:10,ExerciseListItem
DA:15,10
LF:1
LH:1
BRDA:31,0,0,10
BRDA:31,0,1,1
BRF:2
BRH:2
end_of_record
TN:
SF:components/ExercisePickerItem.tsx
FN:25,ExercisePickerItem
FN:66,(anonymous_1)
FNF:2
FNH:2
FNDA:54,ExercisePickerItem
FNDA:110,(anonymous_1)
DA:29,54
DA:67,110
LF:2
LH:2
BRDA:47,0,0,33
BRDA:47,0,1,21
BRDA:53,1,0,33
BRDA:53,1,1,21
BRDA:56,2,0,33
BRDA:56,2,1,21
BRDA:61,3,0,54
BRDA:61,3,1,1
BRDA:71,4,0,54
BRDA:71,4,1,56
BRDA:77,5,0,54
BRDA:77,5,1,56
BRDA:86,6,0,54
BRDA:86,6,1,33
BRF:14
BRH:14
end_of_record
TN:
SF:components/MuscleGroupSection.tsx
FN:35,MuscleGroupSection
FN:62,(anonymous_1)
FN:66,(anonymous_2)
FN:67,(anonymous_3)
FNF:4
FNH:4
FNDA:11,MuscleGroupSection
FNDA:19,(anonymous_1)
FNDA:1,(anonymous_2)
FNDA:1,(anonymous_3)
DA:45,11
DA:47,11
DA:63,19
DA:66,1
DA:67,1
LF:5
LH:5
BRDA:73,0,0,11
BRDA:73,0,1,10
BRF:2
BRH:2
end_of_record
TN:
SF:components/ProgressChart.tsx
FN:19,ProgressChart
FN:44,(anonymous_1)
FN:56,(anonymous_2)
FN:60,(anonymous_3)
FN:68,(anonymous_4)
FN:81,(anonymous_5)
FN:139,(anonymous_6)
FN:149,(anonymous_7)
FN:179,(anonymous_8)
FN:204,(anonymous_9)
FNF:10
FNH:10
FNDA:10,ProgressChart
FNDA:20,(anonymous_1)
FNDA:11,(anonymous_2)
FNDA:20,(anonymous_3)
FNDA:20,(anonymous_4)
FNDA:5,(anonymous_5)
FNDA:45,(anonymous_6)
FNDA:20,(anonymous_7)
FNDA:20,(anonymous_8)
FNDA:20,(anonymous_9)
DA:21,10
DA:22,1
DA:36,9
DA:37,9
DA:38,9
DA:40,9
DA:41,9
DA:44,20
DA:45,9
DA:46,9
DA:47,9
DA:50,9
DA:51,9
DA:52,9
DA:55,9
DA:56,11
DA:60,9
DA:61,20
DA:63,20
DA:64,20
DA:68,9
DA:69,20
DA:70,20
DA:75,9
DA:81,5
DA:83,9
DA:140,45
DA:150,20
DA:151,11
DA:154,11
DA:155,11
DA:156,11
DA:157,11
DA:160,11
DA:161,11
DA:164,11
DA:180,20
DA:205,20
LF:38
LH:38
BRDA:21,0,0,1
BRDA:21,0,1,9
BRDA:47,1,0,9
BRDA:47,1,1,3
BRDA:75,2,0,5
BRDA:75,2,1,4
BRDA:150,3,0,9
BRDA:150,3,1,11
BRF:8
BRH:8
end_of_record
TN:
SF:components/SessionCard.tsx
FN:17,SessionCard
FN:26,(anonymous_1)
FN:59,(anonymous_2)
FNF:3
FNH:3
FNDA:10,SessionCard
FNDA:3,(anonymous_1)
FNDA:4,(anonymous_2)
DA:18,10
DA:20,10
DA:21,10
DA:23,10
DA:26,3
DA:60,4
LF:6
LH:6
BRDA:21,0,0,1
BRDA:21,0,1,9
BRDA:45,1,0,2
BRDA:45,1,1,8
BRDA:57,2,0,10
BRDA:57,2,1,2
BRF:6
BRH:6
end_of_record
TN:
SF:components/SetTracker.tsx
FN:36,SetTracker
FN:50,(anonymous_1)
FN:53,(anonymous_2)
FN:64,(anonymous_3)
FN:77,(anonymous_4)
FN:89,(anonymous_5)
FN:95,(anonymous_6)
FN:100,(anonymous_7)
FN:105,(anonymous_8)
FN:106,(anonymous_9)
FN:113,(anonymous_10)
FN:114,(anonymous_11)
FN:120,(anonymous_12)
FN:140,(anonymous_13)
FN:141,(anonymous_14)
FN:142,(anonymous_15)
FN:156,(anonymous_16)
FN:157,(anonymous_17)
FN:196,(anonymous_18)
FN:219,(anonymous_19)
FN:237,(anonymous_20)
FN:260,(anonymous_21)
FN:283,(anonymous_22)
FN:311,(anonymous_23)
FNF:24
FNH:24
FNDA:105,SetTracker
FNDA:29,(anonymous_1)
FNDA:87,(anonymous_2)
FNDA:67,(anonymous_3)
FNDA:96,(anonymous_4)
FNDA:88,(anonymous_5)
FNDA:110,(anonymous_6)
FNDA:12,(anonymous_7)
FNDA:12,(anonymous_8)
FNDA:36,(anonymous_9)
FNDA:5,(anonymous_10)
FNDA:5,(anonymous_11)
FNDA:15,(anonymous_12)
FNDA:4,(anonymous_13)
FNDA:4,(anonymous_14)
FNDA:12,(anonymous_15)
FNDA:1,(anonymous_16)
FNDA:1,(anonymous_17)
FNDA:316,(anonymous_18)
FNDA:2,(anonymous_19)
FNDA:2,(anonymous_20)
FNDA:7,(anonymous_21)
FNDA:5,(anonymous_22)
FNDA:5,(anonymous_23)
DA:46,105
DA:50,105
DA:51,29
DA:53,87
DA:64,105
DA:65,67
DA:70,1
DA:71,66
DA:76,32
DA:77,96
DA:89,105
DA:90,88
DA:91,88
DA:95,110
DA:100,105
DA:105,12
DA:106,36
DA:113,105
DA:114,5
DA:115,5
DA:116,5
DA:117,0
DA:120,5
DA:121,15
DA:123,5
DA:124,10
DA:126,5
DA:132,5
DA:140,105
DA:141,4
DA:142,4
DA:143,12
DA:144,4
DA:145,4
DA:146,4
DA:148,8
DA:156,105
DA:157,1
DA:169,105
DA:197,316
DA:198,316
DA:199,316
DA:201,316
DA:219,2
DA:237,2
DA:261,7
DA:262,7
DA:284,5
DA:285,5
DA:311,5
LF:50
LH:49
BRDA:51,0,0,0
BRDA:51,0,1,29
BRDA:51,1,0,29
BRDA:51,1,1,0
BRDA:55,2,0,29
BRDA:55,2,1,58
BRDA:55,3,0,29
BRDA:55,3,1,12
BRDA:56,4,0,29
BRDA:56,4,1,58
BRDA:56,5,0,29
BRDA:56,5,1,12
BRDA:65,6,0,1
BRDA:65,6,1,66
BRDA:66,7,0,67
BRDA:66,7,1,35
BRDA:66,7,2,35
BRDA:71,8,0,32
BRDA:71,8,1,34
BRDA:72,9,0,66
BRDA:72,9,1,34
BRDA:72,9,2,0
BRDA:79,10,0,32
BRDA:79,10,1,64
BRDA:79,11,0,32
BRDA:79,11,1,12
BRDA:80,12,0,32
BRDA:80,12,1,64
BRDA:80,13,0,32
BRDA:80,13,1,12
BRDA:106,14,0,12
BRDA:106,14,1,24
BRDA:116,15,0,0
BRDA:116,15,1,5
BRDA:116,16,0,5
BRDA:116,16,1,5
BRDA:121,17,0,5
BRDA:121,17,1,10
BRDA:124,18,0,5
BRDA:124,18,1,5
BRDA:124,19,0,10
BRDA:124,19,1,5
BRDA:128,20,0,5
BRDA:128,20,1,5
BRDA:129,21,0,5
BRDA:129,21,1,5
BRDA:143,22,0,4
BRDA:143,22,1,8
BRDA:144,23,0,4
BRDA:144,23,1,1
BRDA:199,24,0,316
BRDA:199,24,1,206
BRDA:206,25,0,316
BRDA:206,25,1,5
BRDA:207,26,0,316
BRDA:207,26,1,105
BRDA:208,27,0,316
BRDA:208,27,1,206
BRDA:209,28,0,316
BRDA:209,28,1,211
BRDA:209,28,2,206
BRDA:209,28,3,0
BRDA:224,29,0,316
BRDA:224,29,1,5
BRDA:225,30,0,105
BRDA:225,30,1,211
BRDA:233,31,0,105
BRDA:233,31,1,211
BRDA:242,32,0,316
BRDA:242,32,1,5
BRDA:243,33,0,105
BRDA:243,33,1,211
BRDA:251,34,0,105
BRDA:251,34,1,211
BRDA:259,35,0,316
BRDA:259,35,1,232
BRDA:261,36,0,7
BRDA:261,36,1,0
BRDA:265,37,0,105
BRDA:265,37,1,211
BRDA:271,38,0,316
BRDA:271,38,1,5
BRDA:272,39,0,316
BRDA:272,39,1,105
BRDA:274,40,0,316
BRDA:274,40,1,206
BRDA:282,41,0,316
BRDA:282,41,1,240
BRDA:284,42,0,5
BRDA:284,42,1,0
BRDA:288,43,0,105
BRDA:288,43,1,211
BRDA:294,44,0,316
BRDA:294,44,1,5
BRDA:295,45,0,316
BRDA:295,45,1,105
BRDA:297,46,0,316
BRDA:297,46,1,206
BRDA:307,47,0,5
BRDA:307,47,1,311
BRDA:312,48,0,311
BRDA:312,48,1,79
BRDA:316,49,0,105
BRDA:316,49,1,206
BRDA:317,50,0,241
BRDA:317,50,1,70
BRDA:317,51,0,311
BRDA:317,51,1,79
BRDA:322,52,0,311
BRDA:322,52,1,79
BRDA:322,52,2,70
BRF:111
BRH:104
end_of_record
TN:
SF:components/WorkoutPlanCard.tsx
FN:16,WorkoutPlanCard
FNF:1
FNH:1
FNDA:6,WorkoutPlanCard
DA:17,6
DA:19,6
LF:2
LH:2
BRDA:17,0,0,1
BRDA:17,0,1,5
BRF:2
BRH:2
end_of_record
TN:
SF:components/ui/Button.tsx
FN:16,Button
FNF:1
FNH:1
FNDA:4,Button
DA:24,4
DA:26,4
DA:32,4
DA:38,4
DA:44,4
DA:50,4
LF:6
LH:6
BRDA:18,0,0,4
BRDA:19,1,0,4
BRDA:56,2,0,4
BRDA:56,2,1,1
BRF:4
BRH:4
end_of_record
TN:
SF:components/ui/EquipmentCard.tsx
FN:34,EquipmentCard
FNF:1
FNH:1
FNDA:30,EquipmentCard
DA:44,30
LF:1
LH:1
BRDA:41,0,0,30
BRDA:60,1,0,0
BRDA:60,1,1,30
BRDA:69,2,0,30
BRDA:69,2,1,0
BRDA:74,3,0,30
BRDA:74,3,1,0
BRDA:84,4,0,0
BRDA:84,4,1,30
BRDA:92,5,0,0
BRDA:92,5,1,30
BRF:11
BRH:6
end_of_record
TN:
SF:components/ui/FilterPill.tsx
FN:16,FilterPill
FNF:1
FNH:1
FNDA:70,FilterPill
DA:17,70
LF:1
LH:1
BRDA:22,0,0,0
BRDA:22,0,1,70
BRDA:30,1,0,0
BRDA:30,1,1,70
BRF:4
BRH:2
end_of_record
TN:
SF:components/ui/SelectionCard.tsx
FN:36,SelectionCard
FNF:1
FNH:1
FNDA:33,SelectionCard
DA:47,33
LF:1
LH:1
BRDA:44,0,0,32
BRDA:63,1,0,33
BRDA:63,1,1,3
BRDA:69,2,0,1
BRDA:69,2,1,32
BRDA:70,3,0,33
BRDA:70,3,1,3
BRDA:81,4,0,33
BRDA:81,4,1,3
BRDA:88,5,0,33
BRDA:88,5,1,21
BRDA:93,6,0,21
BRDA:93,6,1,0
BRDA:99,7,0,0
BRDA:99,7,1,21
BRDA:111,8,0,33
BRDA:111,8,1,3
BRDA:122,9,0,33
BRDA:122,9,1,3
BRF:19
BRH:17
end_of_record
TN:
SF:lib/wizard-context.tsx
FN:57,WizardProvider
FN:63,(anonymous_1)
FN:64,(anonymous_2)
FN:73,(anonymous_3)
FN:92,useWizard
FNF:5
FNH:5
FNDA:55,WizardProvider
FNDA:12,(anonymous_1)
FNDA:12,(anonymous_2)
FNDA:1,(anonymous_3)
FNDA:58,useWizard
DA:37,8
DA:40,8
DA:58,55
DA:63,55
DA:64,12
DA:73,55
DA:74,1
DA:77,55
DA:83,55
DA:93,58
DA:94,57
DA:95,2
DA:97,55
LF:13
LH:13
BRDA:94,0,0,2
BRDA:94,0,1,55
BRF:2
BRH:2
end_of_record
TN:
SF:lib/storage/preferences.ts
FN:28,getOnboardingCompleted
FN:45,setOnboardingCompleted
FN:65,getUnitPreference
FN:87,setUnitPreference
FN:104,getAllPreferences
FN:125,clearAllPreferences
FNF:6
FNH:6
FNDA:10,getOnboardingCompleted
FNDA:10,setOnboardingCompleted
FNDA:13,getUnitPreference
FNDA:11,setUnitPreference
FNDA:3,getAllPreferences
FNDA:2,clearAllPreferences
DA:9,1
DA:15,1
DA:29,10
DA:30,10
DA:31,10
DA:32,3
DA:34,7
DA:36,0
DA:37,0
DA:46,10
DA:47,10
DA:52,0
DA:53,0
DA:66,13
DA:67,13
DA:68,13
DA:69,4
DA:72,9
DA:73,9
DA:75,0
DA:76,0
DA:78,0
DA:79,0
DA:88,11
DA:89,11
DA:91,0
DA:92,0
DA:105,3
DA:106,3
DA:111,3
DA:116,0
DA:117,0
DA:126,2
DA:127,2
DA:131,2
DA:133,0
DA:134,0
LF:37
LH:23
BRDA:31,0,0,3
BRDA:31,0,1,7
BRDA:68,1,0,4
BRDA:68,1,1,9
BRDA:72,2,0,9
BRDA:72,2,1,0
BRDA:72,3,0,9
BRDA:72,3,1,6
BRF:8
BRH:7
end_of_record
TN:
SF:lib/storage/seed-data.ts
FN:1096,migrateExerciseMuscleGroups
FN:1110,(anonymous_1)
FN:1142,seedExercises
FN:1146,(anonymous_3)
FN:1175,seedTestWorkoutPlan
FN:1309,seedMockWorkoutHistory
FN:1468,(anonymous_6)
FNF:7
FNH:3
FNDA:7,migrateExerciseMuscleGroups
FNDA:0,(anonymous_1)
FNDA:7,seedExercises
FNDA:123,(anonymous_3)
FNDA:0,seedTestWorkoutPlan
FNDA:0,seedMockWorkoutHistory
FNDA:0,(anonymous_6)
DA:10,1
DA:1097,7
DA:1098,7
DA:1099,7
DA:1101,7
DA:1103,7
DA:1105,861
DA:1106,861
DA:1110,0
DA:1112,0
DA:1114,0
DA:1118,0
DA:1121,0
DA:1125,0
DA:1129,7
DA:1130,0
DA:1133,0
DA:1143,7
DA:1145,7
DA:1146,123
DA:1149,7
DA:1150,7
DA:1151,861
DA:1152,738
DA:1153,738
DA:1157,7
DA:1158,6
DA:1160,1
DA:1164,7
DA:1166,0
DA:1167,0
DA:1176,0
DA:1183,0
DA:1186,0
DA:1187,0
DA:1188,0
DA:1189,0
DA:1193,0
DA:1204,0
DA:1205,0
DA:1206,0
DA:1209,0
DA:1218,0
DA:1219,0
DA:1229,0
DA:1230,0
DA:1241,0
DA:1250,0
DA:1251,0
DA:1262,0
DA:1270,0
DA:1271,0
DA:1273,0
DA:1274,0
DA:1284,0
DA:1285,0
DA:1295,0
DA:1297,0
DA:1298,0
DA:1310,0
DA:1318,0
DA:1321,0
DA:1322,0
DA:1323,0
DA:1324,0
DA:1327,0
DA:1328,0
DA:1329,0
DA:1330,0
DA:1331,0
DA:1334,0
DA:1335,0
DA:1336,0
DA:1337,0
DA:1341,0
DA:1342,0
DA:1346,0
DA:1350,0
DA:1354,0
DA:1357,0
DA:1359,0
DA:1360,0
DA:1361,0
DA:1362,0
DA:1363,0
DA:1365,0
DA:1366,0
DA:1368,0
DA:1377,0
DA:1378,0
DA:1379,0
DA:1381,0
DA:1382,0
DA:1395,0
DA:1396,0
DA:1397,0
DA:1399,0
DA:1400,0
DA:1414,0
DA:1415,0
DA:1416,0
DA:1417,0
DA:1419,0
DA:1420,0
DA:1421,0
DA:1423,0
DA:1432,0
DA:1433,0
DA:1435,0
DA:1436,0
DA:1450,0
DA:1451,0
DA:1452,0
DA:1453,0
DA:1455,0
DA:1456,0
DA:1457,0
DA:1459,0
DA:1468,0
DA:1469,0
DA:1470,0
DA:1472,0
DA:1473,0
DA:1487,0
DA:1489,0
DA:1490,0
LF:126
LH:21
BRDA:1099,0,0,7
BRDA:1099,0,1,0
BRDA:1105,1,0,861
BRDA:1105,1,1,0
BRDA:1105,2,0,861
BRDA:1105,2,1,861
BRDA:1112,3,0,0
BRDA:1112,3,1,0
BRDA:1112,4,0,0
BRDA:1112,4,1,0
BRDA:1129,5,0,0
BRDA:1129,5,1,7
BRDA:1145,6,0,7
BRDA:1145,6,1,0
BRDA:1151,7,0,738
BRDA:1151,7,1,123
BRDA:1157,8,0,6
BRDA:1157,8,1,1
BRDA:1187,9,0,0
BRDA:1187,9,1,0
BRDA:1218,10,0,0
BRDA:1218,10,1,0
BRDA:1229,11,0,0
BRDA:1229,11,1,0
BRDA:1250,12,0,0
BRDA:1250,12,1,0
BRDA:1273,13,0,0
BRDA:1273,13,1,0
BRDA:1284,14,0,0
BRDA:1284,14,1,0
BRDA:1322,15,0,0
BRDA:1322,15,1,0
BRDA:1329,16,0,0
BRDA:1329,16,1,0
BRDA:1335,17,0,0
BRDA:1335,17,1,0
BRDA:1377,18,0,0
BRDA:1377,18,1,0
BRDA:1395,19,0,0
BRDA:1395,19,1,0
BRDA:1419,20,0,0
BRDA:1419,20,1,0
BRDA:1432,21,0,0
BRDA:1432,21,1,0
BRDA:1455,22,0,0
BRDA:1455,22,1,0
BRF:46
BRH:10
end_of_record
TN:
SF:lib/storage/storage.ts
FN:83,isStorageInitialized
FN:91,initStorage
FN:147,persistCache
FN:167,resetStorage
FN:190,ensureInitialized
FN:197,getNextId
FN:206,getAllExercises
FN:208,(anonymous_7)
FN:211,getExerciseById
FN:213,(anonymous_9)
FN:216,getExercisesByMuscleGroup
FN:219,(anonymous_11)
FN:220,(anonymous_12)
FN:223,getCompoundExercises
FN:226,(anonymous_14)
FN:227,(anonymous_15)
FN:230,insertExercise
FN:240,updateExercise
FN:242,(anonymous_18)
FN:254,getAllWorkoutPlans
FN:257,(anonymous_20)
FN:261,getActiveWorkoutPlan
FN:264,(anonymous_22)
FN:265,(anonymous_23)
FN:269,getWorkoutPlanById
FN:271,(anonymous_25)
FN:274,insertWorkoutPlan
FN:283,updateWorkoutPlanActiveStatus
FN:285,(anonymous_28)
FN:292,deactivateAllWorkoutPlans
FN:294,(anonymous_30)
FN:302,getSessionTemplatesByPlanId
FN:305,(anonymous_32)
FN:306,(anonymous_33)
FN:309,getSessionTemplateById
FN:311,(anonymous_35)
FN:314,insertSessionTemplate
FN:327,getExerciseTemplatesBySessionId
FN:330,(anonymous_38)
FN:331,(anonymous_39)
FN:334,insertExerciseTemplate
FN:347,getCompletedSessionsByPlanId
FN:350,(anonymous_42)
FN:351,(anonymous_43)
FN:354,getCompletedSessionById
FN:356,(anonymous_45)
FN:359,getCompletedSessionsByDateRange
FN:365,(anonymous_47)
FN:366,(anonymous_48)
FN:369,insertCompletedSession
FN:378,updateCompletedSession
FN:384,(anonymous_51)
FN:396,getInProgressSessionByPlanId
FN:399,(anonymous_53)
FN:400,(anonymous_54)
FN:407,hasAnyCompletedSets
FN:409,(anonymous_56)
FN:416,getInProgressSessionByTemplateId
FN:419,(anonymous_58)
FN:420,(anonymous_59)
FN:428,getCompletedSetsBySessionId
FN:431,(anonymous_61)
FN:432,(anonymous_62)
FN:435,getCompletedSetsByExerciseId
FN:438,(anonymous_64)
FN:439,(anonymous_65)
FN:442,getLastCompletedSetForExercise
FN:445,(anonymous_67)
FN:446,(anonymous_68)
FN:450,insertCompletedSet
FN:462,deleteCompletedSetsBySessionId
FN:464,(anonymous_71)
FN:476,getSessionWithExercises
FN:483,(anonymous_73)
FN:502,getCompletedSessionWithDetails
FNF:75
FNH:14
FNDA:0,isStorageInitialized
FNDA:22,initStorage
FNDA:760,persistCache
FNDA:22,resetStorage
FNDA:759,ensureInitialized
FNDA:738,getNextId
FNDA:19,getAllExercises
FNDA:9009,(anonymous_7)
FNDA:0,getExerciseById
FNDA:0,(anonymous_9)
FNDA:1,getExercisesByMuscleGroup
FNDA:123,(anonymous_11)
FNDA:63,(anonymous_12)
FNDA:1,getCompoundExercises
FNDA:123,(anonymous_14)
FNDA:360,(anonymous_15)
FNDA:738,insertExercise
FNDA:0,updateExercise
FNDA:0,(anonymous_18)
FNDA:0,getAllWorkoutPlans
FNDA:0,(anonymous_20)
FNDA:0,getActiveWorkoutPlan
FNDA:0,(anonymous_22)
FNDA:0,(anonymous_23)
FNDA:0,getWorkoutPlanById
FNDA:0,(anonymous_25)
FNDA:0,insertWorkoutPlan
FNDA:0,updateWorkoutPlanActiveStatus
FNDA:0,(anonymous_28)
FNDA:0,deactivateAllWorkoutPlans
FNDA:0,(anonymous_30)
FNDA:0,getSessionTemplatesByPlanId
FNDA:0,(anonymous_32)
FNDA:0,(anonymous_33)
FNDA:0,getSessionTemplateById
FNDA:0,(anonymous_35)
FNDA:0,insertSessionTemplate
FNDA:0,getExerciseTemplatesBySessionId
FNDA:0,(anonymous_38)
FNDA:0,(anonymous_39)
FNDA:0,insertExerciseTemplate
FNDA:0,getCompletedSessionsByPlanId
FNDA:0,(anonymous_42)
FNDA:0,(anonymous_43)
FNDA:0,getCompletedSessionById
FNDA:0,(anonymous_45)
FNDA:0,getCompletedSessionsByDateRange
FNDA:0,(anonymous_47)
FNDA:0,(anonymous_48)
FNDA:0,insertCompletedSession
FNDA:0,updateCompletedSession
FNDA:0,(anonymous_51)
FNDA:0,getInProgressSessionByPlanId
FNDA:0,(anonymous_53)
FNDA:0,(anonymous_54)
FNDA:0,hasAnyCompletedSets
FNDA:0,(anonymous_56)
FNDA:0,getInProgressSessionByTemplateId
FNDA:0,(anonymous_58)
FNDA:0,(anonymous_59)
FNDA:0,getCompletedSetsBySessionId
FNDA:0,(anonymous_61)
FNDA:0,(anonymous_62)
FNDA:0,getCompletedSetsByExerciseId
FNDA:0,(anonymous_64)
FNDA:0,(anonymous_65)
FNDA:0,getLastCompletedSetForExercise
FNDA:0,(anonymous_67)
FNDA:0,(anonymous_68)
FNDA:0,insertCompletedSet
FNDA:0,deleteCompletedSetsBySessionId
FNDA:0,(anonymous_71)
FNDA:0,getSessionWithExercises
FNDA:0,(anonymous_73)
FNDA:0,getCompletedSessionWithDetails
DA:28,4
DA:58,4
DA:84,0
DA:92,22
DA:93,21
DA:94,21
DA:97,1
DA:99,1
DA:109,1
DA:119,1
DA:120,1
DA:121,1
DA:122,1
DA:123,1
DA:124,1
DA:125,1
DA:136,1
DA:137,1
DA:139,0
DA:140,0
DA:148,760
DA:149,760
DA:159,0
DA:160,0
DA:168,22
DA:185,22
DA:186,22
DA:191,759
DA:192,0
DA:198,738
DA:199,738
DA:207,19
DA:208,9009
DA:212,0
DA:213,0
DA:217,1
DA:218,1
DA:219,123
DA:220,63
DA:224,1
DA:225,1
DA:226,123
DA:227,360
DA:231,738
DA:232,738
DA:233,738
DA:234,738
DA:236,738
DA:237,738
DA:241,0
DA:242,0
DA:243,0
DA:244,0
DA:246,0
DA:255,0
DA:256,0
DA:257,0
DA:262,0
DA:263,0
DA:264,0
DA:265,0
DA:266,0
DA:270,0
DA:271,0
DA:275,0
DA:276,0
DA:277,0
DA:278,0
DA:279,0
DA:280,0
DA:284,0
DA:285,0
DA:286,0
DA:287,0
DA:288,0
DA:293,0
DA:294,0
DA:295,0
DA:303,0
DA:304,0
DA:305,0
DA:306,0
DA:310,0
DA:311,0
DA:315,0
DA:316,0
DA:317,0
DA:318,0
DA:319,0
DA:320,0
DA:328,0
DA:329,0
DA:330,0
DA:331,0
DA:335,0
DA:336,0
DA:337,0
DA:338,0
DA:339,0
DA:340,0
DA:348,0
DA:349,0
DA:350,0
DA:351,0
DA:355,0
DA:356,0
DA:363,0
DA:364,0
DA:365,0
DA:366,0
DA:370,0
DA:371,0
DA:372,0
DA:373,0
DA:374,0
DA:375,0
DA:383,0
DA:384,0
DA:385,0
DA:386,0
DA:387,0
DA:388,0
DA:397,0
DA:398,0
DA:399,0
DA:400,0
DA:401,0
DA:408,0
DA:409,0
DA:417,0
DA:418,0
DA:419,0
DA:420,0
DA:421,0
DA:429,0
DA:430,0
DA:431,0
DA:432,0
DA:436,0
DA:437,0
DA:438,0
DA:439,0
DA:443,0
DA:444,0
DA:445,0
DA:446,0
DA:447,0
DA:451,0
DA:452,0
DA:453,0
DA:454,0
DA:455,0
DA:456,0
DA:463,0
DA:464,0
DA:465,0
DA:477,0
DA:479,0
DA:480,0
DA:482,0
DA:483,0
DA:484,0
DA:485,0
DA:491,0
DA:505,0
DA:507,0
DA:508,0
DA:510,0
DA:511,0
DA:513,0
LF:170
LH:41
BRDA:92,0,0,21
BRDA:92,0,1,1
BRDA:119,1,0,0
BRDA:119,1,1,1
BRDA:120,2,0,0
BRDA:120,2,1,1
BRDA:121,3,0,0
BRDA:121,3,1,1
BRDA:122,4,0,0
BRDA:122,4,1,1
BRDA:123,5,0,0
BRDA:123,5,1,1
BRDA:124,6,0,0
BRDA:124,6,1,1
BRDA:125,7,0,0
BRDA:125,7,1,1
BRDA:191,8,0,0
BRDA:191,8,1,759
BRDA:213,9,0,0
BRDA:213,9,1,0
BRDA:243,10,0,0
BRDA:243,10,1,0
BRDA:266,11,0,0
BRDA:266,11,1,0
BRDA:271,12,0,0
BRDA:271,12,1,0
BRDA:286,13,0,0
BRDA:286,13,1,0
BRDA:311,14,0,0
BRDA:311,14,1,0
BRDA:356,15,0,0
BRDA:356,15,1,0
BRDA:365,16,0,0
BRDA:365,16,1,0
BRDA:385,17,0,0
BRDA:385,17,1,0
BRDA:387,18,0,0
BRDA:387,18,1,0
BRDA:399,19,0,0
BRDA:399,19,1,0
BRDA:401,20,0,0
BRDA:401,20,1,0
BRDA:419,21,0,0
BRDA:419,21,1,0
BRDA:421,22,0,0
BRDA:421,22,1,0
BRDA:445,23,0,0
BRDA:445,23,1,0
BRDA:447,24,0,0
BRDA:447,24,1,0
BRDA:480,25,0,0
BRDA:480,25,1,0
BRDA:508,26,0,0
BRDA:508,26,1,0
BRF:54
BRH:10
end_of_record
TN:
SF:lib/storage/types.ts
FNF:0
FNH:0
LF:0
LH:0
BRF:0
BRH:0
end_of_record
TN:
SF:lib/utils/alert.ts
FN:19,showAlert
FN:38,(anonymous_1)
FN:42,(anonymous_2)
FNF:3
FNH:0
FNDA:0,showAlert
FNDA:0,(anonymous_1)
FNDA:0,(anonymous_2)
DA:24,0
DA:26,0
DA:28,0
DA:29,0
DA:31,0
DA:32,0
DA:35,0
DA:36,0
DA:38,0
DA:39,0
DA:42,0
DA:43,0
DA:48,0
LF:13
LH:0
BRDA:24,0,0,0
BRDA:24,0,1,0
BRDA:26,1,0,0
BRDA:26,1,1,0
BRDA:26,2,0,0
BRDA:26,2,1,0
BRDA:28,3,0,0
BRDA:28,3,1,0
BRDA:29,4,0,0
BRDA:29,4,1,0
BRDA:31,5,0,0
BRDA:31,5,1,0
BRDA:35,6,0,0
BRDA:35,6,1,0
BRDA:36,7,0,0
BRDA:36,7,1,0
BRF:16
BRH:0
end_of_record
TN:
SF:lib/utils/cn.ts
FN:8,cn
FNF:1
FNH:1
FNDA:4459,cn
DA:9,4459
LF:1
LH:1
BRF:0
BRH:0
end_of_record
TN:
SF:lib/utils/date.ts
FN:11,getDaysInMonth
FN:21,getFirstDayOfMonth
FN:30,formatDateKey
FN:42,parseISOToDateKey
FNF:4
FNH:4
FNDA:51,getDaysInMonth
FNDA:27,getFirstDayOfMonth
FNDA:814,formatDateKey
FNDA:29,parseISOToDateKey
DA:12,51
DA:22,27
DA:31,814
DA:32,814
DA:33,814
DA:34,814
DA:43,29
DA:44,29
LF:8
LH:8
BRF:0
BRH:0
end_of_record
TN:
SF:lib/workout-generator/engine.ts
FN:30,getSetsRepsScheme
FN:47,generateWorkoutProgram
FN:65,(anonymous_2)
FN:79,(anonymous_3)
FN:112,buildBalancedRepetitionPool
FN:121,(anonymous_5)
FN:152,distributeRepetitionsToSessions
FN:172,(anonymous_7)
FN:173,(anonymous_8)
FN:174,(anonymous_9)
FN:195,(anonymous_10)
FN:199,(anonymous_11)
FN:213,(anonymous_12)
FN:235,rebalanceExercisesAcrossSessions
FN:247,(anonymous_14)
FN:258,(anonymous_15)
FN:259,(anonymous_16)
FN:260,(anonymous_17)
FN:263,(anonymous_18)
FN:264,(anonymous_19)
FN:281,(anonymous_20)
FN:282,(anonymous_21)
FN:289,(anonymous_22)
FN:319,generateWorkoutProgramFromCustomExercises
FN:340,(anonymous_24)
FN:343,(anonymous_25)
FN:349,(anonymous_26)
FN:357,(anonymous_27)
FN:364,(anonymous_28)
FN:369,(anonymous_29)
FN:371,(anonymous_30)
FN:377,(anonymous_31)
FN:380,(anonymous_32)
FN:393,(anonymous_33)
FN:415,(anonymous_34)
FN:416,(anonymous_35)
FN:417,(anonymous_36)
FN:424,(anonymous_37)
FN:426,(anonymous_38)
FN:427,(anonymous_39)
FN:454,(anonymous_40)
FN:457,(anonymous_41)
FN:471,(anonymous_42)
FN:489,(anonymous_43)
FN:495,(anonymous_44)
FN:515,(anonymous_45)
FN:519,(anonymous_46)
FN:539,extractExercisesFromProgram
FN:544,(anonymous_48)
FN:545,(anonymous_49)
FN:560,validateMuscleGroupCoverage
FN:568,(anonymous_51)
FN:569,(anonymous_52)
FN:573,(anonymous_53)
FN:588,saveWorkoutProgram
FN:601,(anonymous_55)
FN:611,(anonymous_56)
FN:626,(anonymous_57)
FNF:58
FNH:42
FNDA:29,getSetsRepsScheme
FNDA:11,generateWorkoutProgram
FNDA:33,(anonymous_2)
FNDA:156,(anonymous_3)
FNDA:0,buildBalancedRepetitionPool
FNDA:0,(anonymous_5)
FNDA:0,distributeRepetitionsToSessions
FNDA:0,(anonymous_7)
FNDA:0,(anonymous_8)
FNDA:0,(anonymous_9)
FNDA:0,(anonymous_10)
FNDA:0,(anonymous_11)
FNDA:0,(anonymous_12)
FNDA:15,rebalanceExercisesAcrossSessions
FNDA:132,(anonymous_14)
FNDA:95,(anonymous_15)
FNDA:95,(anonymous_16)
FNDA:25,(anonymous_17)
FNDA:95,(anonymous_18)
FNDA:95,(anonymous_19)
FNDA:41,(anonymous_20)
FNDA:57,(anonymous_21)
FNDA:36,(anonymous_22)
FNDA:15,generateWorkoutProgramFromCustomExercises
FNDA:45,(anonymous_24)
FNDA:454,(anonymous_25)
FNDA:275,(anonymous_26)
FNDA:139,(anonymous_27)
FNDA:150,(anonymous_28)
FNDA:34,(anonymous_29)
FNDA:31,(anonymous_30)
FNDA:34,(anonymous_31)
FNDA:65,(anonymous_32)
FNDA:15,(anonymous_33)
FNDA:104,(anonymous_34)
FNDA:104,(anonymous_35)
FNDA:30,(anonymous_36)
FNDA:174,(anonymous_37)
FNDA:174,(anonymous_38)
FNDA:351,(anonymous_39)
FNDA:210,(anonymous_40)
FNDA:316,(anonymous_41)
FNDA:27,(anonymous_42)
FNDA:45,(anonymous_43)
FNDA:179,(anonymous_44)
FNDA:13,(anonymous_45)
FNDA:1,(anonymous_46)
FNDA:0,extractExercisesFromProgram
FNDA:0,(anonymous_48)
FNDA:0,(anonymous_49)
FNDA:15,validateMuscleGroupCoverage
FNDA:150,(anonymous_51)
FNDA:253,(anonymous_52)
FNDA:75,(anonymous_53)
FNDA:0,saveWorkoutProgram
FNDA:0,(anonymous_55)
FNDA:0,(anonymous_56)
FNDA:0,(anonymous_57)
DA:33,29
DA:35,20
DA:37,6
DA:39,3
DA:50,11
DA:53,11
DA:56,11
DA:59,11
DA:62,11
DA:65,11
DA:67,33
DA:68,33
DA:75,33
DA:78,33
DA:79,156
DA:88,33
DA:97,11
DA:99,11
DA:117,0
DA:118,0
DA:121,0
DA:122,0
DA:126,0
DA:127,0
DA:128,0
DA:129,0
DA:132,0
DA:133,0
DA:134,0
DA:137,0
DA:140,0
DA:141,0
DA:145,0
DA:159,0
DA:160,0
DA:164,0
DA:165,0
DA:167,0
DA:168,0
DA:171,0
DA:172,0
DA:173,0
DA:174,0
DA:176,0
DA:178,0
DA:181,0
DA:184,0
DA:185,0
DA:186,0
DA:188,0
DA:189,0
DA:193,0
DA:194,0
DA:195,0
DA:196,0
DA:199,0
DA:201,0
DA:202,0
DA:203,0
DA:204,0
DA:205,0
DA:211,0
DA:212,0
DA:213,0
DA:215,0
DA:216,0
DA:217,0
DA:218,0
DA:225,0
DA:226,0
DA:240,15
DA:241,15
DA:243,15
DA:244,44
DA:247,132
DA:248,44
DA:249,44
DA:252,44
DA:253,13
DA:257,31
DA:258,95
DA:259,95
DA:260,25
DA:262,31
DA:263,95
DA:264,95
DA:266,31
DA:268,0
DA:271,31
DA:274,31
DA:275,31
DA:276,31
DA:277,31
DA:278,31
DA:281,31
DA:282,57
DA:285,31
DA:286,29
DA:289,36
DA:291,29
DA:293,29
DA:294,29
DA:295,29
DA:296,29
DA:301,31
DA:302,29
DA:307,31
DA:308,2
DA:323,15
DA:326,15
DA:329,15
DA:332,15
DA:335,15
DA:336,15
DA:337,15
DA:340,15
DA:342,45
DA:344,454
DA:349,45
DA:350,275
DA:351,193
DA:352,151
DA:356,45
DA:357,139
DA:359,45
DA:363,15
DA:364,150
DA:367,15
DA:369,34
DA:370,11
DA:371,31
DA:375,11
DA:377,11
DA:378,34
DA:379,34
DA:380,65
DA:385,11
DA:387,8
DA:388,8
DA:389,8
DA:392,8
DA:394,15
DA:403,15
DA:407,15
DA:408,15
DA:410,15
DA:411,33
DA:414,33
DA:415,104
DA:416,104
DA:417,30
DA:419,33
DA:420,14
DA:424,174
DA:425,19
DA:426,174
DA:429,351
DA:430,234
DA:431,171
DA:434,19
DA:436,19
DA:437,0
DA:440,19
DA:443,19
DA:444,37
DA:445,37
DA:447,37
DA:448,0
DA:452,37
DA:453,37
DA:454,140
DA:455,210
DA:457,316
DA:459,140
DA:460,28
DA:461,28
DA:462,28
DA:463,28
DA:464,28
DA:469,37
DA:470,9
DA:471,27
DA:472,14
DA:473,4
DA:474,4
DA:475,4
DA:476,4
DA:483,19
DA:484,1
DA:489,15
DA:490,45
DA:493,45
DA:494,45
DA:495,179
DA:504,45
DA:513,15
DA:514,1
DA:515,13
DA:517,1
DA:519,1
DA:524,15
DA:526,15
DA:540,0
DA:541,0
DA:544,0
DA:545,0
DA:547,0
DA:548,0
DA:549,0
DA:554,0
DA:564,15
DA:565,15
DA:566,15
DA:568,15
DA:569,253
DA:572,15
DA:573,75
DA:576,15
DA:577,2
DA:578,2
DA:581,13
DA:590,0
DA:601,0
DA:602,0
DA:611,0
DA:612,0
DA:623,0
DA:624,0
DA:625,0
DA:626,0
DA:627,0
DA:630,0
LF:232
LH:158
BRDA:33,0,0,20
BRDA:33,0,1,6
BRDA:33,0,2,3
BRDA:127,1,0,0
BRDA:127,1,1,0
BRDA:129,2,0,0
BRDA:129,2,1,0
BRDA:132,3,0,0
BRDA:132,3,1,0
BRDA:140,4,0,0
BRDA:140,4,1,0
BRDA:159,5,0,0
BRDA:159,5,1,0
BRDA:176,6,0,0
BRDA:176,6,1,0
BRDA:188,7,0,0
BRDA:188,7,1,0
BRDA:201,8,0,0
BRDA:201,8,1,0
BRDA:201,9,0,0
BRDA:201,9,1,0
BRDA:211,10,0,0
BRDA:211,10,1,0
BRDA:215,11,0,0
BRDA:215,11,1,0
BRDA:225,12,0,0
BRDA:225,12,1,0
BRDA:252,13,0,13
BRDA:252,13,1,31
BRDA:266,14,0,0
BRDA:266,14,1,31
BRDA:266,15,0,31
BRDA:266,15,1,31
BRDA:285,16,0,29
BRDA:285,16,1,2
BRDA:291,17,0,29
BRDA:291,17,1,0
BRDA:301,18,0,29
BRDA:301,18,1,2
BRDA:307,19,0,2
BRDA:307,19,1,29
BRDA:344,20,0,454
BRDA:344,20,1,372
BRDA:350,21,0,82
BRDA:350,21,1,193
BRDA:350,22,0,275
BRDA:350,22,1,150
BRDA:351,23,0,42
BRDA:351,23,1,151
BRDA:351,24,0,193
BRDA:351,24,1,125
BRDA:367,25,0,11
BRDA:367,25,1,4
BRDA:380,26,0,34
BRDA:380,26,1,25
BRDA:385,27,0,8
BRDA:385,27,1,3
BRDA:419,28,0,14
BRDA:419,28,1,19
BRDA:429,29,0,117
BRDA:429,29,1,234
BRDA:429,30,0,351
BRDA:429,30,1,198
BRDA:430,31,0,63
BRDA:430,31,1,171
BRDA:430,32,0,234
BRDA:430,32,1,153
BRDA:436,33,0,0
BRDA:436,33,1,19
BRDA:447,34,0,0
BRDA:447,34,1,37
BRDA:459,35,0,28
BRDA:459,35,1,112
BRDA:459,36,0,140
BRDA:459,36,1,82
BRDA:469,37,0,9
BRDA:469,37,1,28
BRDA:472,38,0,4
BRDA:472,38,1,10
BRDA:483,39,0,1
BRDA:483,39,1,18
BRDA:513,40,0,1
BRDA:513,40,1,14
BRDA:547,41,0,0
BRDA:547,41,1,0
BRDA:576,42,0,2
BRDA:576,42,1,13
BRF:87
BRH:57
end_of_record
TN:
SF:lib/workout-generator/exercise-selector.ts
FN:13,filterExercisesByEquipment
FN:18,(anonymous_1)
FN:29,filterExercisesByMuscleGroup
FN:33,(anonymous_3)
FN:41,filterExercisesByMuscleGroups
FN:45,(anonymous_5)
FN:46,(anonymous_6)
FN:53,filterExercisesByPrimaryMuscle
FN:57,(anonymous_8)
FN:66,selectExercisesForMuscles
FN:81,(anonymous_10)
FN:103,orderExercises
FN:104,(anonymous_12)
FN:118,selectInitialExercises
FNF:14
FNH:14
FNDA:24,filterExercisesByEquipment
FNDA:324,(anonymous_1)
FNDA:162,filterExercisesByMuscleGroup
FNDA:1013,(anonymous_3)
FNDA:4,filterExercisesByMuscleGroups
FNDA:16,(anonymous_5)
FNDA:19,(anonymous_6)
FNDA:50,filterExercisesByPrimaryMuscle
FNDA:677,(anonymous_8)
FNDA:37,selectExercisesForMuscles
FNDA:289,(anonymous_10)
FNDA:127,orderExercises
FNDA:397,(anonymous_12)
FNDA:9,selectInitialExercises
DA:17,24
DA:19,324
DA:33,162
DA:34,1013
DA:45,4
DA:46,19
DA:57,50
DA:58,677
DA:71,37
DA:72,37
DA:74,37
DA:75,158
DA:81,158
DA:82,289
DA:83,250
DA:84,225
DA:88,158
DA:89,158
DA:92,158
DA:93,31
DA:97,37
DA:104,127
DA:106,397
DA:107,318
DA:109,289
DA:124,9
DA:127,9
DA:129,9
DA:132,9
DA:133,46
DA:139,46
DA:142,46
DA:145,9
LF:33
LH:33
BRDA:19,0,0,324
BRDA:19,0,1,229
BRDA:19,0,2,229
BRDA:82,1,0,39
BRDA:82,1,1,250
BRDA:82,2,0,289
BRDA:82,2,1,264
BRDA:83,3,0,25
BRDA:83,3,1,225
BRDA:83,4,0,250
BRDA:83,4,1,25
BRDA:92,5,0,31
BRDA:92,5,1,127
BRDA:106,6,0,79
BRDA:106,6,1,318
BRDA:106,7,0,397
BRDA:106,7,1,323
BRDA:107,8,0,29
BRDA:107,8,1,289
BRDA:107,9,0,318
BRDA:107,9,1,74
BRF:21
BRH:21
end_of_record
TN:
SF:lib/workout-generator/muscle-groups.ts
FN:21,getSplitType
FN:39,distributeMuscleGroups
FN:58,getMuscleGroupsForFrequency
FN:62,(anonymous_3)
FN:63,(anonymous_4)
FN:68,(anonymous_5)
FN:75,createFullBodySplit
FN:100,createUpperLowerSplit
FN:131,createPushPullLegsSplit
FN:165,getDayOfWeek
FN:179,calculateSessionVolume
FNF:11
FNH:11
FNDA:63,getSplitType
FNDA:57,distributeMuscleGroups
FNDA:24,getMuscleGroupsForFrequency
FNDA:73,(anonymous_3)
FNDA:326,(anonymous_4)
FNDA:144,(anonymous_5)
FNDA:46,createFullBodySplit
FNDA:9,createUpperLowerSplit
FNDA:2,createPushPullLegsSplit
FNDA:131,getDayOfWeek
FNDA:5,calculateSessionVolume
DA:22,63
DA:25,48
DA:27,10
DA:29,3
DA:31,2
DA:40,57
DA:42,57
DA:44,46
DA:46,9
DA:48,2
DA:50,0
DA:59,24
DA:60,24
DA:62,24
DA:63,326
DA:67,24
DA:68,144
DA:76,46
DA:77,46
DA:85,46
DA:86,131
DA:93,46
DA:101,9
DA:132,2
DA:166,131
DA:167,14
DA:169,117
DA:170,117
DA:172,0
DA:186,5
DA:188,3
DA:189,3
DA:191,1
DA:192,1
DA:194,1
DA:195,1
DA:199,5
DA:200,5
DA:202,5
DA:203,5
DA:205,16
DA:208,5
LF:42
LH:40
BRDA:22,0,0,8
BRDA:22,0,1,48
BRDA:22,0,2,10
BRDA:22,0,3,3
BRDA:22,0,4,2
BRDA:42,1,0,46
BRDA:42,1,1,9
BRDA:42,1,2,2
BRDA:42,1,3,0
BRDA:166,2,0,14
BRDA:166,2,1,117
BRDA:167,3,0,7
BRDA:167,3,1,7
BRDA:169,4,0,117
BRDA:169,4,1,0
BRDA:186,5,0,3
BRDA:186,5,1,1
BRDA:186,5,2,1
BRDA:205,6,0,4
BRDA:205,6,1,12
BRF:20
BRH:18
end_of_record
TN:
SF:lib/workout-generator/types.ts
FNF:0
FNH:0
LF:0
LH:0
BRF:0
BRH:0
end_of_record
